2015-11-01T22:00:04+00:00,serverip,LETJB,52934,-9.246958,163.920300,440,87162,198.095455,I
2015-05-16T06:50:43+00:00,serverip,OBUUP,97777,-67.531771,-101.743913,564,97746,173.308511,A
2015-01-30T23:50:55+00:00,serverip,ZOTFE,43021,-77.265169,160.321099,833,54574,655.150060,Q
2015-10-12T11:48:55+00:00,serverip,WQZIX,85693,18.526316,83.307499,584,25932,44.404110,W
2015-12-24T18:21:10+00:00,serverip,WVAAQ,35270,6.391996,35.520778,507,66537,131.236686,T
2015-02-22T08:59:07+00:00,serverip,SLPCO,41560,6.983328,-27.055896,175,46639,266.508571,O
2015-04-07T02:41:01+00:00,serverip,LACCQ,21200,60.059139,71.435860,601,96769,161.013311,C
2015-12-11T21:44:07+00:00,serverip,FASOS,23609,-13.537732,-79.706259,305,73881,242.232787,B
2015-06-13T19:35:21+00:00,serverip,CTUYF,35029,-69.259823,51.454329,921,96664,104.955483,J
2015-08-26T09:14:11+00:00,serverip,BJXRQ,47691,-47.553566,-152.921597,387,61038,157.720930,N
2016-03-13T14:07:28+00:00,serverip,PHDTC,97712,37.577392,-97.719076,188,58728,312.382979,G
2015-05-06T22:39:30+00:00,serverip,KJHOM,13616,53.352258,83.167277,466,59591,127.877682,X
2015-01-21T05:32:22+00:00,serverip,LZFDV,69959,52.164081,-74.813525,951,8407,8.840168,A
2016-01-02T17:44:12+00:00,serverip,ELXFO,30172,-38.243868,-50.690808,563,45287,80.438721,A
2015-10-12T14:09:56+00:00,serverip,YUWNW,50920,61.366623,117.530319,952,90391,94.948529,I
2016-04-08T03:33:13+00:00,serverip,BDROL,20814,28.690562,16.180827,820,29471,359.402439,M
2015-05-13T21:54:39+00:00,serverip,ZSSMK,61541,-13.019255,101.371687,334,40664,121.748503,B
2015-10-27T07:49:27+00:00,serverip,VUOGS,52972,-0.424006,-58.018062,476,5194,10.911765,K
2015-04-27T00:29:36+00:00,serverip,SLDUP,36934,-88.427214,91.969277,113,60596,536.247788,J
2016-03-01T14:54:32+00:00,serverip,YCMKT,75914,-52.802991,6.776399,851,2886,3.391304,H
2015-07-08T07:02:04+00:00,serverip,ZHNHH,30965,-89.339966,-88.786730,209,99502,476.086124,L
2015-04-26T18:00:03+00:00,serverip,LVSOJ,70986,-69.107076,-81.378029,11,93586,8507.818182,L
2015-01-13T20:33:22+00:00,serverip,VWFBV,87483,89.636183,-105.558530,857,18548,21.642940,A
2016-02-01T11:57:04+00:00,serverip,RUMSM,34414,6.788326,-29.079148,787,96374,122.457433,S
2016-02-15T09:32:45+00:00,serverip,FFWYU,68917,-26.327348,130.164817,901,62662,69.547170,G
2015-12-24T01:38:57+00:00,serverip,ZYFKF,78085,2.852786,-119.197778,149,20613,138.342282,J
2015-04-29T03:05:19+00:00,serverip,WBMYR,74138,-46.468629,-107.689277,745,22913,307.557047,V
2015-03-13T03:06:56+00:00,serverip,QZMTK,91473,-31.551494,152.250961,196,18627,95.035714,E
2015-04-20T22:10:28+00:00,serverip,MYRLP,23743,79.488354,128.711683,745,84671,113.652349,D
2016-04-29T10:57:20+00:00,serverip,JAIOH,41272,-55.513388,2.308309,224,51349,229.236607,E
2016-04-05T19:19:22+00:00,serverip,BDTFY,52439,-68.543760,129.614416,402,71695,178.345771,X
2016-04-04T04:11:20+00:00,serverip,EECYC,38521,-77.388048,-136.259249,254,42726,168.212598,L
2015-06-25T05:51:07+00:00,serverip,ZZFGM,84732,-21.929144,146.526404,151,17569,116.350993,N
2015-11-26T12:09:39+00:00,serverip,CHKIN,72983,-60.148925,-162.781791,479,76428,159.557411,F
2016-02-07T08:48:35+00:00,serverip,OXGLZ,30532,-36.592632,30.571295,570,18758,32.908772,B
2015-03-01T13:58:59+00:00,serverip,ULROQ,79268,-55.343949,15.667462,219,27412,125.168950,E
2015-09-01T20:35:58+00:00,serverip,RQLAP,36344,66.010424,-152.726703,359,81827,227.930362,J
2015-04-07T02:44:33+00:00,serverip,OZVLJ,68048,-56.641833,66.097998,690,4133,5.989855,G
2015-07-31T09:35:49+00:00,serverip,TDQUQ,90284,46.343646,-40.182655,599,87730,146.460768,I
2016-03-15T13:35:54+00:00,serverip,PIXJY,22041,41.121956,101.898144,131,60535,462.099237,X
2015-08-18T20:32:09+00:00,serverip,VJSHL,28774,-49.508384,-113.112564,763,93868,123.024902,H
2015-08-09T12:49:33+00:00,serverip,SFIPP,15368,-84.230401,11.446981,622,8633,13.879421,M
2015-07-06T14:47:13+00:00,serverip,DBROB,82147,55.089347,155.608162,769,36869,47.944083,Z
2015-07-18T03:17:42+00:00,serverip,JGYAS,69741,72.543531,88.478537,535,13148,24.575701,D
2015-09-08T06:03:47+00:00,serverip,WNPND,50062,52.931407,153.331671,701,40474,57.737518,J
2015-06-22T15:26:17+00:00,serverip,ZAPUV,12655,25.210137,-159.131258,658,4021,6.110942,I
2015-08-22T23:53:38+00:00,serverip,UOVAA,69862,-89.258337,59.983301,527,13662,25.924099,A
2015-06-27T05:31:31+00:00,serverip,KUMAT,56213,35.352945,32.732334,564,24919,44.182624,E
2016-06-01T09:51:02+00:00,serverip,JMLTL,41010,89.725631,-61.670681,46,67935,1476.847826,I
2015-05-18T07:13:16+00:00,serverip,WAGZL,73731,-27.358556,10.770881,148,18931,127.912162,C
2015-09-21T10:06:58+00:00,serverip,QFEWZ,39327,-80.822198,66.960292,666,24581,36.908408,M
2015-07-20T20:27:29+00:00,serverip,WUKDJ,52956,-61.782938,-79.448700,864,35074,40.594907,B
2015-03-08T05:25:29+00:00,serverip,ONAWE,57877,-83.097258,-53.434588,639,59570,93.223787,P
2015-08-17T08:50:36+00:00,serverip,GAFMT,56111,-16.388389,105.677974,355,17198,48.445070,N
2016-06-02T05:25:29+00:00,serverip,KNFQJ,34678,-26.486162,50.258973,704,3919,5.566761,Q
2015-07-20T08:44:28+00:00,serverip,VDAHP,60558,-0.006210,89.559827,144,65925,457.812500,X
2015-05-23T13:16:45+00:00,serverip,OZHJN,41182,24.798080,-145.948495,169,72871,4311.893491,B
2016-02-13T22:33:59+00:00,serverip,OJKPC,16988,-86.977846,-106.437970,166,19772,119.108434,S
2016-02-15T20:29:29+00:00,serverip,HCGJF,77296,17.812570,-44.731046,952,63333,66.526261,A
2015-01-25T22:10:49+00:00,serverip,ASZCU,25491,-45.543174,-38.865356,280,72653,259.475000,Q
2016-02-20T21:58:05+00:00,serverip,YPUTQ,36583,20.520891,-54.565124,233,68638,294.583691,V
2016-03-29T09:25:51+00:00,serverip,VDBLW,90342,-9.868285,-117.153698,421,31407,74.600950,S
2015-10-11T22:09:41+00:00,serverip,SCMNZ,61647,-26.754696,-143.566007,67,54063,806.910448,C
2015-12-27T00:44:18+00:00,serverip,SSBYX,18277,57.889364,-13.925219,484,2739,5.659091,I
2016-05-09T14:39:52+00:00,serverip,CZTVT,99898,-72.546050,83.397723,633,20743,32.769352,L
2015-09-22T05:50:58+00:00,serverip,BSVTE,73701,-45.744539,-46.144987,126,93641,743.182540,K
2016-01-02T01:11:09+00:00,serverip,ZFFCM,66341,-34.219548,-96.573482,878,33197,37.809795,Y
2015-06-20T03:26:14+00:00,serverip,XUCWX,49868,-52.528504,-6.742555,539,92343,171.322820,F
2016-02-17T20:07:48+00:00,serverip,ZVHOV,41283,49.735766,24.194877,611,88655,145.098200,B
2015-03-14T17:04:17+00:00,serverip,UDOPM,47522,-85.643675,-179.598028,651,3927,6.032258,R
2016-02-12T09:17:20+00:00,serverip,BLHAE,23248,13.761182,44.381779,246,74354,302.252033,C
2016-01-06T07:55:51+00:00,serverip,JRFCA,60216,26.268307,-133.122533,117,33928,2899.829060,I
2015-09-27T07:24:49+00:00,serverip,ELZPI,61316,33.514550,134.731440,174,49741,285.867816,G
2015-04-09T04:31:13+00:00,serverip,QSTQU,84670,28.719141,138.108620,348,30293,87.048851,Y
2015-09-29T16:03:21+00:00,serverip,EEWNJ,12574,-60.864539,-22.672212,705,15476,21.951773,N
2015-05-06T04:39:05+00:00,serverip,FAXAT,80567,-24.590231,-141.790085,350,31694,90.554286,R
2016-01-11T04:16:29+00:00,serverip,LEJNK,64646,43.117814,-169.734926,493,45083,91.446247,J
2016-02-09T09:39:55+00:00,serverip,IMMHZ,94962,-59.621816,-51.951581,574,59114,102.986063,F
2016-05-02T19:34:16+00:00,serverip,ENNZS,16671,-69.013780,27.913782,579,91758,158.476684,X
2015-10-20T02:29:25+00:00,serverip,KOLHK,79655,-38.373327,13.093860,49,70546,1439.714286,K
2016-03-06T00:39:48+00:00,serverip,DSSIA,90032,68.137020,126.528482,515,98583,191.423301,L
2016-01-26T13:07:16+00:00,serverip,ZNSIH,30552,75.056745,-61.919246,954,52233,54.751572,R
2015-08-19T02:26:59+00:00,serverip,YIHSC,57204,38.591129,-2.452009,718,33962,47.300836,J
2015-09-07T22:01:18+00:00,serverip,RMSSU,70670,-0.837939,119.261131,342,32164,94.046784,L
2015-11-17T02:30:57+00:00,serverip,RKPXO,70224,-23.325177,-70.401127,687,22416,32.628821,U
2015-05-06T20:46:01+00:00,serverip,TFQKJ,35118,-64.249269,159.249320,778,81049,104.176093,K
2015-12-31T01:23:10+00:00,serverip,AFCEU,59117,61.876966,-24.959441,261,16142,61.846743,Q
2015-05-11T16:16:57+00:00,serverip,YTICP,83167,-64.091701,-56.975358,386,33987,88.049223,C
2015-04-06T02:52:21+00:00,serverip,ZCRWJ,44284,23.379678,-139.576581,380,35024,92.168421,S
2015-04-30T06:18:35+00:00,serverip,DULSL,98123,87.497909,-31.038879,132,98393,745.401515,Q
2015-09-30T05:21:43+00:00,serverip,EIPIR,16104,-50.078740,-83.123463,83,40462,487.493976,V
2015-04-18T21:44:37+00:00,serverip,ETUKN,66100,-73.688870,-35.651931,209,75235,3599.760766,K
2015-08-07T01:14:41+00:00,serverip,YVUKY,13745,-18.423306,-73.203289,147,20495,139.421769,V
2015-04-08T20:52:31+00:00,serverip,OCLIB,89604,-36.956678,-56.540066,401,71797,179.044888,E
2015-09-17T01:56:18+00:00,serverip,CGOFN,23755,-10.081329,-123.268388,540,68479,126.812963,C
2015-12-04T18:18:00+00:00,serverip,QPUUF,72101,4.727960,79.422188,232,30456,131.275862,Y
2015-08-28T21:55:29+00:00,serverip,BJJEF,48556,45.054335,-1.596311,325,16739,51.504615,P
2016-03-07T01:09:51+00:00,serverip,MNYOE,74913,-79.120953,-148.824579,316,36680,1160.759494,S
2015-09-24T03:13:18+00:00,serverip,ADQZU,21037,82.111982,103.915936,990,22890,23.121212,A
2015-12-10T04:36:16+00:00,serverip,RRASN,36914,-69.638616,-61.246832,886,11486,12.963883,W
2015-09-23T17:58:45+00:00,serverip,WQHRL,96895,0.448832,-40.485809,970,35267,36.357732,X
2016-03-11T10:31:02+00:00,serverip,DXHNF,86450,87.085413,144.396087,584,89915,153.964041,J
2015-06-22T08:19:35+00:00,serverip,TGATS,27025,50.692009,-104.396749,28,65452,2337.571429,S
2015-01-01T17:13:16+00:00,serverip,GFNRC,75887,58.302658,29.998351,362,48501,133.980663,J
2015-02-17T21:44:06+00:00,serverip,YEOSN,91125,32.412532,-133.212656,894,1138,1.272931,N
2015-05-21T16:04:33+00:00,serverip,QVTUQ,93029,32.306110,-61.375062,653,79473,121.704441,S
2015-10-30T15:51:01+00:00,serverip,YFSKO,43932,16.043337,4.820284,756,54452,72.026455,S
2015-02-06T21:52:34+00:00,serverip,LQOTP,17425,-51.581517,-48.618862,417,93321,223.791367,Z
2016-05-10T08:42:19+00:00,serverip,GWGTS,74394,-27.409784,165.496556,720,20020,27.805556,I
2016-02-08T03:41:27+00:00,serverip,EQLHH,52792,-39.218250,13.774577,413,99396,240.668281,I
2016-03-16T14:42:19+00:00,serverip,JLCUQ,36433,80.497630,-176.092277,282,84680,300.283688,F
2016-02-19T18:20:22+00:00,serverip,FYUYE,36539,-28.670134,121.149179,582,33247,57.125430,Q
2016-02-20T22:22:51+00:00,serverip,ANWIT,48114,53.958978,-14.294817,189,47883,253.349206,P
2015-06-10T03:28:02+00:00,serverip,NJLRI,89926,83.777445,35.461666,261,20190,77.356322,X
2015-03-30T16:32:11+00:00,serverip,YTTBB,23208,-15.478325,114.181257,738,78328,106.135501,E
2015-05-24T10:20:15+00:00,serverip,YUIUP,34752,-21.581857,139.699440,392,8706,22.209184,Q
2015-09-16T09:15:45+00:00,serverip,QBPAJ,70626,31.412160,-100.124248,239,65535,274.205021,L
2015-06-01T00:22:09+00:00,serverip,SLQYO,54803,40.000915,-47.395907,586,38467,656.433447,S
2015-10-04T14:40:38+00:00,serverip,QBMXF,37260,65.007636,-149.893196,270,77619,287.477778,F
2015-01-24T04:27:30+00:00,serverip,TLFKJ,35602,74.614244,-126.844979,437,89303,204.354691,U
2016-02-08T16:39:51+00:00,serverip,KSIRV,70677,78.741429,-136.046730,989,56922,575.551062,E
2015-06-20T18:33:49+00:00,serverip,YVLMG,61564,-58.325535,-126.248362,909,12678,13.947195,N
2015-12-19T06:43:21+00:00,serverip,VVWKM,90966,-56.310647,-104.085700,164,43792,267.024390,H
2016-04-11T10:32:55+00:00,serverip,FWNVU,27988,21.946092,-124.935403,382,47793,125.112565,H
2015-05-25T01:00:19+00:00,serverip,FSCOQ,69161,-20.705146,46.696378,223,76902,344.852018,C
2015-04-02T03:19:43+00:00,serverip,QDIPU,94628,-47.655306,125.881662,26,8971,345.038462,M
2016-01-12T07:37:41+00:00,serverip,PNNFB,95409,66.947117,83.019897,309,48012,155.378641,I
2016-03-14T01:43:26+00:00,serverip,YLHWH,32926,43.289840,47.231415,746,9573,12.832440,B
2015-12-07T12:21:41+00:00,serverip,CXACC,56514,-16.681306,-100.897698,780,47821,61.308974,D
2016-06-03T19:47:06+00:00,serverip,RFYVX,17100,14.634239,-29.673138,745,29466,39.551678,B
2015-08-06T14:34:48+00:00,serverip,WFCZZ,29213,62.539892,-85.950009,190,58273,306.700000,E
2015-09-06T08:58:36+00:00,serverip,KTKVM,57010,-46.220518,20.892051,859,18393,21.412107,Y
2016-05-22T16:56:02+00:00,serverip,MSVEB,13316,87.161435,179.764031,770,93702,121.690909,I
2016-03-20T16:45:24+00:00,serverip,HCGMS,33878,-70.840200,-128.619142,161,7283,45.236025,X
2015-12-25T20:39:29+00:00,serverip,MDRFP,40682,-23.092957,-163.043223,240,10341,43.087500,H
2015-09-07T02:32:17+00:00,serverip,EJYHD,99230,-75.543661,-67.455093,814,75247,92.441032,B
2015-01-10T00:24:37+00:00,serverip,PHPQE,25154,-60.161950,88.709958,611,23833,39.006547,Z
2016-01-03T21:31:35+00:00,serverip,MCYVA,17605,72.516794,-98.682856,443,64743,146.146727,B
2015-08-31T07:15:29+00:00,serverip,NZTQB,26506,62.399125,-5.599548,380,19301,50.792105,N
2015-01-28T22:02:29+00:00,serverip,GPTCR,53907,51.557501,-65.934560,394,17856,45.319797,Y
2015-03-01T07:45:45+00:00,serverip,ELXNX,61831,-76.577346,100.237004,147,30498,207.469388,H
2015-07-30T13:46:31+00:00,serverip,EXNXT,59556,-68.806601,168.538012,524,1569,2.994275,L
2016-04-07T07:45:43+00:00,serverip,ILATB,42038,25.212073,-99.583962,699,89098,127.464950,Z
2015-06-17T22:25:04+00:00,serverip,NYUBU,66252,-76.151024,-113.460218,611,67546,110.549918,Z
2015-07-14T00:03:01+00:00,serverip,KWVLE,66033,21.950369,-85.783574,360,81080,225.222222,Y
2016-03-11T21:46:26+00:00,serverip,KXNAI,76924,-4.439387,95.952151,739,92193,124.753721,Q
2016-03-07T16:31:38+00:00,serverip,ITJZU,53870,-3.784096,135.518684,96,38332,399.291667,A
2016-03-16T17:16:24+00:00,serverip,XQNPJ,66812,-69.769089,90.009263,607,87915,144.835255,I
2016-05-14T03:27:28+00:00,serverip,NXSLO,98474,19.768002,34.134773,629,19862,31.577107,F
2015-06-30T11:19:57+00:00,serverip,HJHUA,84974,31.316205,-158.095897,570,19167,33.626316,R
2015-02-23T02:47:29+00:00,serverip,JTWMJ,82446,0.950367,102.832575,233,81909,351.540773,N
2015-08-28T04:38:08+00:00,serverip,IPNNS,12278,30.982881,84.387095,399,15748,39.468672,S
2016-03-10T03:39:53+00:00,serverip,KGQCE,96773,-81.814691,-63.265025,779,20063,25.754814,H
2015-06-10T08:35:52+00:00,serverip,GOTII,33248,16.287575,-85.850310,319,26043,81.639498,R
2015-05-30T21:22:23+00:00,serverip,GGWJE,24390,33.030106,-162.467602,769,38470,50.026008,T
2015-08-22T04:34:17+00:00,serverip,MPYOP,45772,89.490009,147.097756,862,75864,88.009281,V
2015-09-14T16:47:07+00:00,serverip,NCNSM,57838,87.017575,152.809817,705,93496,132.618440,M
2015-07-27T08:27:52+00:00,serverip,VEDYZ,89501,-26.525209,16.788202,921,83345,90.494028,Z
2016-01-17T12:16:14+00:00,serverip,LBEXV,73350,-55.094143,75.806309,411,43013,104.654501,V
2015-06-11T01:46:37+00:00,serverip,UHRFP,88429,49.147386,-63.339977,40,84752,2118.800000,O
2015-09-19T04:33:53+00:00,serverip,VLQPY,28191,36.760123,-23.949498,509,73732,144.856582,T
2016-05-30T17:43:02+00:00,serverip,SQVBS,16306,36.368249,-58.643505,804,87337,108.628109,J
2015-11-02T01:33:52+00:00,serverip,ZAUDD,61774,-83.663441,24.182039,378,57138,151.158730,A
2016-05-11T12:26:01+00:00,serverip,ATVGT,93437,26.505274,70.120521,110,99586,905.327273,O
2015-10-09T11:30:07+00:00,serverip,MLWOQ,13474,-20.958566,38.701330,78,77376,992.000000,E
2015-11-12T21:59:18+00:00,serverip,QLKLP,22647,-45.144593,-63.194127,347,56617,163.161383,J
2015-09-04T21:38:12+00:00,serverip,ZJTQX,89274,85.533221,-59.326449,139,48427,3483.956835,S
2015-10-04T16:50:16+00:00,serverip,LQIOG,13566,-38.232350,6.914506,94,94380,1004.042553,P
2015-02-07T00:01:15+00:00,serverip,TEGHW,74808,74.636396,92.433591,748,76866,102.762032,M
2016-02-07T21:22:44+00:00,serverip,LTBVI,71439,-74.362461,-66.402371,32,61668,1927.125000,K
2015-01-09T20:24:58+00:00,serverip,HASRA,21067,-87.754524,-112.618166,599,49251,82.222037,S
2016-02-18T21:07:53+00:00,serverip,YFNYW,83926,-10.858665,-15.964898,141,33683,238.886525,K
2015-01-26T09:09:34+00:00,serverip,LKYNF,20792,31.122419,-100.196268,887,99653,1123.483653,W
2016-04-05T01:05:19+00:00,serverip,NMRAJ,73179,6.549575,-155.916985,717,22588,31.503487,X
2015-08-03T10:35:12+00:00,serverip,MNIYI,65903,77.376525,107.234623,277,8791,31.736462,R
2015-02-26T12:48:41+00:00,serverip,PMAWQ,17919,43.205096,23.360069,216,2456,11.370370,M
2015-01-06T13:17:07+00:00,serverip,QLPXM,56967,8.355200,-178.443640,716,67555,94.350559,S
2015-01-02T18:13:34+00:00,serverip,NTGJG,57284,-18.171842,92.155150,339,46567,137.365782,T
2015-05-27T02:29:26+00:00,serverip,YKJDB,58007,27.337650,-22.966209,113,91972,813.911504,M
2015-04-14T02:48:04+00:00,serverip,ZIPJI,51006,-68.329287,73.183440,976,5545,5.681352,R
2015-10-21T23:28:29+00:00,serverip,MSPPY,22210,-37.182061,147.011157,450,79203,176.006667,T
2015-09-07T07:20:38+00:00,serverip,AHUFK,68040,86.199949,156.742078,338,76300,225.739645,K
2016-05-26T18:38:46+00:00,serverip,GDJAT,45571,12.537525,123.184329,65,46973,722.661538,E
2015-03-01T17:09:13+00:00,serverip,EMJLZ,55392,-48.251816,-143.743760,129,84160,652.403101,S
2015-07-26T04:47:57+00:00,serverip,IKRKA,41984,62.475177,9.687823,104,15044,1446.538462,A
2015-03-12T20:05:22+00:00,serverip,PCGDX,84465,75.162034,60.888829,1000,85205,85.205000,L
2015-06-29T15:42:00+00:00,serverip,CSZPT,19555,-52.454173,-48.649590,974,22426,230.246407,G
2015-01-22T17:51:38+00:00,serverip,FTUVE,65902,-4.762710,-151.257341,236,48897,207.190678,L
2016-03-29T00:17:41+00:00,serverip,QRUWF,71789,-28.239002,-60.969159,359,74491,207.495822,E
2016-01-18T12:06:59+00:00,serverip,FIEYE,61632,-5.461355,-43.881816,260,57040,219.384615,H
2015-04-13T01:55:48+00:00,serverip,MNERZ,38092,-62.791308,88.784211,150,37008,246.720000,Y
2015-02-16T05:24:46+00:00,serverip,ZNVRN,41573,-75.287710,-124.543668,491,66246,134.920570,B
2015-08-22T12:23:19+00:00,serverip,BLFVO,58322,-73.140426,37.478329,990,37649,38.029293,E
2015-05-31T14:03:10+00:00,serverip,OHKGF,39556,61.753587,-10.800819,838,28319,33.793556,I
2016-02-09T03:20:11+00:00,serverip,SINPE,83491,-28.161721,130.042285,820,98642,120.295122,A
2015-07-01T05:12:25+00:00,serverip,ABGEW,22553,55.050047,-47.314943,348,18870,54.224138,Y
2015-03-13T14:46:54+00:00,serverip,OSLEK,33205,36.799189,77.892954,428,9433,22.039720,I
2016-02-27T14:51:11+00:00,serverip,EGUQJ,72161,81.947417,92.539043,944,53286,56.447034,H
2016-02-25T21:35:40+00:00,serverip,SWGOO,50364,24.054185,-59.526248,882,18703,21.205215,E
2016-03-09T17:43:37+00:00,serverip,VDOUD,47401,-66.096765,92.483675,623,65168,104.603531,M
2015-03-31T07:34:07+00:00,serverip,GASRY,90570,85.106748,-23.413209,593,52548,88.613828,U
2015-01-12T05:37:59+00:00,serverip,JSSLA,12351,28.818543,-164.021191,500,58302,1166.040000,H
2015-12-01T16:48:04+00:00,serverip,ADHWN,27296,46.864485,61.290295,868,10434,12.020737,U
2016-02-16T13:45:32+00:00,serverip,DJCFO,68859,-13.266636,111.760221,281,61562,219.081851,S
2015-06-16T20:53:50+00:00,serverip,EHPFH,71482,34.519680,-69.392183,571,95057,166.474606,F
2016-05-06T20:27:59+00:00,serverip,ZDZBY,14565,66.071156,-100.316898,742,78337,105.575472,L
2015-05-26T19:23:17+00:00,serverip,YTOEH,84590,-31.892340,145.957356,354,73991,209.014124,E
2015-10-04T19:12:52+00:00,serverip,AYOTZ,77236,38.631369,173.638079,996,28685,28.800201,F
2016-02-22T06:34:47+00:00,serverip,BVTYW,81121,-57.665259,-54.896138,799,52812,66.097622,O
2016-01-29T08:27:00+00:00,serverip,QEMWS,56443,-69.506163,146.479000,526,57806,109.897338,K
2015-05-25T11:04:16+00:00,serverip,TQHTL,96128,19.825194,152.441280,12,45031,3752.583333,R
2015-10-18T08:22:02+00:00,serverip,MWIQH,51580,59.084076,111.845948,260,94572,363.738462,T
2015-12-19T14:16:18+00:00,serverip,RAXPB,50004,56.598638,-154.620447,588,49586,84.329932,X
2015-02-01T04:23:03+00:00,serverip,DZTRW,11447,-43.659491,-103.845153,950,72959,76.798947,P
2016-04-29T00:27:47+00:00,serverip,JQXGY,21083,-38.604786,58.533028,516,37942,73.531008,H
2015-04-27T20:18:42+00:00,serverip,DITUG,56674,80.843496,89.471658,300,99337,331.123333,J
2015-02-07T08:08:02+00:00,serverip,AFYBR,97777,-32.240330,86.563969,479,49486,103.311065,Z
2015-08-09T22:27:45+00:00,serverip,LCXXX,48875,78.881728,114.043100,445,64893,145.826966,Z
2015-10-02T21:09:09+00:00,serverip,JXIMI,85416,-41.799695,49.333579,521,37945,72.831094,Y
2015-06-09T18:59:18+00:00,serverip,XZCUP,54087,-59.222326,168.002572,463,62707,135.436285,H
2015-10-18T11:30:47+00:00,serverip,YFICY,95943,42.623652,124.347412,76,96377,1268.118421,R
2016-04-27T07:28:51+00:00,serverip,EMEUD,99718,-13.346135,-43.455928,519,2835,5.462428,H
2015-01-01T20:20:20+00:00,serverip,YLLWX,95638,-12.333200,-148.090898,279,62442,223.806452,Z
2016-03-19T21:12:07+00:00,serverip,QOFTJ,40214,-29.757371,-32.241296,976,54971,56.322746,V
2016-02-10T10:37:33+00:00,serverip,COHDJ,89149,61.181032,-107.565483,482,9451,19.607884,J
2016-02-05T13:32:30+00:00,serverip,HBLHP,22709,40.650407,-90.857146,302,54174,179.384106,J
2015-12-16T01:52:58+00:00,serverip,LJLKX,42780,0.181290,113.160584,713,63613,89.218794,J
2015-12-08T21:10:14+00:00,serverip,TPXOB,27802,26.558528,-158.793173,898,66420,73.964365,E
2015-03-03T03:46:20+00:00,serverip,LZPFU,63242,81.370836,-39.956481,353,65153,184.569405,N
2016-05-01T13:54:52+00:00,serverip,DKVWG,74018,70.432390,102.900007,14,72161,51543.571429,Y
2015-07-24T02:00:20+00:00,serverip,JVPSS,46215,-18.304326,-134.703565,263,75962,288.828897,I
2015-11-12T18:55:32+00:00,serverip,HIHJB,35935,33.271615,105.112844,798,48669,60.988722,N
2016-05-19T19:31:31+00:00,serverip,JCQRB,56604,-45.371662,-67.489478,220,57747,262.486364,V
2015-07-12T20:32:33+00:00,serverip,FXLJS,37324,64.226745,94.657219,706,18611,26.361190,O
2015-06-04T05:22:23+00:00,serverip,IWTDG,81377,-66.269721,-117.329573,337,44845,133.071217,N
2016-01-06T05:40:57+00:00,serverip,XDXRP,59130,8.512856,27.399002,238,85500,359.243697,I
2015-09-28T04:18:35+00:00,serverip,BGOYU,38205,-67.842192,-163.006274,454,84374,185.845815,P
2015-03-15T14:38:02+00:00,serverip,XZWMU,50922,35.958662,38.371964,158,33000,208.860759,H
2015-02-17T01:08:30+00:00,serverip,XSATX,25011,60.854657,-86.670417,35,96547,2758.485714,F
2016-02-24T14:12:57+00:00,serverip,BCSQW,22355,21.356388,-107.613468,579,70766,122.221071,P
2016-02-05T23:30:28+00:00,serverip,ETDPS,34799,-45.204046,110.130149,272,38385,141.121324,N
2015-09-22T19:42:06+00:00,serverip,JHOFT,83994,4.575251,-101.092862,403,39229,97.342432,E
2015-05-03T14:56:58+00:00,serverip,KXJHY,15336,44.091941,-135.190684,719,61790,85.938804,M
2015-07-06T06:09:27+00:00,serverip,SGUJD,68568,-39.497101,-107.612140,395,98986,250.597468,G
2015-08-24T07:19:15+00:00,serverip,GDDEW,82302,-21.599843,-169.416853,950,49088,51.671579,M
2015-10-24T02:45:36+00:00,serverip,GXEND,12199,46.160966,-77.473925,297,59891,201.653199,Z
2016-04-30T04:47:31+00:00,serverip,DNEYI,32457,-68.903660,-77.439169,277,12927,46.667870,T
2015-07-15T22:01:10+00:00,serverip,AEKGH,64745,-57.979553,137.509530,702,85832,122.267806,U
2016-01-10T01:32:49+00:00,serverip,YJDEI,75332,-75.107509,-46.335890,955,70041,73.341361,P
2015-07-16T15:34:40+00:00,serverip,JWRCT,81720,-78.142398,-124.972770,213,17500,82.159624,G
2015-08-23T00:43:09+00:00,serverip,XELBJ,74148,-86.935519,-32.154321,537,2021,3.763501,L
2016-01-07T13:18:33+00:00,serverip,UBDGB,23521,-0.199492,-59.392481,927,72300,77.993528,H
2016-03-26T10:32:56+00:00,serverip,IMHAP,95968,37.887495,-179.799231,832,22588,27.149038,P
2015-07-09T03:30:13+00:00,serverip,MMZRR,88171,62.867032,43.722810,722,98173,135.973684,W
2016-01-06T11:11:57+00:00,serverip,BQYZA,59728,-13.040525,121.124537,544,13971,256.819853,N
2015-05-02T19:55:45+00:00,serverip,SSUGW,91309,20.890629,60.540033,591,48931,82.793570,N
2015-05-01T21:12:36+00:00,serverip,IYLLH,35302,-53.733369,66.915725,809,69818,86.301607,V
2016-03-12T11:04:52+00:00,serverip,SBNNT,29262,-21.121114,167.541932,955,34624,36.255497,E
2015-07-08T05:20:17+00:00,serverip,FHSVC,71828,-56.824470,26.190375,315,76521,242.923810,H
2016-03-07T01:47:30+00:00,serverip,FRVRZ,87447,0.565591,152.860543,504,70085,139.057540,H
2016-05-30T07:46:25+00:00,serverip,RQWGN,33247,65.327148,-100.781087,908,66991,73.778634,N
2015-09-07T12:05:56+00:00,serverip,NESFX,33116,84.108896,-91.168207,394,51165,129.860406,F
2015-10-24T17:25:13+00:00,serverip,ACKCA,27970,-39.528436,115.196392,345,32472,94.121739,S
2016-02-13T00:48:22+00:00,serverip,FGNTI,66680,-65.644984,160.165118,662,44990,67.960725,U
2015-02-20T05:03:52+00:00,serverip,AMEEM,28995,-54.709810,-49.012683,907,68342,75.349504,H
2016-05-11T00:02:37+00:00,serverip,DSAKM,71599,-59.660882,3.727333,301,11763,39.079734,S
2016-01-21T15:53:59+00:00,serverip,CPTJL,39422,25.667818,-43.052385,896,20009,22.331473,R
2015-07-15T19:09:43+00:00,serverip,FFURA,34031,-58.820949,-16.352613,49,99063,2021.693878,B
2015-07-03T22:11:12+00:00,serverip,ALCOC,28637,7.688017,-40.661552,72,24127,335.097222,S
2016-05-22T08:07:34+00:00,serverip,MVMLA,13299,-25.453317,-157.226914,671,94507,140.845007,S
2015-11-29T02:50:06+00:00,serverip,RRKGV,23025,-26.205723,-30.535659,763,83199,109.041940,U
2015-05-03T12:31:36+00:00,serverip,EJZCQ,79179,29.756144,59.673841,119,21975,184.663866,C
2015-10-07T19:18:07+00:00,serverip,OGPRE,44640,-45.313363,-63.900602,389,87049,223.776350,V
2015-07-01T16:22:29+00:00,serverip,ARUJM,41552,66.762499,-109.180236,194,34796,179.360825,C
2015-01-30T16:34:26+00:00,serverip,BXXKW,42802,0.028358,-58.373331,185,6691,36.167568,K
2015-05-04T15:35:36+00:00,serverip,HJDJM,89717,24.405676,151.653871,666,83600,1255.255255,Q
2016-02-03T01:31:37+00:00,serverip,ANYRQ,22182,84.104690,87.387657,327,72094,220.470948,O
2015-04-13T01:19:28+00:00,serverip,TRGVF,66838,-18.541448,-160.938509,433,46488,107.362587,Z
2015-05-10T18:45:41+00:00,serverip,XJMSL,72222,37.325843,178.767796,96,85391,889.489583,M
2015-04-10T14:35:01+00:00,serverip,APJTO,65515,-37.873834,-61.314425,900,27245,30.272222,V
2015-11-18T06:12:02+00:00,serverip,GXXWQ,14788,31.377133,6.531772,731,1910,2.612859,B
2015-01-12T15:12:33+00:00,serverip,SMUIB,66985,84.543321,46.848326,642,13853,21.577882,O
2015-11-14T19:11:52+00:00,serverip,EGYAX,82264,-0.430868,68.879777,373,70278,188.412869,C
2015-07-28T18:21:06+00:00,serverip,HJYJI,31619,46.861208,-100.030741,635,77086,121.395276,X
2016-03-14T02:54:00+00:00,serverip,FWTIV,79935,15.812600,-9.634134,601,96590,160.715474,A
2016-03-25T03:42:17+00:00,serverip,TIXTD,88864,-85.842939,-9.254779,970,69319,71.462887,O
2015-11-23T05:57:34+00:00,serverip,DKFQK,88022,26.853931,-65.662464,741,57247,77.256410,Z
2016-05-12T07:02:48+00:00,serverip,SCDBE,77461,19.057171,-82.335870,537,30109,56.068901,X
2015-08-03T11:11:09+00:00,serverip,HCWNB,67302,-30.278761,79.773078,502,97031,193.288845,V
2016-01-03T12:15:07+00:00,serverip,GZHJU,54983,70.033500,147.173101,200,61027,305.135000,C
2016-03-31T17:11:20+00:00,serverip,BMUYU,98246,-37.152474,-123.193404,884,57120,64.615385,S
2015-09-07T09:10:06+00:00,serverip,NATWS,72330,89.127085,141.226241,816,14391,17.636029,I
2015-10-19T07:24:00+00:00,serverip,QPLMR,12359,41.714228,61.197127,29,17738,611.655172,O
2015-07-28T06:58:54+00:00,serverip,CDDHV,36443,-42.499375,-128.677981,981,97335,99.220183,Y
2015-06-29T21:35:17+00:00,serverip,JFCMD,12278,-29.658818,111.022925,583,69961,120.001715,K
2015-06-22T17:42:28+00:00,serverip,NSJPW,30507,14.466666,-5.288692,458,37244,81.318777,P
2015-08-13T00:01:47+00:00,serverip,VVFWN,89519,-75.804848,-25.612634,195,28311,145.184615,A
2016-03-09T17:40:12+00:00,serverip,SNCKE,33702,42.101296,-176.597320,27,29105,1077.962963,G
2015-11-09T10:34:29+00:00,serverip,TQGTO,69986,-30.038266,-63.426285,678,81894,120.787611,A
2015-05-20T13:48:40+00:00,serverip,PGTQU,74204,45.056944,-89.511080,707,93185,131.803395,D
2015-04-17T19:14:35+00:00,serverip,IHWFO,20327,34.713238,-16.289105,459,96448,210.126362,G
2015-09-15T13:40:19+00:00,serverip,SJTAZ,29815,-42.320438,48.658631,106,80112,755.773585,Y
2016-04-24T03:41:30+00:00,serverip,JPAIV,88763,-43.654159,98.546627,828,5941,71.751208,X
2015-10-12T17:03:08+00:00,serverip,LTHVT,45821,31.310550,101.045565,420,27554,65.604762,P
2015-01-04T00:23:55+00:00,serverip,QQIUK,42547,-20.476695,-175.076776,243,74932,3083.621399,C
2015-08-26T09:11:15+00:00,serverip,ALHDV,41454,-22.459671,-168.022539,203,73667,3628.916256,P
2015-09-17T16:54:20+00:00,serverip,STPQG,81908,57.977773,101.148436,295,48225,163.474576,U
2015-05-23T17:34:08+00:00,serverip,UFSPT,62485,78.659304,-90.649123,167,76713,459.359281,D
2015-10-19T06:32:32+00:00,serverip,DQYHB,28227,78.034610,23.508165,367,7356,20.043597,R
2015-12-25T07:13:36+00:00,serverip,JPQNZ,97396,-73.163668,-105.727819,252,86198,342.055556,V
2015-08-31T21:20:31+00:00,serverip,ECDIU,17897,-22.148737,163.684495,619,62286,100.623586,B
2015-05-24T14:13:20+00:00,serverip,WJYZW,14399,26.223242,143.330472,120,14411,120.091667,H
2015-03-20T22:59:47+00:00,serverip,EKKAH,27261,44.278103,159.603938,689,14195,20.602322,F
2016-01-22T17:39:33+00:00,serverip,IWAXL,10087,19.990073,73.414039,157,7045,44.872611,P
2016-01-25T15:12:39+00:00,serverip,HHLUD,42942,70.990231,-134.852700,43,41154,957.069767,Y
2016-04-05T03:01:29+00:00,serverip,XPWUT,47625,-51.850181,-42.851732,655,55672,84.995420,B
2015-11-30T05:49:07+00:00,serverip,TYNPK,23277,-25.076551,155.340018,477,8822,18.494759,C
2015-12-04T12:43:13+00:00,serverip,XADFI,19600,75.926268,18.300339,525,65378,124.529524,E
2016-03-06T19:24:37+00:00,serverip,FVPYX,13697,39.626130,40.567284,675,33051,48.964444,N
2015-07-10T08:25:42+00:00,serverip,AIELI,89160,46.548725,-76.354013,514,60701,118.095331,R
2015-05-30T09:35:44+00:00,serverip,KCKWC,98943,-84.951461,-41.721236,77,53142,690.155844,K
2015-12-09T12:19:49+00:00,serverip,TEGLO,79343,-37.720275,-23.022503,43,59610,1386.279070,P
2015-04-24T00:46:14+00:00,serverip,XLANB,71612,69.741811,147.751476,684,15807,23.109649,C
2015-02-01T20:43:49+00:00,serverip,VIAPF,50783,4.833177,6.468659,577,18709,32.424610,L
2015-05-25T13:56:59+00:00,serverip,CRJZX,63022,-3.324344,-81.021730,529,57149,1080.321361,K
2015-04-23T16:37:39+00:00,serverip,BIUBX,52817,-68.947867,124.983514,690,41016,59.443478,C
2016-01-18T09:24:10+00:00,serverip,UFWHG,84153,-71.821320,23.948093,560,77684,138.721429,H
2015-12-05T14:55:07+00:00,serverip,DUMZR,73073,-81.255350,-48.953745,803,41904,52.184309,U
2015-01-12T15:23:12+00:00,serverip,YYMMJ,49745,-10.392284,63.238902,316,66702,211.082278,O
2016-02-17T21:22:46+00:00,serverip,SXZLS,35836,53.870189,152.193171,194,93095,479.871134,N
2015-03-19T01:32:21+00:00,serverip,WALGC,46778,84.702658,-150.642977,645,92066,142.737984,M
2015-11-26T02:26:17+00:00,serverip,LDRIT,24472,41.717425,166.702536,847,52619,62.123967,N
2015-12-06T01:24:26+00:00,serverip,WIQSW,78381,-79.819125,100.791549,115,35050,304.782609,N
2015-07-02T04:45:42+00:00,serverip,KQJEQ,43838,-58.736716,-56.050813,301,72210,239.900332,B
2016-01-20T06:00:39+00:00,serverip,TBEIW,70093,-12.214673,179.748414,139,84047,604.654676,O
2015-07-14T23:44:52+00:00,serverip,POLAY,49660,-70.095111,37.864114,895,11211,12.526257,T
2016-05-14T08:21:58+00:00,serverip,SSESI,96426,29.344760,112.136302,754,41054,54.448276,K
2015-01-10T10:57:20+00:00,serverip,WCXNU,28895,12.559943,31.455665,874,61910,70.835240,U
2015-05-20T11:12:58+00:00,serverip,OSBEL,18108,14.320306,-136.097086,156,51342,329.115385,S
2015-09-18T00:20:23+00:00,serverip,OLSYU,27873,-49.664237,13.586104,872,15195,17.425459,U
2015-12-23T20:40:43+00:00,serverip,GUYYQ,17771,-66.782895,-56.014921,137,53959,393.861314,I
2016-04-12T19:34:30+00:00,serverip,BSNKF,29407,67.918509,11.141038,717,24058,33.553696,S
2015-12-21T14:24:33+00:00,serverip,AMSFS,38800,36.128313,-13.744397,442,6006,13.588235,L
2016-04-20T06:55:27+00:00,serverip,SRICT,34066,9.733463,43.179042,316,51507,162.996835,P
2016-02-24T20:48:37+00:00,serverip,XTEUV,40007,-71.647144,-76.100257,701,75832,108.176890,V
2016-04-26T20:18:46+00:00,serverip,PEYRM,74933,-7.215450,-150.037844,580,27778,47.893103,H
2015-10-21T13:53:10+00:00,serverip,HWDBH,19726,-2.871158,-83.056649,292,8359,28.626712,K
2015-08-14T16:50:46+00:00,serverip,XONOW,51165,-37.056819,-69.806838,307,60027,195.527687,S
2015-10-27T01:16:24+00:00,serverip,CLKXK,74655,35.485106,-162.913870,692,48501,70.088150,G
2015-11-15T18:58:36+00:00,serverip,KLBNA,76164,-19.494111,-42.459605,761,5859,7.699080,S
2016-03-17T08:05:55+00:00,serverip,EYTIO,32904,46.672442,-12.832126,129,47029,364.565891,S
2015-03-07T00:02:34+00:00,serverip,GRWTS,28628,53.542732,164.593400,195,15998,82.041026,B
2016-04-19T13:24:16+00:00,serverip,XVWQX,68497,7.509314,-72.914007,987,96347,97.616008,J
2016-05-16T04:13:41+00:00,serverip,ULMLU,54875,43.043305,-1.929660,781,48619,62.252241,V
2015-09-08T16:19:39+00:00,serverip,TNUYY,87783,83.666690,-82.210173,976,26788,27.446721,O
2016-05-02T05:38:34+00:00,serverip,XEYCN,45538,58.885228,-105.403776,642,35199,54.827103,O
2015-12-07T01:22:52+00:00,serverip,QPYJM,10516,-10.463468,70.479488,892,50535,56.653587,B
2015-10-02T21:45:07+00:00,serverip,LEOBB,26245,-80.134569,-123.681966,266,75746,284.759398,S
2016-05-11T15:09:09+00:00,serverip,LNBDT,46893,23.279554,42.365709,378,48951,129.500000,N
2015-10-13T04:54:31+00:00,serverip,DXRVJ,28103,-21.067451,-143.515765,807,75884,94.032218,R
2015-03-29T19:32:12+00:00,serverip,LYTGK,34676,74.396976,90.398478,248,87743,3538.024194,C
2015-12-12T04:30:59+00:00,serverip,RBXHZ,14164,29.293467,-32.625625,208,5293,25.447115,N
2015-01-22T12:30:12+00:00,serverip,FOHUE,11169,86.330847,-12.177834,481,50052,104.058212,W
2016-01-04T14:43:59+00:00,serverip,BRIWV,63079,37.142971,-86.959756,16,63275,3954.687500,B
2015-07-31T23:51:32+00:00,serverip,KFBBA,91719,41.713293,-20.294782,128,2051,16.023438,V
2016-02-13T23:55:13+00:00,serverip,MLBDB,45969,51.289027,-126.841424,717,58984,82.264993,F
2015-07-18T21:16:41+00:00,serverip,XPDPZ,52617,-2.644762,-149.078043,330,17581,53.275758,V
2016-03-06T12:28:11+00:00,serverip,ULIFU,15520,-26.916922,-131.024483,460,37870,82.326087,J
2015-12-31T15:29:07+00:00,serverip,PWOXW,12670,47.646583,-33.021510,776,66799,860.811856,I
2015-07-10T15:05:06+00:00,serverip,LQDTT,29401,77.075877,-116.926007,35,27213,777.514286,D
2015-09-16T14:33:52+00:00,serverip,QTTKJ,65192,84.068080,-39.924197,383,78828,205.817232,U
2016-02-17T05:02:52+00:00,serverip,FZLWQ,85837,41.179089,111.479657,870,95179,109.401149,G
2015-04-28T08:24:29+00:00,serverip,OMLDM,75387,29.409125,78.332194,191,19802,103.675393,U
2015-04-06T13:27:02+00:00,serverip,XCQRS,68722,19.046005,43.414408,456,22504,49.350877,Z
2015-07-25T08:26:58+00:00,serverip,OJXOK,83877,-16.883934,154.907537,627,65959,105.197767,M
2016-03-15T05:53:00+00:00,serverip,KUPAU,16764,-11.947343,-12.611826,962,81143,84.348233,N
2015-06-01T08:21:45+00:00,serverip,VLDCW,52267,-40.349744,42.545831,80,34135,426.687500,M
2015-06-21T10:05:24+00:00,serverip,YSWUP,14936,51.105427,-15.140421,688,19224,27.941860,J
2015-09-24T16:04:46+00:00,serverip,HTQUR,63801,-69.378105,-3.551001,777,80089,103.074646,O
2015-08-25T01:15:01+00:00,serverip,INHWG,26142,-17.304928,17.297807,242,79618,329.000000,D
2015-08-19T07:07:52+00:00,serverip,JDGDE,40209,57.938119,-154.640218,621,43308,69.739130,R
2015-09-01T09:17:56+00:00,serverip,JEHOF,86976,87.106249,101.577630,792,81089,102.385101,H
2015-11-17T13:37:41+00:00,serverip,AGFDQ,14878,0.331898,95.764118,322,14980,46.521739,N
2015-12-05T10:49:55+00:00,serverip,YEECY,14565,15.467285,-67.166228,919,35851,39.010881,L
2015-01-28T21:27:30+00:00,serverip,TVYBK,22991,45.270921,-130.400021,928,76276,82.193966,P
2015-03-24T10:55:11+00:00,serverip,LRMVJ,88921,74.180415,58.712249,207,80429,3885.458937,A
2015-01-14T05:51:40+00:00,serverip,XNPXN,50181,79.879274,-98.636426,795,12754,16.042767,Y
2016-05-30T06:06:59+00:00,serverip,WLSJE,37926,-12.860680,44.778941,601,94699,157.569052,C
2016-01-21T02:03:13+00:00,serverip,FQFBU,52676,-33.161500,72.262423,788,12172,15.446701,I
2015-07-04T17:46:15+00:00,serverip,ILENS,12682,-7.295777,-14.422715,107,46245,432.196262,H
2016-03-10T10:00:00+00:00,serverip,MFPVB,16429,-1.635565,-37.807281,359,77315,2153.621170,T
2015-03-23T22:55:03+00:00,serverip,KWFGS,25664,-64.852797,38.166193,619,93903,151.701131,H
2016-05-14T01:42:10+00:00,serverip,NWQIX,91755,-41.497468,99.424897,642,26558,41.367601,K
2015-03-31T03:46:21+00:00,serverip,CDFXE,12633,-85.569004,86.438273,432,94029,217.659722,U
2016-05-02T09:59:33+00:00,serverip,FOVKG,12215,-26.692908,-43.893460,360,65999,183.330556,Y
2016-01-15T13:58:12+00:00,serverip,JVBKQ,42958,-46.071421,65.984385,558,79573,142.603943,M
2015-03-28T15:46:28+00:00,serverip,ZCOPS,66000,61.718670,71.617918,324,37031,114.293210,M
2015-05-16T13:12:59+00:00,serverip,KQEVR,56772,35.985957,-169.029913,865,48476,56.041618,T
2015-03-17T13:19:03+00:00,serverip,SFPEO,44898,35.873396,85.969769,296,81539,275.469595,A
2016-03-31T18:56:32+00:00,serverip,MVUVW,73443,14.709594,9.747100,759,98321,129.540184,T
2016-02-04T02:41:52+00:00,serverip,LEZGH,70419,1.158844,97.631215,16,46954,2934.625000,N
2016-01-04T23:44:14+00:00,serverip,VQCQS,87780,28.148430,-55.198357,855,95827,112.078363,P
2015-06-06T07:44:48+00:00,serverip,ZTWME,21939,-63.565446,133.472152,376,45965,122.247340,P
2015-10-11T12:58:32+00:00,serverip,QYVVM,29263,-12.009084,41.947995,546,52787,966.794872,Q
2016-05-23T01:51:32+00:00,serverip,YBSWX,56009,44.966703,-21.993816,595,60947,102.431933,H
2016-02-06T12:39:42+00:00,serverip,RQNGR,21128,-75.311891,-7.610165,378,42899,113.489418,C
2016-03-26T15:15:07+00:00,serverip,TXJRY,32345,-25.494118,-86.539771,448,94980,212.008929,Q
2016-05-23T06:51:48+00:00,serverip,BKJLP,92532,2.672647,101.352425,94,94387,1004.117021,W
2015-06-02T16:36:57+00:00,serverip,WQCQD,77684,87.470087,154.286734,269,98284,365.368030,A
2015-07-26T22:54:08+00:00,serverip,YMIOY,42346,82.556066,18.810973,733,32997,45.016371,E
2015-04-16T04:22:56+00:00,serverip,YFOXC,77087,87.511932,-173.051327,698,30984,44.389685,D
2015-06-15T03:38:37+00:00,serverip,AIMFG,17446,32.719601,-44.112778,82,7726,94.219512,Z
2016-03-02T07:15:03+00:00,serverip,YBBSY,15538,24.822362,89.144038,170,79836,469.623529,A
2015-02-05T23:44:36+00:00,serverip,AEJCA,65836,-60.733837,-118.969929,592,83796,141.547297,T
2015-12-03T11:30:13+00:00,serverip,SOMJK,29849,18.262926,128.307921,148,81551,551.020270,Y
2016-03-08T04:55:13+00:00,serverip,JHCCT,57485,65.539821,0.529335,928,74061,79.807112,S
2016-04-10T06:54:08+00:00,serverip,KJWOY,11621,12.777864,-54.527493,884,89217,100.924208,K
2015-06-01T03:47:05+00:00,serverip,TWAAM,22074,18.426761,-109.262077,833,86818,104.223289,L
2015-07-02T16:33:10+00:00,serverip,MTNEX,66485,-39.269676,11.457579,547,27312,49.930530,N
2016-01-05T08:17:55+00:00,serverip,KDYLJ,43153,84.799772,-12.058345,772,35406,45.862694,B
2015-01-06T14:06:37+00:00,serverip,ZCZXH,98873,-68.442856,-83.656875,873,75525,86.512027,A
2016-04-17T17:38:12+00:00,serverip,EHQFC,76260,-33.957371,-37.668444,124,54650,440.725806,Q
2015-05-05T11:34:54+00:00,serverip,SEWYT,77685,77.834381,-102.558010,419,83529,199.353222,X
2016-05-20T16:37:48+00:00,serverip,JWUEL,84995,70.636048,117.097379,704,53149,75.495739,J
2015-10-29T00:21:00+00:00,serverip,IJENK,48306,9.217214,162.753947,457,95337,208.614880,W
2016-03-18T09:00:40+00:00,serverip,IHLJU,80051,-36.649929,76.338848,841,61847,73.539834,J
2016-04-08T03:42:11+00:00,serverip,VUHWG,62373,-38.097085,-6.740546,722,69173,95.807479,C
2015-10-07T13:17:45+00:00,serverip,BUSRH,59934,1.109930,-166.321908,929,86463,93.071044,N
2015-09-06T14:04:49+00:00,serverip,PBMYT,35781,-26.090443,-85.314400,260,61690,237.269231,S
2015-06-03T01:51:25+00:00,serverip,RXLDP,48552,71.325155,76.634543,319,4744,14.871473,P
2015-08-19T16:57:09+00:00,serverip,PHWAT,22697,15.049280,-39.754042,453,44423,98.064018,M
2015-11-12T00:36:50+00:00,serverip,NKKEZ,94080,-69.203504,-157.407009,72,52983,735.875000,P
2015-12-26T23:16:46+00:00,serverip,IBQUV,17221,47.910542,154.847070,554,18522,33.433213,O
2015-11-21T01:39:08+00:00,serverip,OFQWC,22460,78.302956,-96.307234,55,74298,1350.872727,Y
2016-03-09T16:31:06+00:00,serverip,UCIOI,40822,-30.749114,78.519851,813,79998,983.985240,X
2015-04-21T04:59:00+00:00,serverip,CXFLM,68190,53.899977,-3.724728,631,79649,126.226624,W
2015-06-15T21:32:33+00:00,serverip,CTWDH,13146,-58.459808,96.328516,281,33783,120.224199,H
2015-09-22T09:36:14+00:00,serverip,OVNSM,98498,-89.840951,-138.991317,198,16800,84.848485,C
2015-08-21T12:42:57+00:00,serverip,SBTEL,28273,7.482041,-123.538868,912,75824,83.140351,B
2015-12-23T22:54:08+00:00,serverip,ETGHO,36113,2.987142,-29.009216,325,80318,247.132308,V
2015-02-01T00:37:45+00:00,serverip,PBYQN,66596,10.361386,-154.203739,577,24616,42.662045,H
2016-05-04T05:53:52+00:00,serverip,VWMML,88887,-17.266960,174.067299,35,77796,2222.742857,J
2016-05-06T06:06:58+00:00,serverip,HHOBN,97195,-2.847994,-60.860736,759,77217,101.735178,L
2015-01-20T19:21:47+00:00,serverip,WGXCX,82799,33.535900,-25.295825,300,39681,132.270000,Y
2015-12-20T16:01:04+00:00,serverip,KATQP,34718,-77.241458,79.285202,529,76624,144.846881,Z
2016-04-16T09:38:04+00:00,serverip,TZOUZ,29000,-63.348450,155.877843,831,48360,58.194946,Q
2016-04-02T14:17:17+00:00,serverip,NVRCP,63099,-36.665769,162.771311,291,19252,66.158076,Y
2015-08-20T23:46:41+00:00,serverip,VWROH,60227,26.918104,100.582104,986,25006,25.361055,S
2015-11-01T17:33:08+00:00,serverip,WENEK,51334,33.395815,104.269153,792,76655,96.786616,D
2016-05-17T09:35:01+00:00,serverip,MYINZ,35136,83.340110,-122.492157,104,72551,697.605769,V
2015-12-02T08:45:51+00:00,serverip,RLNMB,21393,64.979201,175.917057,117,6002,51.299145,E
2015-03-27T21:14:06+00:00,serverip,LLEND,96148,-17.206990,-124.129565,404,75250,186.262376,M
2015-05-21T12:05:32+00:00,serverip,UTBQR,44445,45.359010,114.702873,672,55638,82.794643,E
2016-05-03T19:09:41+00:00,serverip,TRWTB,63549,60.264879,179.632990,827,23197,28.049577,V
2015-09-15T17:27:58+00:00,serverip,IYYAA,82729,10.380758,-127.385668,594,73141,123.132997,B
2016-03-17T14:05:43+00:00,serverip,MRAJF,99910,48.579625,168.606605,68,48532,7137.058824,L
2016-02-10T12:55:11+00:00,serverip,UXUHJ,51444,46.635207,62.673057,720,45184,62.755556,E
2015-10-24T05:42:11+00:00,serverip,WEPHZ,71361,-34.343662,160.268226,410,93324,227.619512,R
2015-05-26T23:33:26+00:00,serverip,SGSDD,98223,6.247757,16.452256,250,56651,226.604000,A
2016-05-24T20:56:00+00:00,serverip,HIXYA,23227,-21.241596,83.337429,757,43366,57.286658,P
2016-04-21T18:41:38+00:00,serverip,UVKYM,26860,-31.154290,135.591946,291,71152,244.508591,B
2015-06-28T15:09:38+00:00,serverip,LRSKZ,36393,-74.901049,-37.327164,86,74068,861.255814,L
2015-07-19T01:33:39+00:00,serverip,ANGTV,81755,-43.987161,-135.791504,31,25546,824.064516,J
2015-08-14T11:41:39+00:00,serverip,NJXMU,37273,-24.099920,-43.933683,417,48463,1162.182254,Q
2015-09-20T15:57:38+00:00,serverip,PWAPK,65176,-63.841578,-25.245036,316,25435,80.490506,W
2015-11-12T02:57:59+00:00,serverip,MMYRW,20463,82.786910,148.300844,939,89454,95.265176,K
2015-03-23T12:54:06+00:00,serverip,MTRRS,91938,80.814648,162.727023,118,34538,292.694915,D
2015-01-14T12:42:24+00:00,serverip,IMIUZ,48348,35.691316,-135.723942,591,86484,146.335025,G
2016-03-27T07:06:27+00:00,serverip,UCWUO,28894,84.720938,87.611115,915,59923,65.489617,O
2016-01-30T23:17:20+00:00,serverip,QCUQU,28540,34.296398,69.043333,677,18198,26.880355,M
2016-02-09T03:21:04+00:00,serverip,IJQTS,88872,3.031275,-83.098882,287,56195,195.801394,M
2016-02-04T03:17:05+00:00,serverip,RTXSH,36110,-66.362693,-116.414503,341,30033,88.073314,A
2015-03-19T10:14:50+00:00,serverip,TMMQF,85481,68.086638,-103.892378,188,71837,382.111702,I
2015-03-15T07:15:46+00:00,serverip,OPASR,17498,-21.564871,17.978933,604,56561,93.644040,D
2016-04-22T09:47:25+00:00,serverip,LUXDL,72191,23.837653,-129.235291,495,33718,68.117172,T
2015-11-04T21:52:23+00:00,serverip,MTUMB,71701,-87.161730,54.415042,819,8055,9.835165,J
2015-09-11T10:26:42+00:00,serverip,HIZKY,16006,-72.210208,-170.125555,311,82242,264.443730,X
2015-11-04T02:47:50+00:00,serverip,MOWII,70765,18.940538,137.007266,148,73729,498.168919,O
2015-02-05T12:23:21+00:00,serverip,ZOIOD,77825,16.578113,177.329122,59,47058,797.593220,J
2015-05-19T19:30:42+00:00,serverip,PZKFK,43196,-80.130224,5.521632,635,83999,132.281890,P
2016-02-18T08:21:58+00:00,serverip,APLCA,35730,-32.284155,-68.600062,723,77759,1075.504841,R
2016-02-17T22:14:51+00:00,serverip,DZCXW,22232,19.227298,-150.230043,358,72628,202.871508,I
2015-03-20T10:54:36+00:00,serverip,OOXOD,15625,10.416839,-63.918179,365,91975,251.986301,A
2015-10-11T13:53:26+00:00,serverip,ZHGBF,60556,39.497523,-104.319125,980,78473,800.744898,G
2016-03-18T00:22:11+00:00,serverip,BKTUC,88397,75.939608,39.124854,278,68259,245.535971,Y
2016-03-01T17:59:07+00:00,serverip,ORFVO,40078,78.558064,-147.078829,147,65874,448.122449,P
2015-09-13T23:34:28+00:00,serverip,FVEEZ,39343,44.257221,-91.388300,90,40595,451.055556,T
2015-11-29T21:26:44+00:00,serverip,JSYBW,97239,-83.472618,-22.214005,498,47131,94.640562,F
2015-02-12T12:59:30+00:00,serverip,YPTHA,86692,-66.696376,-71.662703,230,85139,370.169565,I
2016-02-09T21:17:03+00:00,serverip,OBFIS,67368,43.339843,145.280064,101,41214,408.059406,C
2015-01-04T11:40:42+00:00,serverip,TTJAW,51763,51.054605,23.317227,581,59275,102.022375,F
2016-03-08T21:09:54+00:00,serverip,GQGSB,30549,-2.083866,102.582546,373,36844,98.777480,F
2015-02-05T23:05:29+00:00,serverip,RDFOU,33581,-72.975039,-131.170403,382,83184,217.759162,G
2015-04-10T22:34:00+00:00,serverip,FQREO,73771,-2.244956,-158.513191,162,44322,273.592593,P
2015-11-10T23:09:35+00:00,serverip,KCHYQ,14011,-4.023610,137.976789,411,12528,30.481752,C
2016-02-23T21:53:53+00:00,serverip,GYIIB,49059,-74.232809,-93.868782,105,23260,221.523810,B
2015-12-11T23:11:21+00:00,serverip,PLVDB,36038,-85.038776,31.795189,316,2806,8.879747,T
2015-08-19T01:24:49+00:00,serverip,WYZBK,75605,80.277532,-102.162495,421,5089,12.087886,H
2015-05-03T11:44:47+00:00,serverip,MDAXH,11801,30.758159,-155.142686,256,25540,99.765625,T
2015-04-29T06:35:19+00:00,serverip,MUGMT,87326,-37.306862,1.886354,701,2506,3.574893,P
2016-01-27T19:20:10+00:00,serverip,SDMDH,91933,10.209804,135.015060,167,25128,150.467066,S
2016-04-07T01:17:32+00:00,serverip,JMGVJ,82757,-47.730633,-96.721488,492,61491,124.981707,Y
2015-08-20T17:58:48+00:00,serverip,EWBBT,74896,21.651339,54.735935,720,22584,31.366667,F
2015-01-24T17:56:32+00:00,serverip,JJWLQ,97428,54.546877,31.459381,352,62799,178.406250,E
2016-02-19T04:14:11+00:00,serverip,AZUXD,16672,79.122345,-30.205216,225,5636,25.048889,H
2016-01-16T02:34:11+00:00,serverip,SPAIW,49834,53.277866,-41.473061,769,81236,105.638492,G
2015-08-30T09:36:45+00:00,serverip,BJNDO,69994,70.688709,-49.865162,999,54282,54.336336,A
2015-08-07T23:54:45+00:00,serverip,ENGLB,86845,-75.375769,-65.197533,855,33308,38.956725,T
2015-08-29T12:41:48+00:00,serverip,DBDNZ,46710,58.810259,67.184297,10,43226,43226.000000,M
2016-05-28T21:22:42+00:00,serverip,EHLKU,71673,-40.920280,-22.925882,512,47381,92.541016,X
2015-01-17T13:07:40+00:00,serverip,YTQAJ,70223,-35.787874,-22.365883,274,99013,361.361314,F
2015-04-27T19:51:41+00:00,serverip,VXPEX,24342,80.066735,-93.009798,389,20325,52.249357,X
2015-01-30T06:04:23+00:00,serverip,ZGNGB,95244,-0.044911,109.702660,18,44748,2486.000000,Y
2015-09-15T11:28:22+00:00,serverip,WLMWO,83736,-50.941449,-1.232002,517,24333,47.065764,Y
2015-02-14T19:28:54+00:00,serverip,CYQWY,68350,-68.833088,26.901645,761,48961,64.337714,L
2015-05-17T05:16:17+00:00,serverip,PSUVZ,34341,38.039149,139.389338,699,63074,902.346209,F
2016-01-17T23:44:01+00:00,serverip,BFWCM,42206,41.392088,-117.894064,616,62013,100.670455,A
2016-01-02T08:57:11+00:00,serverip,JGZZF,30006,-10.982907,174.064971,401,17287,43.109726,L
2016-05-03T10:47:04+00:00,serverip,IHSVF,86096,54.716077,-144.409957,408,94217,230.924020,E
2015-10-13T11:57:26+00:00,serverip,NNYIZ,84842,66.077884,-35.232413,193,46469,240.772021,Y
2015-11-06T15:35:28+00:00,serverip,XAKMO,73111,-43.943712,-177.517254,812,23846,29.366995,R
2015-03-26T07:14:14+00:00,serverip,YWZDS,12803,-9.402175,37.670495,983,80693,82.088505,G
2015-12-16T07:31:16+00:00,serverip,RJVJL,67970,19.015182,-36.407528,231,91166,394.658009,L
2015-05-04T20:52:41+00:00,serverip,BCTSF,14633,-78.780688,-81.850125,999,75883,75.958959,U
2015-03-07T10:10:43+00:00,serverip,IYOQV,70085,-76.610364,-147.089033,646,12729,197.043344,T
2015-03-01T04:08:58+00:00,serverip,EQXSW,66254,-27.638757,35.187584,756,27274,36.076720,Z
2015-04-04T09:30:41+00:00,serverip,WFPCS,57937,-41.379604,-81.385319,501,73705,147.115768,N
2015-06-30T00:23:08+00:00,serverip,DSIBN,89017,-9.583639,96.498598,970,57549,59.328866,Q
2015-07-15T12:57:30+00:00,serverip,GLZXK,13738,86.485904,99.087326,994,3841,3.864185,Y
2015-02-28T12:11:20+00:00,serverip,VJAZN,12234,18.379130,-152.105074,659,3057,4.638847,X
2015-09-04T13:57:32+00:00,serverip,TAUWT,33503,-23.433546,-13.003004,547,24126,44.106033,B
2015-09-08T14:07:57+00:00,serverip,VHRKE,99075,74.998470,73.746516,471,87627,186.044586,D
2016-01-06T08:23:58+00:00,serverip,QULBZ,73001,-80.624545,-131.505768,84,90327,1075.321429,L
2016-01-05T15:08:15+00:00,serverip,LRVAB,50463,-24.796238,30.644725,831,13958,16.796631,O
2015-03-16T10:01:56+00:00,serverip,FGFYM,63610,-72.807326,107.204877,266,67782,254.819549,X
2015-09-18T04:43:03+00:00,serverip,LVSOR,38168,34.803440,-75.508456,427,3011,7.051522,K
2016-05-01T15:56:17+00:00,serverip,YQFJI,44460,67.987580,-161.670953,194,23032,118.721649,X
2015-11-04T12:01:44+00:00,serverip,PFWXO,92071,-20.458748,95.455024,752,12716,16.909574,W
2016-05-18T02:16:56+00:00,serverip,OOTXJ,33793,58.326784,13.688052,572,68668,120.048951,Q
2016-02-04T04:02:14+00:00,serverip,LORPP,54846,23.629152,-177.686332,484,10802,22.318182,M
2016-02-24T18:00:12+00:00,serverip,HVZJN,47963,1.479773,130.836519,452,19766,43.730088,K
2015-08-10T11:36:05+00:00,serverip,EJKLU,57832,-32.101053,-141.105659,275,76059,276.578182,Z
2015-09-24T02:05:06+00:00,serverip,IMRTD,10269,-76.822848,144.152534,821,5922,7.213155,Q
2015-07-01T05:34:09+00:00,serverip,JCHNR,92677,35.274429,-7.750919,976,91460,93.709016,F
2015-10-31T12:51:56+00:00,serverip,WCRAO,14655,-71.331587,-37.833214,607,43142,71.074135,Z
2015-09-09T08:36:33+00:00,serverip,IARER,72649,-0.791467,27.100120,843,97099,115.182681,P
2016-04-23T05:51:23+00:00,serverip,BZSVH,86819,-29.971201,54.821911,24,74493,31038.750000,E
2016-05-17T23:58:03+00:00,serverip,MBQJH,63335,74.654266,144.658492,875,93432,106.779429,S
2015-04-17T06:44:47+00:00,serverip,MLHIE,77157,-64.431471,28.983204,964,67886,70.421162,H
2015-08-17T16:52:43+00:00,serverip,WJNFS,89182,46.175699,-52.586865,15,41095,2739.666667,H
2015-04-17T04:14:45+00:00,serverip,EWFBT,54837,54.710781,144.885440,818,65362,79.904645,X
2015-02-08T03:31:45+00:00,serverip,WGSOW,21406,54.053417,-26.455274,552,59253,107.342391,R
2016-04-20T19:10:28+00:00,serverip,WUNXY,58317,-2.514395,-32.931327,998,83666,83.833667,N
2015-07-09T12:05:32+00:00,serverip,MHQTR,29955,-48.978624,74.514322,369,55277,149.802168,M
2016-02-04T15:29:57+00:00,serverip,OFYWK,91873,26.514441,51.660079,646,52333,81.010836,E
2015-05-13T18:24:54+00:00,serverip,ZWZNL,22832,88.002788,63.284035,684,60612,88.614035,D
2015-06-14T19:36:54+00:00,serverip,JLYXM,36301,71.345856,145.282311,310,95578,308.316129,W
2016-01-21T20:28:14+00:00,serverip,SBUEB,73122,84.385198,-17.440598,839,87667,104.489869,Q
2015-10-28T18:08:35+00:00,serverip,WQZNQ,96125,37.893821,16.437763,734,87293,118.927793,O
2016-05-23T05:14:59+00:00,serverip,WLUQL,63684,-27.065708,106.049616,454,40096,88.317181,C
2015-03-24T10:10:45+00:00,serverip,QPFWN,84897,-66.342263,85.672005,71,75517,1063.619718,C
2015-02-01T14:30:32+00:00,serverip,IHXPK,30675,-18.630743,160.346484,647,95412,1474.683153,T
2015-09-11T14:57:20+00:00,serverip,PSHGW,96841,-64.385423,-124.000228,989,91922,92.944388,Q
2015-12-20T05:12:37+00:00,serverip,TGTRA,65996,48.387599,-139.775610,674,25302,37.540059,R
2015-06-21T00:34:30+00:00,serverip,CTYPK,84393,67.706395,38.499514,216,84199,389.810185,M
2016-01-04T15:58:16+00:00,serverip,NLEGN,49258,-87.502868,-138.689099,30,42731,1424.366667,P
2015-11-10T06:37:00+00:00,serverip,HHUSX,12792,-62.541597,95.492709,247,43880,177.651822,D
2015-09-07T19:46:36+00:00,serverip,XHJIZ,97590,62.514601,69.260745,236,62986,266.889831,U
2015-09-17T22:01:50+00:00,serverip,DBPUS,26253,12.705287,-103.949944,67,97045,1448.432836,O
2015-12-13T17:10:22+00:00,serverip,KWQLI,44094,72.149236,86.171948,166,2689,16.198795,P
2016-01-16T20:27:19+00:00,serverip,VVFMO,38064,-22.483351,59.147731,439,46901,106.835991,C
2015-01-22T21:49:03+00:00,serverip,AGVXC,37787,62.293422,161.349235,843,94659,112.288256,S
2015-09-06T23:05:08+00:00,serverip,OTXMZ,19150,79.580248,22.545811,613,68575,111.867863,S
2016-01-13T20:15:14+00:00,serverip,KQIXU,25430,-36.484917,86.495928,865,40680,47.028902,M
2015-04-08T15:46:33+00:00,serverip,BVQCO,79009,80.447352,-138.774034,56,90918,1623.535714,F
2016-05-28T19:16:41+00:00,serverip,ZCFFZ,50375,-0.040420,-99.604281,114,24455,214.517544,W
2016-04-13T04:27:18+00:00,serverip,NNZQQ,53583,-88.590148,43.527533,834,11186,13.412470,R
2015-01-27T17:51:26+00:00,serverip,HXPME,71813,-39.317803,-58.771925,118,31974,270.966102,S
2016-04-12T11:43:28+00:00,serverip,YULHN,55801,47.903224,83.992377,92,68908,749.000000,O
2015-08-18T10:24:17+00:00,serverip,TGIVZ,38980,-74.817304,-20.891402,267,74038,277.295880,T
2016-05-17T13:37:21+00:00,serverip,UMOTP,78559,68.910058,60.600262,412,69329,168.274272,A
2015-02-10T20:46:55+00:00,serverip,KYCVD,55917,-74.863354,108.311619,800,24748,30.935000,A
2015-03-22T10:16:51+00:00,serverip,GGQHE,76554,52.814678,62.105410,761,85273,1120.538765,Y
2015-09-08T02:58:43+00:00,serverip,DAGRQ,10090,54.441746,-65.057529,65,77707,1195.492308,I
2015-11-07T19:30:42+00:00,serverip,ZGKJW,45984,44.000737,160.453112,18,85907,4772.611111,D
2016-02-06T14:29:43+00:00,serverip,TXSGA,80666,80.805641,39.030401,886,94041,106.141084,U
2015-08-29T12:46:50+00:00,serverip,DQASG,87418,59.162271,168.829041,819,91241,111.405372,E
2016-03-09T05:47:56+00:00,serverip,LVGCH,80048,-6.229788,-3.285811,299,29973,100.244147,Z
2015-06-09T06:25:50+00:00,serverip,IGQBN,58018,-8.526961,62.939174,156,79672,510.717949,X
2015-05-22T16:28:03+00:00,serverip,YYWES,71795,-35.615334,-62.659528,238,14375,60.399160,O
2015-11-09T00:44:22+00:00,serverip,OUECX,48614,-77.991892,-134.129071,205,5474,26.702439,Q
2015-07-15T08:29:45+00:00,serverip,RHSDT,83262,-6.136723,106.010650,424,46254,109.089623,U
2015-06-19T04:36:32+00:00,serverip,TLEGV,53337,67.564484,-15.780703,758,87829,115.869393,S
2015-12-30T09:22:54+00:00,serverip,JYZYG,97080,-58.852782,126.610368,166,67153,404.536145,M
2016-04-18T01:35:45+00:00,serverip,SSXKK,76813,-21.710916,4.987906,623,22448,36.032103,Y
2015-04-05T06:09:17+00:00,serverip,TVEDR,16907,-28.471319,-175.703409,704,92727,131.714489,I
2016-03-14T20:37:22+00:00,serverip,THQSE,69553,15.495997,-166.769862,745,22144,29.723490,S
2015-06-20T13:15:39+00:00,serverip,OQUJH,12108,-29.899715,-45.167936,899,65666,73.043382,A
2016-01-18T13:13:08+00:00,serverip,QFTVN,87635,69.176562,36.441099,511,78996,1545.909980,S
2016-02-29T08:45:42+00:00,serverip,RXZFE,18330,-35.119561,-56.294076,955,32195,33.712042,W
2016-04-23T12:22:51+00:00,serverip,PEUXE,54369,27.987583,44.609521,672,34577,51.453869,N
2016-06-02T14:41:55+00:00,serverip,FIQYS,35108,-52.785796,101.358556,35,90516,2586.171429,T
2016-03-02T00:32:54+00:00,serverip,WFBZP,83969,58.125751,71.600426,366,36166,98.814208,C
2015-12-07T07:06:58+00:00,serverip,QPYWI,32190,-28.799097,-54.001582,854,88158,103.229508,V
2015-07-13T13:55:16+00:00,serverip,YFCQK,92016,7.995330,13.364393,503,46302,92.051690,X
2016-04-05T03:50:56+00:00,serverip,BDYYX,30800,-69.284675,-151.083542,231,13103,56.722944,B
2015-11-25T16:11:33+00:00,serverip,SJXDV,79176,-44.131191,19.562572,705,26860,38.099291,Q
2015-11-30T17:23:09+00:00,serverip,WRZIY,87557,7.925056,-12.580606,105,54104,515.276190,L
2015-11-23T19:25:56+00:00,serverip,CCCNX,89491,-47.288833,164.934851,284,68221,240.214789,H
2015-11-13T23:57:35+00:00,serverip,ABHZT,21284,30.509200,85.937758,245,88641,361.800000,N
2015-12-19T19:42:27+00:00,serverip,DJTHD,15100,17.103531,91.315275,518,15673,30.256757,X
2015-03-30T04:19:31+00:00,serverip,XSOTR,88036,-22.580248,11.416192,690,90368,130.968116,C
2015-01-13T11:11:42+00:00,serverip,FOBYZ,37329,-71.436407,26.399817,771,47108,61.099870,X
2016-04-17T23:30:04+00:00,serverip,WCSTO,83783,22.259019,-115.686901,781,24920,31.907810,O
2016-04-17T23:51:32+00:00,serverip,KLTDP,19170,9.671702,35.193937,498,21896,43.967871,L
2015-04-09T11:07:08+00:00,serverip,VFKQV,52514,-72.559241,-126.807941,143,51361,3591.678322,Q
2015-07-18T14:55:19+00:00,serverip,ZCLIL,38749,-13.307926,92.810696,888,84716,95.400901,N
2015-11-09T23:40:23+00:00,serverip,HVPYW,91833,38.416095,-16.809687,706,40457,57.304533,V
2015-12-23T21:30:03+00:00,serverip,NQTAS,81195,16.368680,-124.300792,343,22632,65.982507,U
2016-05-19T11:48:18+00:00,serverip,WDHAC,76482,-19.968776,-5.868018,80,55963,699.537500,E
2015-09-17T18:47:26+00:00,serverip,QJEHK,68327,-78.957597,-105.108131,756,59440,78.624339,X
2016-04-11T11:53:51+00:00,serverip,RDARM,47991,-49.740195,78.518749,527,99388,188.592030,O
2015-03-19T15:38:39+00:00,serverip,KUIXN,20853,81.265618,-48.547159,663,49016,73.930618,G
2015-04-27T08:07:12+00:00,serverip,NENVC,16493,-29.337475,-3.142409,12,79696,6641.333333,G
2015-08-19T16:37:44+00:00,serverip,ZPGAE,83714,77.305798,81.352321,980,57594,58.769388,V
2016-04-26T11:36:51+00:00,serverip,UVWPY,38022,-31.734572,-91.892765,579,72659,125.490501,M
2015-02-26T18:53:49+00:00,serverip,UMCXE,19755,73.457094,-82.840517,927,11583,12.495146,R
2015-04-07T22:20:34+00:00,serverip,IZVBE,83912,31.361950,-125.961468,29,62497,2155.068966,I
2016-03-31T13:26:02+00:00,serverip,QKUUO,15466,-21.190997,116.030434,632,4711,7.454114,I
2015-12-19T09:10:21+00:00,serverip,XXKDU,47149,5.229441,-98.278543,699,96219,137.652361,L
2015-06-13T12:49:37+00:00,serverip,WRDEL,39154,58.451236,6.619531,311,1724,5.543408,T
2016-05-16T23:26:46+00:00,serverip,PXVND,24761,-34.184088,-167.913998,536,22942,42.802239,O
2016-02-07T10:31:08+00:00,serverip,YZGEG,73358,62.126412,154.932618,824,56354,68.390777,P
2016-03-07T02:33:15+00:00,serverip,RFLZJ,34135,45.153629,77.904607,116,21905,188.836207,B
2015-05-26T05:30:54+00:00,serverip,HIBXS,50970,25.183102,-61.826730,595,56055,94.210084,A
2015-09-18T20:23:00+00:00,serverip,YHNZL,70916,-1.643266,39.857667,371,10395,28.018868,S
2016-05-16T12:44:57+00:00,serverip,IQDBI,63495,-80.908921,-93.908939,679,25882,381.178203,D
2015-09-22T15:14:08+00:00,serverip,KVMAW,54603,-81.388731,15.516747,211,78805,373.483412,V
2015-12-25T19:07:50+00:00,serverip,VZTZU,26576,-45.026879,-87.674835,206,29555,143.470874,X
2015-07-06T23:31:34+00:00,serverip,NMHAT,77567,-8.360692,-38.638233,894,14357,16.059284,X
2015-06-02T07:53:29+00:00,serverip,EDZCZ,76137,57.951124,178.978575,46,6288,136.695652,R
2016-03-23T15:34:43+00:00,serverip,XRBJS,77230,-46.715737,10.633455,799,33009,41.312891,A
2015-06-18T03:24:20+00:00,serverip,IVOKN,27802,42.047606,-19.680663,807,29163,36.137546,C
2015-06-23T23:23:39+00:00,serverip,DFRYD,82395,-38.876904,165.042731,515,31992,62.120388,U
2015-01-31T03:42:09+00:00,serverip,HSBEF,71467,-58.687893,127.102345,950,17910,18.852632,S
2016-01-07T20:11:04+00:00,serverip,QFHBX,44996,81.972439,19.471587,195,31701,162.569231,Q
2016-05-22T08:38:43+00:00,serverip,RBWNY,49500,-42.045096,-150.478093,574,72382,126.101045,W
2016-01-18T06:10:43+00:00,serverip,BBJRJ,41755,-71.737535,-117.383122,191,17328,90.722513,A
2015-05-10T09:51:06+00:00,serverip,BSMEB,73754,-66.268276,-59.416757,18,57511,3195.055556,L
2015-02-11T01:18:44+00:00,serverip,KPKNB,65037,2.546289,158.340633,789,34511,43.740177,W
2016-03-24T02:05:50+00:00,serverip,RJUXP,35552,57.124071,9.505494,656,20808,31.719512,Z
2015-01-28T03:37:46+00:00,serverip,MBFVA,51203,57.078567,141.157176,870,26694,30.682759,G
2015-12-07T21:55:34+00:00,serverip,DJDTP,51438,8.682124,166.136751,217,93483,4307.972350,M
2015-12-28T21:33:31+00:00,serverip,YRMMN,74893,-4.907562,89.687491,522,34888,66.835249,H
2015-05-20T16:51:37+00:00,serverip,CIVUH,37272,82.080940,141.574307,435,22378,51.443678,E
2015-03-11T02:38:47+00:00,serverip,OPCHM,92255,-69.920805,29.830521,224,93156,415.875000,Q
2015-12-19T23:11:41+00:00,serverip,QBLQC,23833,-8.159168,-49.516846,104,67220,646.346154,J
2015-04-12T13:24:45+00:00,serverip,YBGLW,37457,33.030428,50.046674,999,17923,17.940941,R
2015-06-11T05:08:35+00:00,serverip,ZUJWM,16077,-82.093135,136.024966,206,64680,313.980583,O
2015-06-08T02:18:16+00:00,serverip,INNJD,11664,66.906250,-71.954044,611,60648,99.260229,P
2016-05-02T20:40:21+00:00,serverip,VAKGL,88734,14.921503,71.333967,213,47970,225.211268,K
2015-07-04T18:59:52+00:00,serverip,URARQ,70720,71.296037,-113.587462,656,82284,125.432927,E
2015-08-31T16:14:40+00:00,serverip,MWHSK,97707,-38.113045,1.423458,856,65767,76.830607,U
2015-11-01T11:12:34+00:00,serverip,LLMIG,59036,17.545954,-104.282947,979,87737,89.618999,X
2015-08-13T21:28:42+00:00,serverip,ZAYAY,15573,-9.359203,103.641219,423,53479,126.427896,J
2015-07-15T14:58:10+00:00,serverip,QJGVP,58621,34.684522,33.197722,159,12435,78.207547,L
2015-01-24T08:58:07+00:00,serverip,KXHTW,97401,-72.499605,-43.184742,649,24553,37.832049,I
2015-10-31T05:43:22+00:00,serverip,LEDBV,82286,-20.863914,163.608374,463,41699,90.062635,T
2015-01-23T14:56:53+00:00,serverip,AHIJT,45912,-65.226179,-76.284447,630,42241,67.049206,V
2016-01-12T21:26:35+00:00,serverip,WYKGG,84423,-32.064108,-18.202561,375,47293,126.114667,C
2015-10-23T18:58:07+00:00,serverip,TQILR,63514,20.313936,103.670090,631,77490,122.805071,H
2015-09-07T01:28:58+00:00,serverip,AFYRE,39233,31.888781,-130.445814,547,90767,165.936015,B
2015-12-24T16:38:50+00:00,serverip,DZREE,86599,-45.600513,34.485901,264,21575,81.723485,J
2015-10-13T19:23:02+00:00,serverip,OWFHJ,75720,52.560248,46.547184,745,79562,106.794631,G
2016-03-25T14:27:19+00:00,serverip,MNYHT,63820,-53.249456,-17.139319,776,84245,108.563144,N
2015-04-16T08:03:22+00:00,serverip,AOSTK,39594,40.748627,102.482048,981,41415,42.217125,O
2015-07-15T18:26:52+00:00,serverip,XOSSM,45589,53.909276,150.227543,181,76100,420.441989,Y
2015-01-21T08:08:53+00:00,serverip,GSEDW,45912,25.994268,104.125739,975,5698,5.844103,O
2015-01-08T17:45:41+00:00,serverip,KHTLM,73200,68.091792,-5.677426,543,22511,41.456722,Y
2016-05-11T10:29:34+00:00,serverip,EZLTZ,74090,-17.272698,-11.920823,766,58977,76.993473,D
2015-02-22T21:11:32+00:00,serverip,FFBRC,17459,-12.520025,154.434924,767,64104,83.577575,Z
2015-03-22T11:03:06+00:00,serverip,LSBCU,22132,-42.874343,-152.682753,429,90286,210.456876,V
2015-08-26T23:44:55+00:00,serverip,PLNTJ,60515,29.209750,93.856295,890,45631,51.270787,B
2015-08-29T03:09:05+00:00,serverip,SBCMY,79781,65.563020,7.795943,508,75083,147.801181,H
2015-08-03T22:36:30+00:00,serverip,DPTUU,24872,36.711731,178.894115,409,8831,21.591687,Q
2016-01-06T14:29:31+00:00,serverip,KKHGI,19392,-35.701072,104.813610,616,49415,80.219156,M
2015-02-07T09:38:04+00:00,serverip,EQNZN,37531,-55.324284,64.566359,201,45722,227.472637,E
2016-05-19T09:17:12+00:00,serverip,MVTWL,72769,88.342167,9.191955,305,32288,105.862295,Q
2015-03-11T06:41:11+00:00,serverip,YTBLB,90235,73.309229,13.788105,873,3123,3.577320,S
2015-02-26T23:22:28+00:00,serverip,EEMTE,50114,59.688360,88.621257,963,40969,42.543094,I
2016-05-23T18:02:37+00:00,serverip,PEWZG,65273,36.740890,-21.833148,369,7074,19.170732,Q
2015-11-07T17:14:18+00:00,serverip,XUTET,38104,-43.273825,-43.622277,499,16768,33.603206,U
2015-01-21T08:28:42+00:00,serverip,GEDKB,36679,-81.235574,-69.423441,528,58871,111.498106,O
2016-03-20T17:34:10+00:00,serverip,VCTYE,53884,-5.112894,10.164667,182,46989,258.181319,J
2015-04-20T07:23:43+00:00,serverip,BYKGP,68496,-39.471191,179.766614,201,41756,207.741294,S
2015-05-05T10:36:38+00:00,serverip,VCKOI,18526,-75.889741,-173.406038,366,73012,199.486339,W
2015-07-11T05:13:48+00:00,serverip,UMIVE,77379,-83.633559,134.590316,395,14194,35.934177,M
2015-12-19T00:11:37+00:00,serverip,DGMSA,30507,48.550601,-143.836058,946,36426,38.505285,M
2015-01-10T20:45:53+00:00,serverip,TGTCA,33357,-81.334336,107.192383,966,33219,34.388199,X
2015-09-29T23:49:51+00:00,serverip,AGLFX,44834,85.356963,109.139763,700,14142,20.202857,T
2015-10-22T16:03:09+00:00,serverip,LWNYL,34219,-12.681268,158.741545,211,19535,92.582938,K
2015-03-03T13:30:43+00:00,serverip,VORUT,17922,-79.635798,160.260361,39,45661,1170.794872,F
2016-01-13T07:00:11+00:00,serverip,NAROX,21990,86.178291,104.859556,191,39687,207.785340,N
2015-08-04T18:30:28+00:00,serverip,BIQUZ,29190,10.275857,-123.749750,807,41149,50.990087,G
2016-02-24T09:02:33+00:00,serverip,YEJTK,59720,-74.274781,87.492200,505,66887,132.449505,N
2015-04-13T16:53:38+00:00,serverip,DJGYZ,53482,-57.489965,-165.696968,183,41321,225.797814,S
2016-03-11T04:53:21+00:00,serverip,TYPPG,40045,-2.777249,56.847615,341,79884,234.263930,T
2016-04-09T10:27:34+00:00,serverip,CFUJK,91109,66.890345,-3.712961,113,95752,847.362832,W
2016-02-19T16:11:29+00:00,serverip,OECEX,14026,54.415243,-162.387569,808,9939,12.300743,P
2016-02-23T01:07:02+00:00,serverip,SGPNF,54214,-43.125013,-24.652167,721,52975,73.474341,G
2015-09-02T01:18:48+00:00,serverip,JVGLJ,24302,-51.926191,-179.027662,917,64426,70.257361,D
2015-09-21T01:36:35+00:00,serverip,UFPNO,18049,-19.815296,100.628503,448,32690,72.968750,O
2015-02-15T17:24:49+00:00,serverip,RDKPP,29770,4.289527,-161.372608,314,59955,190.939490,W
2015-03-09T09:50:01+00:00,serverip,YLOQP,41593,87.641815,50.147347,852,80783,94.815728,H
2015-05-20T13:02:46+00:00,serverip,AEWMG,88228,18.646953,-86.107769,889,61101,68.730034,Y
2015-12-24T13:04:29+00:00,serverip,UQQVV,44998,-0.742394,-6.729479,816,58356,71.514706,J
2016-03-28T18:04:05+00:00,serverip,GQIEA,22234,-51.574157,-85.650231,597,92284,154.579564,Z
2016-01-18T20:15:01+00:00,serverip,ODFEN,75550,12.197068,-119.601684,127,58248,458.645669,K
2015-08-21T14:21:32+00:00,serverip,QBJOR,30579,-67.451438,47.671629,510,10204,20.007843,F
2015-07-15T09:24:27+00:00,serverip,IBHKS,18043,-59.578827,112.436869,467,50091,107.261242,Y
2015-05-20T05:31:45+00:00,serverip,DWLZD,83463,-18.034884,-120.694791,421,63784,151.505938,F
2015-09-29T05:48:49+00:00,serverip,YEADP,20190,-38.064617,91.465657,993,12320,12.406848,V
2015-12-21T16:32:02+00:00,serverip,HYOLI,26052,41.149124,-178.470052,122,32482,266.245902,Y
2015-03-18T00:11:42+00:00,serverip,CCPCC,29414,-54.350053,115.756431,735,70712,96.206803,L
2015-03-09T05:28:28+00:00,serverip,HUDRI,57745,3.020296,106.731600,499,9096,18.228457,W
2016-02-22T20:37:30+00:00,serverip,YIWPC,69478,-83.985946,-155.421752,992,1016,1.024194,I
2015-04-09T12:09:07+00:00,serverip,RXBZO,20841,38.546293,30.405297,343,76872,2241.166181,F
2015-07-13T14:25:44+00:00,serverip,DKDVA,22229,52.540240,173.258013,672,66255,98.593750,S
2015-10-13T08:38:38+00:00,serverip,HBVGR,91137,29.467852,156.320629,450,13799,30.664444,M
2015-02-22T20:00:44+00:00,serverip,SLKBR,71697,73.067291,175.200691,264,5957,225.643939,V
2015-11-19T09:28:39+00:00,serverip,WHUVW,97513,-28.095471,126.878985,502,68772,136.996016,N
2016-03-10T06:56:12+00:00,serverip,RACEX,26380,12.535703,145.611819,489,5296,10.830266,D
2015-06-26T21:31:35+00:00,serverip,QZXSP,28377,-4.326986,28.838501,376,69623,185.167553,U
2015-11-01T09:07:27+00:00,serverip,QCRKE,81753,84.953489,146.571530,739,29913,40.477673,C
2015-02-03T02:24:11+00:00,serverip,PFUOO,59832,-46.419330,85.714287,213,46500,218.309859,N
2015-05-26T14:16:42+00:00,serverip,QJEYN,83826,29.034132,115.557770,506,8739,17.270751,H
2016-03-15T17:11:35+00:00,serverip,NHCYM,60705,-30.196192,-55.952778,118,30040,254.576271,I
2015-02-06T12:30:24+00:00,serverip,JUEWC,29021,-15.069112,69.523408,591,85729,145.057530,W
2016-04-01T12:09:27+00:00,serverip,MVBOI,24907,-50.469298,64.778864,628,75814,120.722930,W
2015-12-29T07:43:04+00:00,serverip,YMYQA,19004,-72.122632,10.571698,60,62660,1044.333333,C
2016-06-01T12:05:24+00:00,serverip,FAPAW,94728,-21.384768,-168.854150,981,12554,127.971458,U
2015-08-08T01:28:13+00:00,serverip,PIXXI,40127,7.161425,8.578620,622,73473,118.123794,Y
2015-02-01T20:39:59+00:00,serverip,JBOYF,90894,-73.285797,99.522621,654,16167,24.720183,O
2015-01-22T03:09:29+00:00,serverip,GPYUB,47747,-43.861991,147.419949,464,1701,3.665948,B
2015-10-13T22:52:15+00:00,serverip,RNEDY,48282,59.374671,61.201846,528,50021,94.736742,W
2015-11-07T12:39:46+00:00,serverip,BNCSF,38942,3.782066,-15.367445,787,36375,46.219822,A
2016-04-08T15:46:54+00:00,serverip,KKOOW,71465,75.523252,-63.334638,954,32635,34.208595,A
2015-11-17T09:24:35+00:00,serverip,TYFST,66526,-52.569187,-100.298118,233,39590,169.914163,T
2015-03-28T15:36:11+00:00,serverip,SXOWA,99966,73.306263,139.964787,457,31314,68.520788,H
2015-02-06T09:30:25+00:00,serverip,GABIJ,56867,52.859004,-0.835649,787,47756,60.681067,T
2015-09-21T19:34:34+00:00,serverip,VYBVF,94860,-19.367574,179.030706,465,15332,32.972043,P
2015-06-03T17:08:16+00:00,serverip,TPRHK,16482,50.502170,175.865709,826,76300,92.372881,L
2015-10-24T21:22:32+00:00,serverip,HIIJJ,81409,-12.183184,-135.863710,91,3030,33.296703,Q
2015-02-06T19:22:51+00:00,serverip,CTKWK,95820,89.236259,21.546620,871,87527,100.490241,G
2015-04-08T14:49:35+00:00,serverip,UDUZQ,98288,-1.440609,113.733688,918,46795,50.974946,D
2016-04-26T01:50:58+00:00,serverip,UJXTT,43414,35.743289,168.549428,64,42075,657.421875,O
2015-03-25T11:16:03+00:00,serverip,WPRSM,89403,-48.363035,-123.571938,180,77350,429.722222,U
2015-08-21T15:17:10+00:00,serverip,YSORX,77113,70.095886,2.865115,63,14041,222.873016,Q
2016-04-21T21:34:16+00:00,serverip,VGRVZ,61152,2.875623,-164.705822,284,95246,335.373239,N
2016-05-24T16:01:06+00:00,serverip,UNETB,26100,-77.311010,-152.656151,159,42721,268.685535,N
2015-11-07T22:15:46+00:00,serverip,TNMRP,74461,3.316311,66.298689,872,36049,41.340596,V
2015-08-17T03:37:53+00:00,serverip,TLVZO,88846,-25.662766,151.942509,686,36136,52.676385,H
2015-07-01T00:28:25+00:00,serverip,GGSJK,81543,-15.008691,-48.163273,904,38598,42.696903,Z
2015-01-22T14:31:19+00:00,serverip,QERYZ,70536,77.539981,138.560881,442,8531,19.300905,Z
2015-05-21T14:07:37+00:00,serverip,ZGXGN,32194,53.734618,-154.160469,997,35550,35.656971,T
2015-12-25T09:09:51+00:00,serverip,XWYOT,85603,-20.766118,-30.759621,58,36228,624.620690,O
2016-04-16T06:20:46+00:00,serverip,RZESU,61074,-4.375473,-30.706466,230,6764,29.408696,K
2016-02-22T02:15:51+00:00,serverip,LTKHY,52080,-80.282639,-10.952530,279,47750,171.146953,A
2015-05-09T09:31:32+00:00,serverip,RTBLL,71095,-73.758931,8.028354,689,72173,104.750363,S
2016-02-13T19:36:09+00:00,serverip,XFHRA,81337,-64.450909,-113.173283,822,29680,36.107056,X
2015-05-16T19:08:32+00:00,serverip,HZESU,14972,-27.888824,64.522086,75,19201,2560.133333,I
2015-03-08T15:00:32+00:00,serverip,IKCNW,27991,67.756945,127.267614,348,69120,198.620690,D
2015-05-21T18:40:48+00:00,serverip,IPBGK,55371,-84.431719,-84.254664,560,24779,44.248214,V
2016-04-18T03:32:14+00:00,serverip,EEJKU,60226,22.427802,43.162574,318,22776,71.622642,A
2015-05-04T01:11:53+00:00,serverip,ZEFVV,72133,-83.094276,-13.771364,160,15094,94.337500,V
2016-06-01T17:21:02+00:00,serverip,EWKQE,16036,-18.046213,172.591415,60,78306,1305.100000,P
2015-10-17T07:35:39+00:00,serverip,QLWVG,11764,87.294650,-85.850038,710,34023,47.919718,D
2015-10-23T10:41:35+00:00,serverip,YAKOC,65401,-47.730580,-150.184524,223,21587,96.802691,T
2015-09-10T08:37:14+00:00,serverip,PDBOM,53455,-40.801274,-160.862847,884,19839,22.442308,L
2016-03-02T15:40:33+00:00,serverip,VMZXJ,17455,-38.106519,117.430470,828,74852,90.400966,A
2015-04-25T21:31:04+00:00,serverip,WFQTF,62118,76.362246,-20.137237,605,17548,29.004959,F
2015-12-04T14:28:11+00:00,serverip,DBZQQ,51134,37.984712,134.422455,365,9166,25.112329,F
2015-04-08T06:21:28+00:00,serverip,SWKST,40369,64.877201,50.999967,755,38572,51.088742,K
2015-02-24T10:06:17+00:00,serverip,TJPYC,10814,-67.499977,74.010193,859,84903,98.839348,N
2015-03-02T07:21:58+00:00,serverip,BMWEZ,72434,87.815265,-131.278136,709,4159,5.866008,K
2015-03-15T03:50:58+00:00,serverip,XBSLD,12961,-54.547331,87.268477,380,80811,212.660526,K
2015-02-21T10:30:35+00:00,serverip,HXPFJ,20378,7.488401,-174.082912,902,76741,85.078714,P
2015-04-25T08:25:29+00:00,serverip,YLMWF,63575,67.799748,8.522697,382,54585,142.892670,K
2015-01-16T15:01:11+00:00,serverip,ONXGX,65270,-10.952028,178.779750,1000,33238,33.238000,W
2016-04-02T02:41:16+00:00,serverip,EGLUK,64302,34.936103,159.273374,319,70803,221.952978,B
2015-05-28T00:39:19+00:00,serverip,LGAZA,95580,-31.149212,20.779408,178,32553,1828.820225,S
2015-08-16T07:52:14+00:00,serverip,RUYXM,15788,-16.148120,-109.004114,123,65157,529.731707,S
2016-05-13T08:43:17+00:00,serverip,KNUII,76746,-55.709998,-69.132875,214,5444,25.439252,F
2015-09-17T10:33:19+00:00,serverip,QKWVY,86123,27.512147,34.024628,920,98622,107.197826,R
2016-01-29T19:17:34+00:00,serverip,AFYVO,99992,83.880412,117.415517,229,83240,363.493450,O
2015-10-30T17:46:39+00:00,serverip,DXQCT,78307,89.031321,-105.190544,122,17577,144.073770,X
2015-05-27T02:42:01+00:00,serverip,LLPGR,85271,-3.176296,-173.135996,654,78793,120.478593,X
2015-02-07T22:00:16+00:00,serverip,LEGVS,70809,-62.933570,-82.968637,832,8794,10.569712,H
2015-09-30T03:11:29+00:00,serverip,BWCUG,25382,21.366257,110.241617,732,84001,114.755464,Z
2015-03-18T07:24:16+00:00,serverip,BVUGA,44128,-24.487570,-38.786405,988,47379,47.954453,I
2015-09-30T18:11:28+00:00,serverip,EBBMM,15133,85.001642,152.366712,789,72721,92.168568,C
2015-03-15T01:23:56+00:00,serverip,NNGMG,36311,-80.745692,-156.575769,178,83005,466.320225,F
2015-05-27T15:35:17+00:00,serverip,PXKZI,47584,-80.193224,-97.927530,705,79488,112.748936,R
2016-01-17T16:31:14+00:00,serverip,TMKDD,17149,-48.025196,-6.017779,252,26822,106.436508,C
2015-07-08T16:24:27+00:00,serverip,ZJMYP,24728,-86.073303,-178.892693,936,40834,43.626068,B
2016-04-18T04:25:52+00:00,serverip,UGOIR,66262,-77.003049,-55.692882,911,56620,62.151482,M
2015-01-15T20:00:28+00:00,serverip,ODQSA,82567,-45.837143,-42.122742,266,60142,226.097744,H
2015-10-29T15:16:54+00:00,serverip,SQMEP,42244,-22.349371,69.700098,447,69850,156.263982,U
2015-03-16T10:10:47+00:00,serverip,FHSMO,53651,-57.086572,-152.948576,418,18314,43.813397,V
2015-08-26T23:22:45+00:00,serverip,XKZYL,63377,30.407052,-128.312330,763,6262,8.207077,C
2015-06-26T08:48:39+00:00,serverip,INCEK,15478,-60.405148,56.770263,227,76858,338.581498,S
2016-05-04T00:32:19+00:00,serverip,RNLXK,83417,30.176138,-56.481769,974,87466,89.800821,R
2016-05-25T20:48:44+00:00,serverip,DDDLR,86778,-64.735877,58.908195,272,65327,2401.727941,J
2015-04-17T06:43:39+00:00,serverip,HXJRH,12945,18.682658,-49.368694,927,85296,92.012945,B
2016-05-11T03:34:30+00:00,serverip,ABIJG,94489,-7.162191,-158.675672,321,59913,186.644860,V
2015-07-19T13:42:35+00:00,serverip,RXUYY,28150,-45.016597,-61.925507,603,68556,113.691542,B
2015-08-21T14:56:30+00:00,serverip,SZTXY,82703,-44.085649,-128.338629,698,55222,79.114613,W
2016-04-12T02:13:58+00:00,serverip,KVNFM,49241,27.202771,-26.191963,149,47259,317.174497,B
2015-08-13T13:44:55+00:00,serverip,RWGVH,77636,-59.972027,-19.137481,11,52238,4748.909091,E
2015-12-05T06:35:04+00:00,serverip,WXPVV,24323,-71.403432,126.703554,706,12247,17.347025,H
2016-05-20T01:37:45+00:00,serverip,ITDJA,79800,13.607200,-26.442234,649,98364,151.562404,F
2015-02-27T20:04:02+00:00,serverip,DCSDB,77716,63.573636,42.612450,940,93706,99.687234,N
2015-08-06T01:28:59+00:00,serverip,YDEMX,53199,59.242804,18.073054,762,96285,126.358268,X
2015-01-21T13:32:55+00:00,serverip,PBEMY,11255,64.050338,96.987535,57,50256,881.684211,H
2015-08-27T10:59:14+00:00,serverip,AQYCF,20154,28.445212,21.184759,726,72179,99.420110,F
2016-04-02T11:59:44+00:00,serverip,BWHMI,21929,53.816133,-119.282589,231,21291,92.168831,G
2015-12-25T20:22:10+00:00,serverip,BPYGU,26039,75.481273,-123.869525,148,45708,308.837838,W
2015-11-05T09:51:50+00:00,serverip,HAQWN,87066,-43.187506,-51.821804,355,11054,31.138028,S
2015-11-14T12:25:32+00:00,serverip,CALVG,49423,-74.254560,141.416898,373,37701,101.075067,U
2016-01-18T16:43:41+00:00,serverip,PGSAF,96985,-76.972347,-98.100380,73,49176,673.643836,Q
2016-02-06T12:26:42+00:00,serverip,RJRSN,20599,-53.366631,81.432238,525,28859,54.969524,L
2015-12-28T00:49:06+00:00,serverip,KTZQT,74943,13.375488,-54.545259,218,79598,365.128440,B
2015-12-04T22:04:54+00:00,serverip,VFGGM,94982,18.736370,-133.105912,743,23149,31.156124,S
2015-08-25T03:43:18+00:00,serverip,BEHCX,23355,-13.852099,67.234508,345,20401,591.333333,U
2015-02-26T14:25:02+00:00,serverip,MEEFZ,82945,-76.758799,39.799053,447,63191,141.366890,A
2015-01-25T14:06:55+00:00,serverip,WSREY,94359,71.888892,-151.035612,316,41228,1304.683544,I
2016-02-05T01:42:18+00:00,serverip,UEMFD,37979,73.643109,88.115572,225,22907,101.808889,T
2016-05-15T06:10:48+00:00,serverip,OBQSB,65518,87.911232,-41.630961,652,81243,124.605828,L
2015-05-30T23:11:14+00:00,serverip,OJYUI,27834,-88.798842,5.392410,682,85888,125.935484,U
2015-03-18T20:53:43+00:00,serverip,LSDSY,51730,49.314090,-108.298434,346,5595,16.170520,I
2015-04-06T01:38:33+00:00,serverip,HQAAP,14271,-47.000052,-57.721550,955,16943,17.741361,Y
2016-03-17T11:07:08+00:00,serverip,ZTOJF,29095,-75.534526,-62.396110,764,14103,18.459424,Y
2015-03-06T09:08:31+00:00,serverip,PXISY,91193,-80.412491,88.334352,986,51401,52.130832,G
2015-11-14T10:04:21+00:00,serverip,LVPVG,64087,39.255007,29.825290,702,67273,95.830484,Z
2015-10-25T04:43:00+00:00,serverip,OLNKF,86733,32.556783,105.098888,248,58191,234.641129,C
2015-09-14T14:11:55+00:00,serverip,MFTKX,91395,-87.730969,170.907136,157,88907,566.286624,X
2015-07-22T05:38:50+00:00,serverip,FCXOX,75514,-44.867965,-95.684972,451,33998,75.383592,E
2015-07-30T19:15:43+00:00,serverip,KTFZC,93851,-26.033660,41.646451,247,46793,189.445344,U
2015-11-02T23:25:24+00:00,serverip,WOUCG,35547,-76.867354,-123.610414,457,51835,113.424508,K
2015-08-15T13:09:26+00:00,serverip,MGVUN,97813,-70.244672,119.137982,242,34448,142.347107,Z
2015-04-22T10:11:35+00:00,serverip,PBYZX,90977,-51.829419,59.188551,82,75520,920.975610,R
2015-07-19T20:28:00+00:00,serverip,QZDVC,79595,12.184485,-142.888657,44,12692,288.454545,O
2015-01-26T03:34:15+00:00,serverip,URPKZ,53502,32.717071,-174.373777,649,14138,21.784284,W
2016-05-19T04:49:28+00:00,serverip,DDHBA,16908,-60.402066,66.321410,518,47160,91.042471,D
2015-02-20T05:01:30+00:00,serverip,WJSRV,42513,-33.421175,73.145843,731,85925,117.544460,X
2015-07-11T15:58:27+00:00,serverip,XFJWO,77927,-66.344808,67.434345,211,60833,288.308057,M
2015-12-03T21:55:45+00:00,serverip,CZLND,30496,-31.579395,-52.656268,99,4121,41.626263,R
2016-05-28T03:43:25+00:00,serverip,AKPTV,12556,10.295909,16.480838,784,23058,29.410714,P
2016-01-26T08:53:26+00:00,serverip,GJRQC,16247,9.239385,164.725504,750,66855,89.140000,A
2015-06-16T06:39:00+00:00,serverip,FZEAT,82565,59.936079,125.132399,300,40325,134.416667,G
2015-07-10T04:26:38+00:00,serverip,BAPAC,38201,-18.843258,-157.342129,165,13596,82.400000,U
2015-02-28T22:45:08+00:00,serverip,JOBSB,88017,-47.888946,14.981515,605,6542,108.132231,L
2016-03-14T01:41:26+00:00,serverip,OMQCX,15323,44.996811,84.757698,66,14051,212.893939,I
2015-08-31T07:11:29+00:00,serverip,MLTQP,14843,12.381970,-128.336949,34,96815,2847.500000,V
2016-01-23T13:24:33+00:00,serverip,JPSSR,29218,-78.977078,-172.092160,713,36815,51.633941,Q
2015-06-07T04:11:01+00:00,serverip,WRWGF,20729,-9.667878,76.316220,365,25690,70.383562,D
2015-10-04T11:54:02+00:00,serverip,MQDQE,84999,12.729978,70.318951,996,96601,96.988956,N
2015-12-18T07:51:08+00:00,serverip,GWDGG,89653,-52.540252,53.156815,547,32672,59.729433,Y
2015-10-03T08:22:45+00:00,serverip,OGVUV,20462,-22.345766,1.707730,278,4841,17.413669,Y
2015-06-08T15:20:03+00:00,serverip,DHQCB,38529,-43.155698,-109.887805,89,18631,209.337079,Q
2016-04-30T17:08:25+00:00,serverip,LWJEX,80538,-47.411971,-108.857387,941,11313,12.022317,Y
2015-06-29T08:29:05+00:00,serverip,MHHKB,21838,-55.357755,30.053175,642,93211,145.188474,N
2015-12-26T03:13:22+00:00,serverip,SZIWS,71747,-35.212309,-138.153988,500,55235,110.470000,B
2016-05-16T04:45:57+00:00,serverip,NXWRV,25632,-18.269980,112.592077,793,98396,124.080706,C
2015-06-10T23:49:03+00:00,serverip,YKDGP,56469,80.832804,-115.251754,333,14527,43.624625,M
2016-05-11T02:54:29+00:00,serverip,THFNW,37524,-13.694913,-25.982873,221,39340,178.009050,U
2015-04-22T02:46:32+00:00,serverip,LGLLN,71416,-45.048444,79.188890,35,78921,2254.885714,A
2015-01-12T04:17:18+00:00,serverip,WTIMZ,33845,66.691452,128.891195,629,89031,141.543720,H
2016-02-04T03:24:44+00:00,serverip,MMCCY,41018,17.247834,38.262812,763,22727,29.786370,B
2015-08-04T12:27:02+00:00,serverip,AMYJH,86390,-60.592051,-130.537695,546,18425,33.745421,S
2015-10-27T00:24:24+00:00,serverip,GJAUK,76662,27.749226,-96.370603,609,69212,113.648604,N
2016-01-04T04:31:15+00:00,serverip,ZLVLE,72699,-77.325729,57.859127,688,57712,83.883721,W
2016-04-10T23:40:08+00:00,serverip,NMXLO,36954,46.759242,-118.681060,577,91129,157.935875,R
2015-06-18T01:10:18+00:00,serverip,XMEDR,75685,-76.704261,-10.721679,54,27485,508.981481,P
2015-04-22T19:24:22+00:00,serverip,MQSVF,10554,-44.824631,-51.398119,203,68942,339.615764,R
2016-01-27T17:28:33+00:00,serverip,MPKPT,54785,68.081384,-29.776204,794,28218,35.539043,J
2015-08-02T11:44:31+00:00,serverip,XDXHP,27113,52.857149,-1.365107,899,80579,89.631813,U
2015-09-13T02:21:44+00:00,serverip,GYFBJ,48406,-59.674041,-142.966335,680,16461,24.207353,W
2015-10-05T02:55:50+00:00,serverip,XAUJT,89935,40.557821,-27.215372,763,73895,96.847969,O
2015-03-01T06:13:18+00:00,serverip,CYRET,74140,-14.305158,91.581086,433,31955,73.799076,U
2015-03-03T13:30:02+00:00,serverip,ZSYGY,17050,-16.522355,51.588664,841,59526,70.780024,Y
2015-08-12T12:39:58+00:00,serverip,XGCGV,99981,85.733539,-161.233621,355,47451,133.664789,O
2015-10-21T20:15:20+00:00,serverip,PZOHP,75956,-81.688458,27.787866,624,34294,54.958333,W
2015-06-13T07:16:58+00:00,serverip,GPIPF,62189,52.649875,-42.856914,946,85010,89.862579,F
2015-03-22T10:53:58+00:00,serverip,LEDBB,40566,-35.872139,172.467893,831,25692,30.916968,D
2016-01-20T05:05:07+00:00,serverip,IBDVR,83176,64.095892,160.160981,952,6462,6.787815,A
2015-05-01T15:05:01+00:00,serverip,KXRBR,26123,-33.477335,-163.303672,827,67025,81.045949,U
2016-04-06T01:37:49+00:00,serverip,NOQQD,47826,-28.705334,9.390922,653,21854,33.467075,X
2016-01-12T15:14:56+00:00,serverip,EKQLA,38753,-75.062610,-91.785795,721,57413,79.629681,G
2015-08-03T22:33:51+00:00,serverip,VJCLZ,87148,76.725628,117.029378,638,36349,56.973354,X
2015-09-06T16:31:42+00:00,serverip,YEXAB,70829,-54.951277,110.265578,500,40476,80.952000,V
2015-09-24T01:07:46+00:00,serverip,QVYJA,46349,59.193579,-113.594732,495,26495,53.525253,G
2015-05-27T09:11:54+00:00,serverip,NNBRR,39978,-20.672359,174.360933,50,70365,1407.300000,C
2015-09-12T18:29:03+00:00,serverip,TQHRR,47696,0.342537,40.880428,530,25090,47.339623,V
2015-01-15T16:42:19+00:00,serverip,ZCZXY,11013,30.315142,-62.347289,426,78624,184.563380,Z
2015-02-12T20:38:41+00:00,serverip,OWTEF,63519,36.417453,88.189157,301,86159,286.242525,W
2015-09-01T01:47:24+00:00,serverip,WNMPJ,54844,18.228493,151.281433,682,8524,12.498534,B
2015-07-03T16:48:53+00:00,serverip,EAWCD,17336,-45.746647,-151.141020,77,16549,214.922078,S
2015-06-01T00:06:31+00:00,serverip,DZWEN,89365,23.728595,140.170636,345,40445,117.231884,W
2015-10-29T03:30:04+00:00,serverip,TIZXE,80106,-8.858532,21.330296,221,16335,73.914027,Q
2016-02-03T23:38:04+00:00,serverip,EDKGP,79080,16.217097,108.025239,562,33243,59.151246,P
2015-03-15T17:53:10+00:00,serverip,QAVGK,92068,-17.566751,60.233594,367,77427,210.972752,W
2015-03-13T05:20:35+00:00,serverip,IZBKG,45753,71.021161,-52.163299,340,77257,227.226471,D
2015-07-23T20:17:58+00:00,serverip,BIGFV,10008,-43.988112,5.976530,906,44620,49.249448,N
2015-11-30T19:41:29+00:00,serverip,AYYMX,65426,74.420681,66.672102,698,76964,1102.636103,T
2016-01-05T03:17:07+00:00,serverip,PNJDQ,45610,33.992394,-155.679872,803,52880,65.853051,P
2015-10-15T07:24:39+00:00,serverip,TOFDK,77262,-25.247213,146.527130,820,71529,87.230488,H
2016-01-25T23:47:56+00:00,serverip,CGWJQ,51623,-22.051269,-21.364533,574,10345,18.022648,P
2015-05-18T06:12:32+00:00,serverip,ZIXHH,44635,-75.447432,8.413173,216,51274,237.379630,A
2015-12-02T05:08:43+00:00,serverip,ULEOT,57347,77.748752,-15.981333,254,27719,109.129921,I
2015-03-27T02:05:19+00:00,serverip,PLAIJ,28389,-46.896881,132.422892,52,33440,643.076923,I
2016-01-02T06:42:28+00:00,serverip,LJNYK,41011,-67.601976,104.169343,863,54453,63.097335,G
2015-02-14T02:07:52+00:00,serverip,NYVFM,41329,34.998955,108.627551,107,14587,136.327103,T
2015-03-30T14:22:41+00:00,serverip,DHVUT,18912,51.468889,-12.536212,310,62714,202.303226,C
2016-01-17T20:13:56+00:00,serverip,QLUBI,93848,-64.446242,-133.054400,902,26786,29.696231,A
2015-04-22T18:48:12+00:00,serverip,QSXTK,22342,33.866328,6.222848,982,98288,1000.896130,F
2016-04-16T15:29:21+00:00,serverip,VBQAO,77401,-65.719242,-70.312623,467,23020,49.293362,E
2015-12-11T08:11:26+00:00,serverip,VIVBM,71713,78.546239,49.739822,142,4820,33.943662,B
2015-02-22T13:56:57+00:00,serverip,PUAZS,83461,-83.340189,-129.423691,130,63001,484.623077,Q
2015-03-14T23:28:36+00:00,serverip,DMULX,68018,62.717179,12.482369,72,85847,1192.319444,I
2015-04-27T04:21:11+00:00,serverip,MQPIS,47676,58.575569,133.290676,735,48607,66.131973,J
2015-12-12T20:13:00+00:00,serverip,ZLAMS,96552,15.670377,-124.746460,775,61369,79.185806,C
2015-12-02T17:19:19+00:00,serverip,QAYHH,86774,-48.555246,23.288137,196,88709,452.596939,I
2015-04-21T22:45:46+00:00,serverip,QDZMI,58978,-61.673518,17.327654,141,46199,327.652482,Y
2016-04-22T19:16:21+00:00,serverip,YSDHL,80524,-1.951213,44.690242,78,20161,258.474359,C
2015-07-02T23:17:09+00:00,serverip,RLAVZ,99210,11.833487,-88.886954,85,72887,857.494118,P
2016-04-16T00:44:57+00:00,serverip,FNTEP,43973,79.626611,52.883017,34,44100,1297.058824,P
2015-10-01T18:15:11+00:00,serverip,MGLTC,79423,5.329426,30.425521,478,31468,65.832636,I
2015-10-03T16:53:39+00:00,serverip,GRZVW,15627,-85.491185,115.130446,937,92852,99.094984,D
2015-02-24T18:25:00+00:00,serverip,JTQEW,39543,-73.125880,29.321249,710,28296,39.853521,D
2016-03-11T21:09:32+00:00,serverip,WJVOS,64060,43.055865,-102.835128,716,71220,99.469274,H
2015-02-10T09:29:02+00:00,serverip,HLIXC,13603,-17.340912,-40.858979,37,94627,2557.486486,S
2015-08-14T09:47:27+00:00,serverip,OSCBA,19132,78.396313,153.603481,332,44188,133.096386,E
2015-02-02T07:12:20+00:00,serverip,YFSJT,33518,25.851672,-116.064785,379,28790,75.963061,C
2015-08-14T15:15:52+00:00,serverip,TDHZZ,92612,34.841741,-115.436634,164,2511,15.310976,Z
2015-09-10T10:18:25+00:00,serverip,DQEKY,41485,73.893530,121.585959,896,91762,102.412946,N
2015-04-18T04:04:37+00:00,serverip,NROAJ,12714,-74.080185,151.510168,244,43621,178.774590,A
2015-01-15T11:14:29+00:00,serverip,VJPSU,29496,-10.001192,131.861556,877,9343,10.653364,U
2015-03-06T19:02:53+00:00,serverip,LPYML,20164,33.749296,-152.508406,253,11102,43.881423,G
2015-02-11T22:32:49+00:00,serverip,DFEUP,71675,-39.918895,-111.748375,413,10093,24.438257,L
2015-01-01T08:54:59+00:00,serverip,JGZSL,36245,57.743238,70.528116,703,54627,77.705548,S
2015-12-20T12:07:12+00:00,serverip,KWFDR,99748,-42.313986,149.253915,952,88191,92.637605,Q
2016-05-08T01:46:46+00:00,serverip,NFKYV,94669,63.320451,-82.978480,209,97305,465.574163,Q
2016-04-30T13:47:30+00:00,serverip,MEUBP,15960,4.526327,141.416757,174,72853,418.695402,F
2015-12-03T04:13:11+00:00,serverip,AKEVB,87294,-37.633813,-62.391659,504,3473,6.890873,Q
2015-03-21T01:15:06+00:00,serverip,GLAPA,43420,58.132730,99.660879,577,4182,7.247834,M
2016-05-03T08:05:14+00:00,serverip,ZSHTK,58451,74.361580,-140.289700,45,10224,227.200000,Q
2015-12-23T13:04:56+00:00,serverip,JKQLB,99518,-40.458272,103.317335,691,17677,25.581766,M
2016-02-23T16:09:41+00:00,serverip,BGJSU,98214,-87.931699,151.904553,728,98277,1349.958791,E
2016-05-18T07:50:50+00:00,serverip,XXVBJ,82397,-19.911385,179.278369,474,1365,2.879747,Y
2016-03-28T14:30:39+00:00,serverip,CTWGM,23602,-19.845816,25.617669,615,58133,94.525203,H
2015-02-17T18:11:16+00:00,serverip,TDQFK,42391,-22.183903,-50.632738,795,10739,135.081761,Q
2015-05-22T17:49:43+00:00,serverip,UYWAT,64591,-32.864796,92.238478,392,18537,47.288265,N
2016-02-25T06:46:13+00:00,serverip,RAOHL,37066,-82.297366,15.354223,156,41080,263.333333,B
2015-10-13T20:47:15+00:00,serverip,EDOXG,94779,86.871340,-174.774042,470,96415,205.138298,O
2015-02-26T09:20:56+00:00,serverip,ROBBH,18698,-75.450920,98.052969,100,98606,986.060000,C
2015-04-30T09:27:25+00:00,serverip,UTBCD,42092,48.193688,57.125454,46,82107,1784.934783,K
2015-06-01T16:51:47+00:00,serverip,TWNJH,84248,83.200722,172.904110,188,24096,1281.702128,P
2015-04-10T07:20:01+00:00,serverip,ZMNLZ,51334,-88.371873,61.300249,39,67366,1727.333333,J
2015-04-21T21:16:20+00:00,serverip,THFVK,37734,55.218967,-60.428637,974,89816,92.213552,U
2015-02-11T00:28:03+00:00,serverip,IVNZT,23904,35.778979,84.635706,875,17688,20.214857,M
2016-01-30T05:25:49+00:00,serverip,NWSRB,66644,-6.999499,-127.320102,463,40800,88.120950,Z
2015-02-27T03:47:17+00:00,serverip,SBBKK,96479,-45.423155,-7.022814,960,82699,86.144792,L
2015-06-23T15:48:19+00:00,serverip,LPHUC,67039,-40.504735,-51.122856,53,67967,12823.962264,K
2016-05-31T23:00:09+00:00,serverip,ROXKM,74286,57.889959,14.969036,780,98986,126.905128,Z
2015-12-02T21:34:32+00:00,serverip,HLREO,49557,56.107598,69.312567,347,21839,62.936599,R
2015-02-24T03:34:31+00:00,serverip,ZGDTG,57337,-9.386218,-131.591345,756,30254,40.018519,G
2016-04-14T04:06:50+00:00,serverip,FYMRG,21924,-57.367137,131.787400,924,52979,57.336580,K
2015-08-19T22:14:43+00:00,serverip,IZPYB,37184,27.166265,-72.026538,602,86807,144.197674,S
2015-12-28T21:14:06+00:00,serverip,QDCOH,50566,17.234333,160.215766,153,27061,176.869281,F
2015-12-21T11:10:45+00:00,serverip,VIMGK,10778,-2.529405,176.896842,443,59758,134.893905,S
2015-08-25T00:07:05+00:00,serverip,SSYYC,64931,-24.022054,-176.532375,349,85014,243.593123,U
2015-10-31T18:05:55+00:00,serverip,MVSZO,61458,17.272092,55.682331,475,11315,23.821053,Z
2015-08-27T02:43:34+00:00,serverip,DDVQM,62855,59.524526,137.569555,557,12561,22.551167,Y
2015-11-10T12:05:42+00:00,serverip,VAPQR,55267,-47.752373,-150.887334,575,91634,159.363478,D
2015-03-19T23:10:10+00:00,serverip,YMEUE,52048,5.833518,40.408865,240,93780,390.750000,C
2015-01-12T07:59:10+00:00,serverip,ASULW,36616,48.615960,-12.220685,13,88715,6824.230769,G
2015-07-16T20:27:56+00:00,serverip,ZJKXN,33015,21.423650,71.965261,44,68329,1552.931818,X
2015-04-23T07:27:57+00:00,serverip,ZUFIY,75387,38.185217,-25.270018,84,28571,340.130952,R
2015-06-27T22:15:16+00:00,serverip,NOSWL,61153,-45.464078,38.058268,637,6724,10.555730,H
2015-04-17T12:21:18+00:00,serverip,HIZBQ,92072,-25.742136,16.775990,614,26034,42.400651,I
2016-04-15T20:41:46+00:00,serverip,ESMIV,15094,41.594158,-98.749787,399,52118,130.621554,L
2015-05-01T05:33:08+00:00,serverip,LWIYK,32997,24.231092,-116.956767,869,76302,87.804373,N
2016-05-28T19:20:35+00:00,serverip,KGIBZ,40424,-37.872183,-168.350376,547,27763,50.755027,G
2016-04-29T01:10:11+00:00,serverip,OUQBS,59838,-2.584934,-161.518589,118,77449,656.347458,H
2016-03-15T08:35:14+00:00,serverip,APTBY,33477,18.784281,-36.399779,553,11686,21.132007,F
2015-02-24T08:12:45+00:00,serverip,FKOVW,51556,-64.356407,121.820422,69,93741,1358.565217,B
2016-03-01T06:49:25+00:00,serverip,HQMSE,67139,-88.571785,79.730329,743,30862,41.537012,E
2015-03-14T13:10:50+00:00,serverip,GXJUF,65118,-27.062096,-123.132416,887,44716,50.412627,Q
2016-01-30T01:37:22+00:00,serverip,JGBWV,28601,-56.479135,-68.367611,26,62099,2388.423077,S
