2015-02-15T14:23:22+00:00,serverip,PRPQJ,97416,76.186592,-178.567975,244,53456,219.081967,S
2015-07-05T19:00:40+00:00,serverip,ZAGQF,88260,16.115838,-135.904717,417,19242,46.143885,X
2016-02-13T19:32:57+00:00,serverip,KCICB,17672,-60.656255,-93.188399,636,43177,67.888365,E
2015-04-01T11:56:06+00:00,serverip,MQYBQ,68421,22.177631,138.715669,606,71052,117.247525,D
2015-01-11T17:32:59+00:00,serverip,ERTMH,25602,33.406129,20.877717,587,83661,142.522998,M
2015-01-07T12:55:46+00:00,serverip,NPYXX,89416,44.041415,-98.700210,267,26410,98.913858,D
2016-03-29T21:18:36+00:00,serverip,WTFCQ,76741,71.304951,-136.750763,312,69912,224.076923,E
2015-11-24T08:07:11+00:00,serverip,NMPZA,56600,54.867745,-88.205672,552,8927,16.172101,H
2016-02-03T00:07:58+00:00,serverip,BOTKO,89734,-20.759738,-11.896908,424,54879,1294.316038,E
2015-03-30T14:50:14+00:00,serverip,QHPCM,11478,74.642795,27.795608,376,77690,206.622340,U
2015-03-17T14:22:19+00:00,serverip,XWPGQ,64308,69.049818,-57.575444,834,40175,48.171463,E
2015-10-17T11:44:28+00:00,serverip,PATKZ,23301,-54.656408,-3.725509,815,90781,111.387730,A
2016-05-08T00:56:48+00:00,serverip,VCKHK,65149,0.530066,-49.951241,981,84937,86.582059,R
2015-07-13T21:35:42+00:00,serverip,WSMHZ,80490,-33.876878,121.467260,425,23153,54.477647,N
2015-10-04T16:16:05+00:00,serverip,GEFSX,97849,-80.746012,-137.647863,400,93823,234.557500,I
2015-12-19T01:47:53+00:00,serverip,XZZOO,78831,78.353427,84.761768,629,87448,139.027027,V
2015-07-04T11:26:54+00:00,serverip,TKNIV,46984,2.708004,129.118622,775,60123,77.578065,Q
2015-05-04T18:15:18+00:00,serverip,NIHEP,62632,61.384774,15.899159,160,72337,452.106250,Q
2016-03-29T09:30:59+00:00,serverip,ILQLI,24530,-53.460227,-60.967871,276,58172,210.768116,B
2015-04-17T11:07:40+00:00,serverip,KSGWP,63079,28.727730,55.264260,674,97033,143.965875,A
2015-09-16T20:44:08+00:00,serverip,UEVYD,21353,-9.844470,116.437318,594,96423,162.328283,D
2015-08-15T16:54:44+00:00,serverip,HIWOK,52421,-1.243325,109.497740,317,67794,213.861199,V
2015-03-22T20:18:27+00:00,serverip,SMPDK,74083,36.458517,-4.067379,463,51124,110.419006,R
2016-04-13T19:58:47+00:00,serverip,DRVHS,16659,-20.596429,-61.086672,124,39940,322.096774,J
2016-04-30T11:18:08+00:00,serverip,EYUVI,79536,40.436393,88.131369,208,99917,480.370192,L
2016-05-04T18:45:15+00:00,serverip,WOMJK,36007,-28.274979,-141.470266,935,21380,22.866310,Y
2016-03-30T12:30:52+00:00,serverip,TMRLU,32113,-69.989245,3.133856,903,22109,24.483942,K
2015-01-22T17:46:15+00:00,serverip,GZNHV,51473,76.525795,-158.077982,236,32387,137.233051,I
2015-11-14T01:31:25+00:00,serverip,YWURL,19344,-17.943343,78.809133,500,25400,50.800000,B
2015-05-27T17:42:37+00:00,serverip,FHMVM,78641,66.615588,51.882967,307,20120,65.537459,A
2016-01-07T01:57:38+00:00,serverip,IYRXX,60443,73.086557,-15.921760,477,81739,171.360587,T
2016-02-17T02:35:40+00:00,serverip,LHTJB,25260,-85.117070,84.617655,408,3823,9.370098,A
2016-01-30T10:32:05+00:00,serverip,EELYO,82607,-34.687166,-102.733099,575,89822,156.212174,Y
2015-10-12T01:31:32+00:00,serverip,KFTLA,32756,-87.915885,-106.423297,771,4643,6.022049,W
2016-05-07T06:23:28+00:00,serverip,EUPEF,13065,-45.517568,-101.666545,490,31262,63.800000,X
2016-04-03T07:16:06+00:00,serverip,OYKML,96743,-73.348927,-166.183478,898,54220,60.378619,J
2016-02-21T17:37:00+00:00,serverip,FAQBT,59841,84.382625,128.433467,920,34228,37.204348,T
2016-01-18T08:59:21+00:00,serverip,CMSRE,85165,-13.775823,-150.647590,227,55032,242.431718,I
2015-05-06T05:49:39+00:00,serverip,WRUGP,14752,38.237827,98.335405,468,58788,125.615385,D
2015-08-02T19:01:42+00:00,serverip,QBLEG,59619,52.339215,143.019711,293,72776,248.382253,J
2015-12-11T13:10:31+00:00,serverip,DBCNH,78395,-47.296533,40.493228,638,83632,131.084639,K
2015-04-27T23:52:28+00:00,serverip,FKCBH,74911,80.022305,144.324378,705,94811,134.483688,Q
2016-04-19T18:15:31+00:00,serverip,CCDBX,71178,33.007260,27.542479,657,2222,3.382040,R
2015-04-21T10:25:26+00:00,serverip,NFOIG,64335,37.040221,134.417047,60,66344,1105.733333,Q
2015-05-23T06:33:41+00:00,serverip,ZEIDB,32260,-54.697893,-178.446796,749,7453,9.950601,R
2015-03-17T15:45:11+00:00,serverip,EMMFP,94106,70.451953,-90.843373,809,36669,45.326329,M
2015-08-26T16:30:44+00:00,serverip,KBGTJ,55597,-63.279441,102.797132,900,7175,7.972222,E
2015-01-10T19:07:15+00:00,serverip,KKUKQ,94276,82.122033,6.251507,672,67168,99.952381,D
2015-07-06T07:08:21+00:00,serverip,IJZIR,69338,-7.446128,104.270711,476,35747,75.098739,T
2015-01-24T17:46:56+00:00,serverip,UVNIF,69241,16.283993,54.945735,468,64094,136.952991,E
2015-01-04T20:26:24+00:00,serverip,ZYBUE,90855,39.205212,83.755654,943,91122,96.629905,C
2015-08-03T04:04:59+00:00,serverip,PYGLO,53280,-71.335845,72.953490,741,9542,12.877193,T
2016-03-16T23:50:12+00:00,serverip,MNOPG,52058,18.109506,61.060423,381,23246,61.013123,Z
2016-04-04T14:03:40+00:00,serverip,ODOHL,42527,15.945774,-9.950172,320,15049,47.028125,I
2015-02-05T18:19:08+00:00,serverip,GVEOR,34612,-13.930184,-105.129674,888,22910,25.799550,Z
2015-12-26T18:56:50+00:00,serverip,RRIAJ,76168,55.094320,86.752905,764,90908,118.989529,T
2015-07-25T09:17:41+00:00,serverip,KZSEX,93665,-31.807373,17.490457,414,73368,177.217391,Z
2015-10-19T07:03:32+00:00,serverip,FVQQZ,89812,70.067699,63.139618,59,17127,290.288136,I
2016-05-13T23:57:42+00:00,serverip,PJALJ,89839,-50.914508,125.025315,365,79835,218.726027,W
2015-09-01T05:54:23+00:00,serverip,BBELQ,12868,-68.453028,-2.732769,567,17117,30.188713,O
2015-10-26T02:46:52+00:00,serverip,HAVLQ,75030,11.085533,106.674187,554,34532,62.332130,Q
2015-10-09T10:59:49+00:00,serverip,DUOBZ,12964,32.025671,-38.600573,66,52111,789.560606,O
2015-02-15T17:04:38+00:00,serverip,QZIXH,73641,54.837452,111.591747,103,87476,849.281553,P
2015-02-04T10:59:46+00:00,serverip,ZSZZR,93124,-57.992605,3.670658,930,85743,92.196774,R
2016-03-09T16:31:04+00:00,serverip,SMQPG,40855,13.593147,-169.943140,146,99372,680.630137,A
2015-01-30T20:23:54+00:00,serverip,ZDVEV,37212,-1.567465,-4.245165,673,52128,77.456166,J
2016-01-16T10:19:47+00:00,serverip,FMENX,92234,59.205410,38.479251,36,86801,2411.138889,D
2015-01-18T11:17:41+00:00,serverip,DBGCC,16704,-48.907242,-115.421266,646,89990,139.303406,F
2015-10-12T21:39:18+00:00,serverip,KLGEJ,55596,-6.402835,174.493175,250,86687,346.748000,W
2015-11-27T10:41:12+00:00,serverip,LVEBL,93990,15.058869,-88.055517,637,78713,123.568289,V
2016-05-02T12:39:49+00:00,serverip,OEFOK,44873,-35.200392,-179.547286,810,79282,97.879012,H
2016-01-17T17:55:39+00:00,serverip,AGQIA,29925,-34.536844,170.423083,125,32139,257.112000,L
2015-04-27T23:14:31+00:00,serverip,HDLFR,32099,-5.719868,-37.118878,124,52405,4226.209677,D
2015-06-03T15:18:29+00:00,serverip,OYAYE,70857,31.964136,-103.126263,99,11083,111.949495,B
2016-04-11T06:23:21+00:00,serverip,ESFLV,93689,-43.862868,-4.713594,543,83601,153.961326,H
2015-08-04T00:13:37+00:00,serverip,QWVEF,60857,20.524121,61.784111,210,47246,224.980952,S
2015-03-16T05:08:35+00:00,serverip,HXVIO,71903,53.720349,-8.496993,77,55629,722.454545,M
2015-01-11T08:25:53+00:00,serverip,ZTESB,40279,88.050152,129.043613,93,66821,718.505376,J
2015-09-12T19:32:46+00:00,serverip,HZVJK,10508,-81.077453,175.474998,102,78098,765.666667,W
2016-04-16T14:22:29+00:00,serverip,NYUNL,22003,-10.200282,-133.524166,460,55375,120.380435,P
2015-02-26T01:20:57+00:00,serverip,PEDZW,43508,69.145105,-53.680941,990,46850,47.323232,N
2016-01-24T21:35:25+00:00,serverip,VMGHS,49406,-38.510491,-159.180201,259,82000,316.602317,V
2015-06-25T21:56:47+00:00,serverip,ICTZZ,36640,3.446884,-110.893562,898,76217,84.874165,V
2015-08-20T10:00:50+00:00,serverip,XXDYD,70189,-71.721929,55.177477,153,21206,138.601307,Z
2015-05-15T09:58:41+00:00,serverip,GFEKX,31688,16.735974,3.814567,173,26895,155.462428,T
2015-07-24T16:47:17+00:00,serverip,PVESV,28669,45.182276,86.165872,874,22148,25.340961,S
2015-03-20T11:48:57+00:00,serverip,PKVTD,75032,-16.172752,-11.601542,926,42411,45.800216,F
2015-06-15T01:26:18+00:00,serverip,TSKNO,69494,-26.795761,179.407975,92,85562,930.021739,F
2015-05-11T07:48:58+00:00,serverip,OILLI,50998,-9.214275,-138.631621,574,21321,37.144599,N
2016-04-01T10:06:33+00:00,serverip,JPAVJ,51269,-88.092526,119.214747,524,67061,127.979008,M
2015-07-10T14:48:08+00:00,serverip,WPXAD,31501,-10.161080,-52.866999,268,93916,350.432836,K
2016-01-27T20:45:28+00:00,serverip,AYGQB,21196,72.751123,-147.125145,239,73173,306.163180,O
2016-04-28T06:06:06+00:00,serverip,TFHWU,73352,68.207013,-157.458890,984,96449,98.017276,T
2015-07-10T15:59:21+00:00,serverip,OTLTH,60452,-67.191132,85.337252,824,34425,41.777913,K
2015-09-30T15:49:34+00:00,serverip,XJGCB,81767,43.424985,-43.900026,519,63326,122.015414,S
2016-04-24T01:00:38+00:00,serverip,ROTAO,98227,-89.562741,163.004358,22,79726,3623.909091,S
2016-04-08T02:08:48+00:00,serverip,HFHDH,88581,-25.420365,87.058176,147,77766,529.020408,Q
2015-05-31T13:30:11+00:00,serverip,XIYBH,10423,-25.692741,32.213879,226,69322,306.734513,U
2016-01-05T10:43:27+00:00,serverip,JMLYJ,10431,-17.240858,-31.315766,560,8768,15.657143,Z
2016-02-25T11:24:21+00:00,serverip,VLTOA,16167,6.694774,157.276837,68,95568,1405.411765,E
2016-04-11T04:59:53+00:00,serverip,NTOIH,28132,24.701854,154.331568,834,81780,98.057554,B
2016-06-02T05:18:38+00:00,serverip,UVLAV,39665,36.294225,150.972419,487,51471,105.689938,V
2016-05-18T18:58:18+00:00,serverip,EVYZR,87709,58.964283,-3.826357,10,93689,9368.900000,Q
2015-03-13T08:12:23+00:00,serverip,PLNLJ,93606,8.658444,-101.910156,263,99084,376.745247,N
2015-12-27T19:19:35+00:00,serverip,RHZFS,89204,-42.060723,-110.996010,690,39178,56.779710,P
2015-07-03T06:30:48+00:00,serverip,QWZQY,93207,-63.797916,31.572097,514,74318,144.587549,M
2015-07-31T18:22:09+00:00,serverip,EKVVX,83387,-81.432247,136.907282,146,62418,427.520548,T
2016-04-08T17:47:34+00:00,serverip,NBMQN,65870,33.768791,-65.450497,200,66684,333.420000,N
2016-01-05T19:42:19+00:00,serverip,PWSFY,72888,-78.916160,133.727772,114,89071,781.324561,C
2015-09-12T22:35:57+00:00,serverip,QSXHA,97722,23.282499,-152.632847,501,53724,107.233533,Q
2015-05-17T21:04:59+00:00,serverip,XGJHO,27307,-86.296487,-97.733445,488,67453,138.223361,Z
2016-01-17T01:44:26+00:00,serverip,LDWIO,80808,-73.991879,-123.533392,792,90546,114.325758,N
2015-12-17T00:58:05+00:00,serverip,SHFJA,81644,48.076843,15.445295,68,17750,261.029412,O
2015-04-04T16:38:47+00:00,serverip,WGQGU,21460,18.606059,162.832180,977,51027,52.228250,Z
2015-08-28T10:18:30+00:00,serverip,ZZFUT,10030,-77.052351,160.818721,381,62983,165.309711,M
2016-01-26T00:51:00+00:00,serverip,EJHHG,59179,58.096767,88.025681,69,78286,1134.579710,Z
2015-01-04T01:46:02+00:00,serverip,GYRGF,51429,-65.936753,-81.867074,876,45436,51.867580,I
2015-04-20T11:38:05+00:00,serverip,WNVPZ,35303,41.728141,75.847906,463,95620,206.522678,Q
2016-02-06T14:56:11+00:00,serverip,WKIWQ,29118,-65.192175,-116.645729,332,73536,221.493976,M
2015-12-14T21:05:46+00:00,serverip,RBQHQ,81530,-5.934317,-131.518054,161,99989,621.049689,D
2016-04-26T15:07:16+00:00,serverip,SXGMH,11680,-61.143106,-94.430722,687,98059,142.735080,V
2016-04-18T03:30:27+00:00,serverip,TZWOT,72590,80.802476,-157.290716,103,77643,753.815534,R
2015-08-25T06:07:41+00:00,serverip,BEUWK,59819,-17.067126,89.087135,844,24730,29.300948,D
2015-09-02T14:21:40+00:00,serverip,RDFJO,18412,37.728902,-55.253641,283,94542,334.070671,H
2015-04-14T06:17:05+00:00,serverip,HUZLJ,11311,-17.497633,-88.789603,283,12415,43.869258,D
2015-02-04T04:29:48+00:00,serverip,XHDXD,98639,9.521035,75.495616,644,20766,32.245342,M
2015-03-14T12:01:10+00:00,serverip,SNNCD,68036,80.495064,74.322763,902,12095,13.409091,M
2015-09-21T02:28:22+00:00,serverip,FTUGE,54234,-13.647055,136.023140,17,72938,4290.470588,Z
2016-01-27T02:28:27+00:00,serverip,DPUZV,55070,47.110624,145.503501,328,40904,124.707317,V
2015-10-05T22:35:55+00:00,serverip,FVOKJ,10103,10.995233,-14.877011,372,67688,181.956989,U
2015-05-02T17:03:11+00:00,serverip,ZIAPA,12248,46.975452,-15.800525,758,66834,88.171504,R
2015-10-19T22:13:38+00:00,serverip,MLKAC,77875,43.523518,-139.031837,931,97133,104.331901,P
2015-11-02T00:41:46+00:00,serverip,PHKNM,80508,28.460959,-24.742790,509,79124,155.449902,W
2015-12-12T15:51:28+00:00,serverip,XIOWE,69318,-19.940915,-47.180771,564,23100,40.957447,P
2015-04-13T15:39:10+00:00,serverip,FTZYS,96305,51.948141,59.359795,835,91654,109.765269,S
2015-12-22T02:54:20+00:00,serverip,UGTNQ,60526,-9.565168,-32.171619,633,84906,134.132701,C
2015-01-28T03:56:37+00:00,serverip,LMGYG,53626,-87.651271,15.985026,982,13140,13.380855,K
2015-07-21T19:14:51+00:00,serverip,TMTCL,33986,23.291312,145.597394,258,47807,185.298450,U
2015-06-21T21:36:10+00:00,serverip,FKGQN,74059,56.003269,-121.642563,834,68878,825.875300,X
2015-07-05T00:37:10+00:00,serverip,WFLMK,50436,22.022699,-108.778418,12,82976,6914.666667,B
2015-04-12T13:41:23+00:00,serverip,PIBBX,59363,11.704189,-79.121089,331,70801,213.900302,C
2016-04-25T14:00:39+00:00,serverip,GEDWP,47156,4.375471,-29.398677,217,51843,238.907834,I
2015-01-18T00:03:18+00:00,serverip,MOXRP,29716,70.745341,-38.765553,75,59264,790.186667,J
2015-04-30T21:31:47+00:00,serverip,DLYJB,39348,-27.162238,-179.274949,125,87599,7007.920000,H
2015-01-07T13:56:40+00:00,serverip,YGJRE,35504,5.666345,103.596178,373,38729,103.831099,I
2016-01-24T22:56:04+00:00,serverip,NSAQF,51842,62.307355,52.248089,578,60829,105.240484,U
2015-06-29T06:37:11+00:00,serverip,XUIRX,34693,-87.200927,-60.602413,302,69302,229.476821,G
2015-09-03T17:32:29+00:00,serverip,CYVMB,11500,-2.608955,-106.338304,439,8748,19.927107,S
2015-06-18T13:02:35+00:00,serverip,KJMGJ,25760,14.437900,50.685047,38,22576,594.105263,W
2015-10-11T11:22:14+00:00,serverip,JPKOT,50718,74.296672,77.888754,560,58737,104.887500,K
2015-12-19T03:00:34+00:00,serverip,WFVGT,46781,-15.703607,-139.947690,456,3603,7.901316,Y
2015-11-28T22:48:56+00:00,serverip,TLODT,67212,-67.371102,-130.020102,566,20211,35.708481,I
2015-02-04T14:22:04+00:00,serverip,FCYJU,96800,-67.388621,-18.719084,719,93139,129.539638,L
2015-02-07T01:51:44+00:00,serverip,XMNET,67766,7.826084,-82.489944,634,72530,114.400631,B
2015-12-11T16:18:41+00:00,serverip,FCLSX,42059,-36.951021,-94.787403,114,84962,745.280702,T
2016-04-04T11:33:31+00:00,serverip,EZZUD,16160,56.045497,-169.587291,619,67161,108.499192,N
2016-05-23T08:33:20+00:00,serverip,LAZMZ,37936,15.444080,-122.671700,896,95711,106.820312,A
2015-05-03T05:56:20+00:00,serverip,EHYHO,21169,84.338858,-167.906054,41,17508,427.024390,O
2015-04-10T08:41:02+00:00,serverip,VNKSB,71686,-2.338755,154.303368,786,48001,61.069975,Y
2015-10-11T05:36:27+00:00,serverip,PLTMV,19748,-42.519664,130.027710,686,16582,241.720117,L
2015-06-05T14:19:59+00:00,serverip,YFJTZ,35510,54.397369,101.644417,461,21973,47.663774,B
2015-03-15T04:50:33+00:00,serverip,RVQEO,77111,32.120190,136.077362,319,97110,304.420063,S
2016-02-11T04:36:54+00:00,serverip,DBWDR,46325,-27.075611,-94.460413,734,52417,71.412807,M
2015-08-03T14:13:08+00:00,serverip,TIYEF,76120,49.534618,-12.007467,237,84365,355.970464,U
2015-08-26T13:57:42+00:00,serverip,IPDYG,72330,45.521008,-105.676491,815,18725,22.975460,P
2016-03-25T15:46:33+00:00,serverip,DDLSB,69742,88.328633,51.368980,938,69246,73.823028,F
2016-01-04T06:04:46+00:00,serverip,BGEUD,74168,-60.051745,156.610201,721,11213,15.552011,Y
2015-03-12T22:17:18+00:00,serverip,GSDBX,57691,62.126435,143.159287,678,81026,119.507375,I
2015-11-02T10:24:50+00:00,serverip,IBQKX,93555,-60.326284,-115.169558,581,89721,154.425129,I
2015-04-01T19:54:24+00:00,serverip,OLDXX,33410,-23.204394,103.526206,957,54081,565.109718,V
2016-05-22T17:46:41+00:00,serverip,ZNMEO,48954,-5.665389,93.867169,119,50119,421.168067,S
2015-01-03T21:20:49+00:00,serverip,GHUQO,57500,-66.721504,-107.613023,546,31164,57.076923,C
2015-09-21T12:51:42+00:00,serverip,PLBIN,58654,57.324138,-97.406529,838,29466,35.162291,O
2016-02-11T01:40:52+00:00,serverip,VMFSO,97771,-25.009703,61.226542,779,48509,62.270860,H
2016-02-03T22:07:01+00:00,serverip,LWESX,52354,75.555029,39.067069,979,26444,27.011236,T
2015-06-12T19:45:54+00:00,serverip,JSBYG,43794,23.738828,168.028336,490,59408,121.240816,S
2015-11-29T14:28:58+00:00,serverip,WSOOB,36962,67.294336,-44.808192,276,74553,270.119565,V
2015-09-16T00:51:20+00:00,serverip,HQDYO,53230,82.947661,-67.175960,282,72361,256.599291,L
2016-05-24T01:14:34+00:00,serverip,FUWJX,91394,-55.469683,77.056637,21,80439,3830.428571,W
2015-09-15T15:32:58+00:00,serverip,ETFFV,65917,72.166442,-48.743710,181,16529,91.320442,Z
2016-04-11T11:00:30+00:00,serverip,HKBZO,20895,43.947728,-52.241919,834,39416,47.261391,K
2015-11-23T14:06:24+00:00,serverip,ZOUMY,76532,-70.273926,-13.187119,859,13563,15.789290,J
2016-01-22T08:18:13+00:00,serverip,CBACC,13001,-31.587955,-152.010758,602,76047,126.323920,U
2015-02-14T13:27:54+00:00,serverip,TZUEP,64066,-14.789222,155.406719,954,34066,35.708595,T
2015-02-27T15:59:03+00:00,serverip,NRNFK,75289,30.748260,-99.996554,81,46889,578.876543,R
2015-03-11T11:33:56+00:00,serverip,XKSBO,73095,-88.927331,127.885111,529,27124,51.274102,L
2015-04-05T04:19:26+00:00,serverip,CWUWM,78453,47.477433,127.334725,960,7651,7.969792,J
2016-04-23T22:36:22+00:00,serverip,MAPYR,80274,-58.071334,176.181538,452,32772,72.504425,Z
2015-07-24T21:24:09+00:00,serverip,THRGI,52318,43.280949,-22.793337,269,5638,20.959108,E
2015-04-10T18:24:42+00:00,serverip,QFWBT,49815,11.493789,-41.080700,485,55697,114.839175,R
2016-02-10T15:52:09+00:00,serverip,RBJQR,47132,-48.071355,-90.645855,145,56909,392.475862,N
2015-01-13T08:17:50+00:00,serverip,PBFBP,61958,-28.692149,154.392953,938,62385,66.508529,C
2015-07-12T02:55:32+00:00,serverip,CPADD,66485,64.344311,13.171800,15,80124,5341.600000,C
2016-04-03T06:39:12+00:00,serverip,MORXG,60669,55.835847,87.741681,548,2240,4.087591,F
2016-05-14T15:51:35+00:00,serverip,GHQKO,22480,-21.773986,62.724280,407,48558,119.307125,X
2016-01-24T03:30:05+00:00,serverip,RPOST,90430,35.957843,90.125063,758,22532,29.725594,Z
2015-11-09T20:51:48+00:00,serverip,AAVNT,61331,88.385306,75.162314,199,52234,262.482412,F
2015-07-26T01:35:27+00:00,serverip,PTKBF,75183,77.179321,-56.430998,286,85822,300.076923,F
2016-03-10T21:45:21+00:00,serverip,VOZSP,39345,71.887334,-83.471891,338,47749,141.269231,F
2015-04-05T20:55:20+00:00,serverip,PQWCM,89616,88.282216,55.061952,644,95226,147.866460,F
2015-12-19T00:04:38+00:00,serverip,HYDRZ,93063,9.044403,48.364739,158,10363,65.588608,Y
2015-08-29T08:15:12+00:00,serverip,KVQEW,44876,75.595874,109.216956,403,12920,32.059553,M
2016-01-26T04:45:34+00:00,serverip,XTNIL,17023,-72.971277,-37.296103,653,84398,129.246554,S
2015-06-09T06:40:34+00:00,serverip,IGTKV,76714,-26.981863,116.484226,555,94392,170.075676,W
2015-12-09T22:52:44+00:00,serverip,ISYCR,61420,-50.680306,-79.783602,490,66860,136.448980,D
2016-01-24T07:31:24+00:00,serverip,OFXDE,84639,36.376996,-13.091811,534,14996,28.082397,A
2015-03-17T02:57:15+00:00,serverip,JNFVI,45299,50.443780,178.351151,331,85287,257.664653,B
2016-03-07T09:50:10+00:00,serverip,XLBOQ,52418,-75.141484,-133.324322,260,50516,194.292308,S
2015-07-19T07:55:02+00:00,serverip,UVZNO,83502,-28.189434,-137.213590,897,12190,13.589744,X
2015-12-31T04:27:15+00:00,serverip,NHBQW,84797,31.139235,9.919802,804,21236,26.412935,N
2016-04-19T20:10:33+00:00,serverip,JAPPZ,52346,-87.141043,-93.854278,480,84832,176.733333,B
2015-02-25T11:40:34+00:00,serverip,ANMFV,80445,3.140436,-146.821644,984,36793,37.391260,A
2016-03-02T02:03:36+00:00,serverip,SGSNA,32021,-64.449622,71.431126,144,77084,535.305556,N
2015-06-20T10:42:43+00:00,serverip,AEPFI,85364,83.302884,32.263620,518,94508,182.447876,W
2015-11-23T02:00:15+00:00,serverip,VHTTN,90073,-73.133329,-26.943316,695,70291,101.138129,U
2015-01-26T10:37:23+00:00,serverip,EWSLB,55858,-45.651956,-165.513387,92,43661,474.576087,T
2015-06-28T04:46:07+00:00,serverip,YNULT,50041,32.455207,10.525007,145,47850,330.000000,R
2015-04-09T17:29:12+00:00,serverip,IKSEZ,29473,-89.455047,-38.362347,587,49026,83.519591,N
2015-01-06T18:20:14+00:00,serverip,ELNQL,92385,8.134638,148.657577,177,56758,320.666667,D
2016-01-25T05:30:55+00:00,serverip,AIQKR,97147,-51.211005,-14.947842,173,53056,306.682081,E
2016-01-21T23:15:49+00:00,serverip,BGMZK,93548,41.185695,-88.565384,850,24208,28.480000,J
2016-05-26T15:30:57+00:00,serverip,WCBEW,51607,-61.189580,-148.479658,351,49067,139.792023,J
2015-12-10T18:51:10+00:00,serverip,SNJRO,47538,18.139981,-112.176652,130,87175,670.576923,E
2016-04-10T04:29:53+00:00,serverip,DVFUE,56775,-71.376470,162.419369,709,16394,23.122708,Z
2015-12-20T22:36:17+00:00,serverip,IHUYM,60509,57.256234,-65.588033,275,97812,355.680000,Q
2016-04-28T06:09:26+00:00,serverip,TBSXK,79691,38.856834,10.352822,107,50977,476.420561,J
2015-05-19T22:00:47+00:00,serverip,VJAMB,41871,49.765508,-51.164502,239,6816,28.518828,F
2015-10-17T05:58:01+00:00,serverip,EZUOR,27570,-37.292054,-51.049116,820,24001,29.269512,C
2015-07-03T05:55:05+00:00,serverip,LFZVZ,81230,-77.108402,-7.154650,930,11571,12.441935,T
2016-01-25T01:27:08+00:00,serverip,ZUSNS,76783,-25.907739,150.806596,38,62105,16343.421053,A
2015-05-12T21:03:16+00:00,serverip,SUSCS,32051,81.294986,161.403413,145,84570,5832.413793,L
2015-03-22T21:44:08+00:00,serverip,GAGQL,59584,0.799587,171.829068,979,73346,74.919305,P
2015-08-28T03:41:41+00:00,serverip,OSTPT,58052,50.922236,-83.621762,198,78425,396.085859,M
2016-01-10T20:39:14+00:00,serverip,XJQUL,15711,-70.963678,-28.568741,139,9628,69.266187,Y
2015-08-07T02:48:06+00:00,serverip,YHOCU,89930,-83.470339,113.577194,851,68966,81.041128,E
2015-11-19T01:32:25+00:00,serverip,ZIXWQ,44631,-77.968189,-163.310183,697,96772,138.840746,O
2015-03-22T09:50:15+00:00,serverip,EQEXA,79141,-47.465259,-17.446182,913,78126,85.570646,J
2015-09-09T17:36:30+00:00,serverip,PWKNB,14436,32.343957,32.021088,879,31455,35.784983,Q
2015-02-03T00:31:47+00:00,serverip,SNFXH,94322,30.534725,-158.263644,45,11450,254.444444,M
2015-11-15T09:42:19+00:00,serverip,BXNLX,33680,-10.526295,-134.526168,554,8971,16.193141,U
2015-11-07T14:38:43+00:00,serverip,GZQOR,96059,44.908732,-48.373279,149,76940,516.375839,Y
2016-01-15T09:22:54+00:00,serverip,VBHIM,46144,61.463574,158.094791,754,62757,83.232095,W
2015-03-05T17:34:10+00:00,serverip,TYUWP,97335,57.172385,-49.415595,657,10738,16.343988,B
2016-01-31T08:29:18+00:00,serverip,FSGCZ,76968,76.409670,96.650099,120,11655,97.125000,Q
2015-11-12T13:34:43+00:00,serverip,KFWMY,79297,-76.075782,73.499044,41,17558,428.243902,H
2015-09-25T08:05:11+00:00,serverip,FEYCF,19874,75.022008,-95.258875,535,7805,14.588785,P
2015-02-21T15:00:41+00:00,serverip,VNOHY,25523,-75.697829,81.238262,341,90856,266.439883,J
2015-06-13T22:56:40+00:00,serverip,FPKZQ,44729,-48.331588,-34.719718,588,20676,35.163265,J
2015-06-13T18:20:54+00:00,serverip,MQWFM,50387,-1.224130,-9.802912,102,41402,405.901961,P
2016-05-09T02:39:31+00:00,serverip,DFCZG,58769,13.951488,13.306489,548,76086,1388.430657,U
2015-01-24T20:21:50+00:00,serverip,FHOZO,53506,15.979631,46.151249,423,66408,1569.929078,E
2015-04-20T21:01:53+00:00,serverip,PQQEA,32389,52.844221,65.480774,960,88599,92.290625,W
2015-08-22T06:07:35+00:00,serverip,JMWBM,91446,-82.858776,-145.711451,670,68008,101.504478,B
2015-10-04T23:32:48+00:00,serverip,CLJXS,60306,70.213804,91.718347,745,65731,88.229530,E
2016-05-25T00:58:57+00:00,serverip,XVJQR,96964,-54.506635,-15.312840,404,71801,177.725248,M
2015-01-12T02:36:09+00:00,serverip,SAIJG,11711,43.078580,26.956738,222,13077,58.905405,P
2015-07-05T14:02:18+00:00,serverip,EWWOU,27144,12.676066,62.647353,377,7133,18.920424,O
2016-03-22T03:52:46+00:00,serverip,TIXIR,64530,13.346033,3.544353,445,75399,169.435955,W
2016-01-06T19:25:04+00:00,serverip,OEZPM,45408,88.040181,-11.498407,524,48293,92.162214,C
2015-11-06T14:56:24+00:00,serverip,SJZTA,67287,-52.119748,101.008593,264,26003,98.496212,K
2015-07-14T00:49:20+00:00,serverip,XNIWI,10583,-16.931781,98.196291,640,94383,147.473437,L
2015-03-10T09:23:21+00:00,serverip,DUGOR,20684,87.072253,53.246429,327,61356,187.633028,Q
2015-01-04T22:44:49+00:00,serverip,IBYCM,93871,88.279777,-39.895111,620,61435,99.088710,C
2015-08-27T22:38:12+00:00,serverip,YUCDC,13324,-45.492052,44.396858,509,90134,177.080550,C
2015-10-20T16:21:44+00:00,serverip,BYQTH,48051,-22.275564,90.317567,311,51773,1664.726688,N
2016-03-01T13:43:35+00:00,serverip,HARMB,87743,35.244550,-5.689400,241,25833,107.190871,S
2015-04-18T18:50:22+00:00,serverip,HQMKM,24655,27.678291,-78.995243,935,6564,70.203209,O
2015-02-08T01:50:41+00:00,serverip,TEHVH,46968,-63.799874,-129.129962,586,68275,116.510239,Y
2015-04-24T03:27:54+00:00,serverip,IWKAB,50594,35.500685,124.857587,323,85548,264.854489,O
2016-02-05T10:04:59+00:00,serverip,QWAPA,15004,10.902335,48.214630,405,60456,149.274074,N
2016-01-16T05:32:25+00:00,serverip,ICPKE,62643,-51.575049,-85.600427,186,67138,360.956989,L
2016-02-11T14:27:14+00:00,serverip,WARKD,15266,67.863016,14.808999,719,14894,20.714882,E
2015-06-20T11:08:53+00:00,serverip,XJLWS,88440,15.609571,51.238258,307,48940,159.413681,S
2016-03-28T02:58:58+00:00,serverip,TJCON,58504,-37.114111,-161.639288,700,79559,113.655714,H
2015-01-30T22:20:35+00:00,serverip,UUNXV,69359,79.445450,-8.021539,596,81681,137.048658,A
2015-06-06T18:04:35+00:00,serverip,ARKZU,51917,27.532667,-76.170023,742,76738,103.420485,R
2016-06-02T10:04:39+00:00,serverip,LGJVA,45834,-26.700232,-145.610364,425,56746,133.520000,Q
2015-08-07T05:34:38+00:00,serverip,IDYZG,90331,-75.905817,-145.841393,539,84135,156.094620,L
2016-04-18T07:40:54+00:00,serverip,UANLD,85146,-26.881613,141.961683,992,17934,18.078629,D
2015-11-28T06:06:43+00:00,serverip,BZOVG,36007,-1.557176,-81.192525,245,10894,44.465306,R
2016-02-29T08:19:49+00:00,serverip,HAJKC,34071,-82.252971,-39.311682,794,65685,82.726700,Z
2015-05-01T18:36:57+00:00,serverip,UCABS,58854,-29.166105,-85.919651,723,72752,100.625173,A
2015-07-06T10:09:44+00:00,serverip,ZSILY,40660,75.154284,-72.721952,584,5491,9.402397,F
2016-05-10T10:51:12+00:00,serverip,ZAFTW,42373,35.192622,-32.079315,391,38544,98.578005,M
2015-08-21T01:41:24+00:00,serverip,FFGCT,81582,-11.084000,-64.522070,118,57019,483.211864,J
2015-04-06T09:55:38+00:00,serverip,KKTLY,37539,1.065982,56.552467,809,90005,111.254635,M
2015-09-06T15:51:54+00:00,serverip,UVIRA,60536,-4.682196,-98.821804,212,78151,368.636792,B
2015-02-09T17:52:18+00:00,serverip,KONYU,12671,60.390213,118.193954,591,5322,9.005076,S
2016-01-02T17:19:39+00:00,serverip,QUFYW,73091,46.903476,-25.820708,241,3133,13.000000,V
2015-04-06T13:37:14+00:00,serverip,LIZAM,85578,6.022703,-28.614057,409,52364,128.029340,N
2016-04-16T20:32:38+00:00,serverip,FPXNZ,77350,-40.689854,82.011607,521,29015,55.690979,W
2016-01-25T17:48:29+00:00,serverip,QDRWG,79341,26.588024,161.542761,961,9442,9.825182,H
2015-09-03T07:20:41+00:00,serverip,DXRMT,67964,34.822543,148.639163,228,90721,397.899123,S
2015-02-26T05:14:44+00:00,serverip,MBMAL,67968,-47.970277,179.934025,132,13891,105.234848,X
2015-11-11T08:50:26+00:00,serverip,AMGSY,93611,-43.053757,-94.944832,748,78750,105.280749,B
2016-03-10T06:47:37+00:00,serverip,YSDOJ,30246,71.756705,137.760566,595,61926,104.077311,P
2016-03-08T23:28:02+00:00,serverip,DVVLR,73557,72.868120,-8.667556,789,86748,109.946768,F
2016-01-24T09:09:21+00:00,serverip,QGKCQ,16457,-77.204283,0.636608,411,46953,114.240876,R
2016-05-26T08:42:21+00:00,serverip,MBNLK,42726,41.234314,100.736415,574,88603,154.360627,H
2015-02-17T21:59:52+00:00,serverip,QIPRO,73774,-35.686493,48.505505,151,54750,362.582781,B
2015-01-20T12:51:04+00:00,serverip,NQKPG,82837,-52.694807,-159.473315,850,30860,363.058824,H
2015-01-19T17:21:34+00:00,serverip,GDPEQ,38770,-89.797565,-90.874458,994,70178,70.601610,T
2015-02-15T20:37:00+00:00,serverip,EHWFJ,98816,-79.979536,58.322665,928,17053,18.376078,O
2016-05-03T11:29:25+00:00,serverip,QKFLL,60878,-12.005269,-93.912462,677,75759,111.903988,D
2016-05-16T09:27:18+00:00,serverip,JALSJ,97594,-81.482964,117.876726,729,41031,56.283951,W
2015-11-16T10:53:34+00:00,serverip,XGPBZ,65601,36.193899,101.888509,216,79235,366.828704,J
2015-10-05T18:57:56+00:00,serverip,OFBZO,89175,8.586904,-80.576328,106,2453,23.141509,F
2015-06-16T12:03:25+00:00,serverip,VIRLQ,93430,-39.833635,2.524240,217,10740,49.493088,W
2016-01-27T08:16:01+00:00,serverip,SIJUJ,17782,33.535384,-116.653845,714,25472,35.675070,Y
2015-04-20T16:50:43+00:00,serverip,YJPAY,74020,-51.187568,11.507577,940,82636,87.910638,T
2015-07-19T08:26:34+00:00,serverip,YFHFR,26636,-8.079766,-106.943451,219,18943,86.497717,N
2015-03-19T00:10:30+00:00,serverip,DGAKV,54850,-32.954274,93.789420,127,26716,210.362205,S
2015-02-06T14:45:23+00:00,serverip,OLNJG,60988,35.931589,-96.206302,555,2186,3.938739,O
2015-11-11T19:33:03+00:00,serverip,GHOGP,38240,49.880292,177.030769,747,80018,107.119143,E
2015-11-02T22:06:57+00:00,serverip,ZHILI,58217,4.104565,-4.878454,157,30906,196.853503,G
2016-02-12T06:44:18+00:00,serverip,BJMXV,76317,18.221186,78.892466,736,51959,70.596467,Z
2016-04-24T16:18:13+00:00,serverip,QPJRM,63432,60.953429,101.107984,99,15941,161.020202,U
2016-04-12T05:08:04+00:00,serverip,LLTCD,92241,50.246851,-106.102646,168,35048,208.619048,A
2015-01-27T06:16:30+00:00,serverip,BYXFV,42485,47.533920,-13.904630,474,83224,175.578059,U
2015-10-04T16:56:22+00:00,serverip,BDOTF,55788,16.586810,31.850715,326,39522,121.233129,W
2016-02-19T04:10:42+00:00,serverip,UEJBV,44532,86.322866,168.094676,710,51854,73.033803,A
2015-05-26T12:37:20+00:00,serverip,BGYQJ,40844,2.661072,-72.102238,520,91456,175.876923,C
2015-12-11T09:14:50+00:00,serverip,QJFBW,68459,24.411033,-171.103814,683,7739,11.330893,J
2016-02-09T08:40:27+00:00,serverip,ROLVF,12069,-83.796296,-116.902470,250,94987,379.948000,R
2016-05-07T19:36:27+00:00,serverip,GMNMH,23445,13.015104,167.776142,482,8246,17.107884,W
2016-04-13T06:47:52+00:00,serverip,GRIQO,68041,-4.139262,-152.601469,778,51309,65.949871,H
2016-02-05T13:24:38+00:00,serverip,WAKDX,43079,69.535668,20.091822,294,52053,177.051020,M
2015-12-18T15:30:18+00:00,serverip,YSSHV,81866,-6.117586,8.073381,384,15358,39.994792,K
2016-05-28T03:01:54+00:00,serverip,MGADZ,25640,9.693703,62.586511,344,28854,83.877907,N
2016-03-07T15:25:56+00:00,serverip,RCVBG,82153,-49.642618,-43.121320,166,23510,141.626506,O
2015-09-24T10:43:46+00:00,serverip,CKXRR,34251,17.353224,-62.303629,148,75229,508.304054,A
2015-02-15T11:44:52+00:00,serverip,EDTIK,99312,46.851018,156.830420,705,3683,52.241135,E
2016-05-02T20:05:56+00:00,serverip,KBPWR,95263,55.515102,-53.897216,652,9379,14.384969,Y
2015-06-17T23:58:06+00:00,serverip,NZUZU,15799,-38.907374,-107.227269,633,31403,49.609795,U
2015-11-23T08:59:12+00:00,serverip,OZNIA,32590,82.201912,81.533091,563,48454,86.063943,I
2015-07-05T08:21:10+00:00,serverip,APXDK,78527,81.146565,-139.036275,732,71505,976.844262,E
2016-01-29T10:06:25+00:00,serverip,KAKKX,38057,8.754904,-96.852561,710,82486,116.177465,W
2015-07-02T00:45:06+00:00,serverip,JOJXC,68065,34.765084,-47.787525,422,42661,101.092417,G
2016-04-19T22:03:58+00:00,serverip,KFBKJ,38589,-55.199865,-111.771132,941,28293,30.066950,K
2015-12-16T10:52:52+00:00,serverip,WACEY,28663,40.937718,150.575223,62,92682,1494.870968,O
2016-03-07T20:56:28+00:00,serverip,FQKRS,10326,-48.609843,-26.165532,834,61666,73.940048,A
2015-07-24T21:45:32+00:00,serverip,HDJPE,14911,-72.140343,152.035481,183,64354,351.661202,H
2016-04-13T20:51:34+00:00,serverip,LMTQF,26180,-19.412986,108.259598,323,49906,154.507740,Y
2015-05-26T16:28:51+00:00,serverip,MLLEQ,25446,-34.482980,-161.054700,748,70184,93.828877,L
2015-11-12T18:29:07+00:00,serverip,HHDXZ,32545,-4.298551,-143.767718,46,56725,1233.152174,G
2015-12-09T17:43:53+00:00,serverip,EBBMP,23986,9.353966,-72.952255,771,99875,129.539559,B
2015-01-01T19:24:43+00:00,serverip,TVPSH,93285,-37.492239,10.666314,725,32741,45.160000,X
2015-06-06T22:41:04+00:00,serverip,OLIRA,20005,-13.815595,-29.802601,175,24654,140.880000,F
2015-07-28T22:29:11+00:00,serverip,RIHCY,67429,27.391143,-72.396477,486,59986,123.427984,U
2015-08-11T11:09:47+00:00,serverip,VLQOT,13981,85.560849,111.185613,173,6370,36.820809,L
2015-11-23T04:40:14+00:00,serverip,AGRKI,17570,-7.254632,2.742862,550,35162,63.930909,I
2016-02-28T07:06:34+00:00,serverip,KAZIV,62077,-28.093217,103.376936,111,22326,201.135135,J
2016-03-10T16:18:24+00:00,serverip,REKIX,71774,-50.938597,-157.015625,398,17202,43.221106,P
2016-04-16T21:53:36+00:00,serverip,ILZEN,45926,-60.780068,-167.636694,123,79923,649.780488,R
2015-10-24T22:40:12+00:00,serverip,PWZER,33035,48.804632,-57.580471,721,8728,12.105409,X
2015-09-16T08:45:37+00:00,serverip,IFNVE,99320,87.537048,148.259647,65,50443,776.046154,M
2015-01-17T07:11:56+00:00,serverip,BEWXO,86288,-85.078087,139.998019,21,66930,3187.142857,C
2016-04-02T04:20:21+00:00,serverip,PINYL,58408,-46.344570,30.679857,134,33891,252.917910,D
2015-05-01T12:04:55+00:00,serverip,GWRPG,91258,-40.373153,-52.460351,310,95423,307.816129,P
2016-01-09T22:59:43+00:00,serverip,PGSFR,96192,-39.278975,61.526637,64,92094,1438.968750,U
2016-06-01T03:51:14+00:00,serverip,LBMIC,95394,69.158835,28.555016,841,65476,77.854935,M
2015-05-19T22:59:50+00:00,serverip,WTKDM,21538,-80.868683,91.341062,435,20092,46.188506,L
2016-03-12T04:40:50+00:00,serverip,HBNXP,21826,64.997545,-158.523010,771,61885,80.265888,I
2015-02-01T05:12:30+00:00,serverip,YZFIT,94471,-74.527526,121.364748,681,3820,5.609398,T
2015-12-09T01:34:20+00:00,serverip,DHBUW,25368,61.886530,174.948390,511,17744,34.724070,Y
2016-03-21T16:12:23+00:00,serverip,MIJMQ,29014,-81.241491,155.834298,540,18014,33.359259,E
2016-03-20T09:13:37+00:00,serverip,MXVZE,91334,-79.816607,30.014497,900,16420,18.244444,Z
2016-01-24T04:41:22+00:00,serverip,MRIVX,17416,25.359617,-92.760003,605,45531,75.257851,O
2015-06-29T20:58:05+00:00,serverip,CFBHI,72321,-31.138403,-118.920964,588,93364,158.782313,K
2015-11-23T00:06:53+00:00,serverip,IKBBZ,71160,-89.207596,35.207775,540,55014,101.877778,K
2015-12-16T18:51:20+00:00,serverip,FQULU,34671,-56.301255,94.101851,309,57257,185.297735,K
2015-02-18T02:42:32+00:00,serverip,ERYPR,73678,-53.992614,-130.039400,12,13533,1127.750000,R
2015-11-05T17:17:25+00:00,serverip,JSKHZ,31281,-70.672611,90.690044,273,80137,293.542125,T
2015-10-21T19:16:06+00:00,serverip,TALZQ,14547,-46.936598,56.913589,542,64012,1181.033210,G
2015-01-12T09:38:04+00:00,serverip,GRRIV,19045,87.509001,-178.068177,998,38329,38.405812,O
2016-05-01T15:16:58+00:00,serverip,WELIQ,19701,22.952561,-107.514064,33,5684,172.242424,B
2015-04-18T16:12:11+00:00,serverip,BBYBP,53890,-34.088152,-19.004818,778,34795,44.723650,P
2015-11-14T15:47:45+00:00,serverip,ROFEC,57720,-34.553249,156.486834,911,83344,91.486279,R
2015-10-15T10:07:44+00:00,serverip,TKXSZ,82501,63.254261,-5.763762,295,20995,71.169492,U
2016-04-29T07:15:41+00:00,serverip,JRQPG,47132,-61.792741,-73.680645,668,48149,72.079341,L
2015-12-12T18:04:54+00:00,serverip,WJLCG,40138,31.748104,16.028509,647,17425,26.931994,Z
2016-02-05T20:10:06+00:00,serverip,YHCWP,24839,-31.450903,175.976078,169,2487,14.715976,V
2016-05-12T11:06:46+00:00,serverip,ADYWI,40198,-49.744263,-11.394882,612,96299,157.351307,J
2015-12-08T18:44:49+00:00,serverip,YYYMB,69580,-55.153201,8.343606,736,81820,111.168478,S
2015-09-15T07:54:34+00:00,serverip,CVCAV,82204,-78.831735,-141.061709,158,79214,501.354430,T
2015-06-24T16:32:12+00:00,serverip,AZXEG,99708,-37.531275,-79.417996,707,26309,37.212164,P
2015-07-28T12:24:51+00:00,serverip,ZYRUY,67056,-62.484033,97.903796,189,26682,141.174603,G
2015-02-01T03:45:59+00:00,serverip,BQMVX,16863,87.060756,47.133516,671,7833,11.673621,D
2015-06-22T15:06:43+00:00,serverip,MOXIL,52943,-3.370306,-42.579975,320,17722,55.381250,B
2015-06-29T02:12:33+00:00,serverip,ONDLB,53503,48.797562,-75.246530,392,78820,201.071429,X
2015-05-16T18:26:26+00:00,serverip,AOJXE,38321,8.510546,-37.602674,37,19191,518.675676,W
2015-09-04T10:37:13+00:00,serverip,BGFPC,59990,25.161903,44.580312,34,68936,2027.529412,U
2015-05-19T08:28:40+00:00,serverip,JJTWU,82287,-49.506072,-124.189985,955,98999,103.663874,G
2015-01-29T13:42:56+00:00,serverip,JVMKM,70889,-66.648970,125.045875,931,14347,15.410311,C
2015-11-19T23:12:08+00:00,serverip,QQRYT,10054,74.565763,-119.701957,931,39339,42.254565,T
2016-01-07T04:29:40+00:00,serverip,PHDLD,42649,-85.572133,-162.586317,813,12438,15.298893,Y
2015-10-21T00:40:01+00:00,serverip,ZGENF,13945,-27.005916,-58.889565,369,73901,200.273713,H
2016-01-14T02:51:02+00:00,serverip,APSTO,88652,-59.202800,119.514758,111,9094,81.927928,S
2015-10-29T07:01:16+00:00,serverip,XMLNN,69153,47.351207,11.142860,616,15803,25.654221,V
2015-10-06T22:18:18+00:00,serverip,JYSNL,64984,4.927694,-44.771054,176,73607,418.221591,D
2015-05-27T17:02:56+00:00,serverip,IRQSX,35893,41.984223,164.388810,243,47401,195.065844,G
2015-04-14T13:52:46+00:00,serverip,LCKIZ,82377,-26.851576,-25.600740,635,44742,70.459843,Z
2015-05-20T11:01:27+00:00,serverip,RWEOS,18536,-18.586132,-158.833686,617,42743,69.275527,K
2015-12-30T15:18:06+00:00,serverip,WLJJK,18038,-30.801240,108.335367,467,22816,48.856531,Q
2015-10-06T06:33:46+00:00,serverip,MHPXN,67054,-14.805068,171.197278,945,27170,28.751323,B
2015-04-18T17:44:49+00:00,serverip,VKRBM,16000,-68.177930,-1.535716,878,36001,41.003417,X
2015-01-18T17:48:02+00:00,serverip,YFROM,39825,61.764067,160.235639,278,8866,31.892086,X
2015-07-02T15:57:18+00:00,serverip,ZJQFM,99652,-22.081816,6.576924,852,38858,45.607981,F
2016-05-12T10:47:10+00:00,serverip,TUWSQ,56734,-81.552048,-135.778964,94,31699,337.223404,O
2015-06-11T10:58:58+00:00,serverip,STDJQ,34260,7.391237,-117.956184,235,62268,264.970213,L
2016-05-25T00:55:39+00:00,serverip,ADWWU,76282,24.026485,-114.262569,512,59836,116.867188,R
2015-12-08T04:52:32+00:00,serverip,BZWWH,98836,24.597229,-93.317821,876,98859,112.852740,R
2015-03-05T13:06:54+00:00,serverip,CKZIN,65765,5.514355,115.403557,628,50642,80.640127,Z
2016-05-03T06:00:35+00:00,serverip,VPXAS,68163,42.518806,176.913018,533,98208,184.255159,R
2015-09-20T03:22:45+00:00,serverip,SELTH,21253,-55.759480,-123.624989,468,51198,109.397436,O
2015-06-04T09:02:24+00:00,serverip,KAZYQ,76750,-60.219121,30.409695,975,78060,80.061538,S
2015-01-08T16:46:15+00:00,serverip,OVTSW,23867,-21.869499,175.126212,414,32065,77.451691,A
2015-04-20T22:00:20+00:00,serverip,YMLQN,38965,20.073664,120.917141,634,85558,134.949527,G
2016-05-30T09:29:30+00:00,serverip,KPJAG,15202,5.062880,160.220287,933,61990,66.441586,Z
2016-03-22T18:55:13+00:00,serverip,UUKKT,33485,51.173557,172.177212,263,11125,42.300380,Z
2015-01-06T13:26:09+00:00,serverip,KMUXX,32406,57.629862,95.405938,633,3276,5.175355,V
2016-04-17T23:14:46+00:00,serverip,PEJHT,77700,-45.664024,60.140762,945,36096,38.196825,W
2015-01-14T12:00:32+00:00,serverip,FFBNT,59583,-41.461125,-86.159989,35,71365,2039.000000,U
2015-09-27T20:45:28+00:00,serverip,LJUBX,99300,70.205071,-44.537775,332,81045,244.111446,R
2015-04-25T03:51:40+00:00,serverip,JQVEA,19389,-17.800127,112.734404,551,78874,143.147005,Z
2015-12-21T22:53:56+00:00,serverip,HCUWW,34509,-14.641745,-87.362698,879,69107,78.620023,E
2015-12-22T18:09:17+00:00,serverip,ZSQND,41323,15.464562,-149.031366,858,38448,44.811189,S
2015-09-10T00:04:40+00:00,serverip,RGPWL,30219,45.818994,-1.729310,635,5821,9.166929,F
2016-05-31T10:19:50+00:00,serverip,DNKVA,31774,56.878465,176.309006,649,88972,137.090909,D
2015-06-28T04:58:22+00:00,serverip,OQMKI,20478,-51.302282,1.818870,948,97839,103.205696,K
2016-05-05T23:51:51+00:00,serverip,WRNRT,52929,86.264652,36.988564,30,80124,2670.800000,N
2015-01-23T04:16:54+00:00,serverip,MRSAV,11292,-35.975320,-6.726744,153,45622,298.183007,F
2016-05-02T09:36:15+00:00,serverip,ODBXT,32944,15.565671,-165.351099,559,98493,176.194991,Z
2015-09-07T10:22:04+00:00,serverip,ZNFKT,56129,42.649064,-50.689447,484,50885,1051.342975,T
2016-01-28T23:49:01+00:00,serverip,ZBNEJ,39466,-29.563989,-4.388461,10,62877,6287.700000,Q
2016-02-03T17:59:22+00:00,serverip,WANGZ,97667,-34.109889,-160.943503,485,71457,147.334021,A
2015-10-01T02:07:14+00:00,serverip,CXFGS,38561,22.076098,-56.287521,97,84582,871.979381,S
2015-12-08T20:28:26+00:00,serverip,HKQHV,87997,42.181275,159.950458,46,77458,1683.869565,R
2015-05-02T05:16:52+00:00,serverip,NUIIN,57328,83.785586,-42.896982,121,98726,8159.173554,O
2016-03-15T23:00:23+00:00,serverip,ZEOFP,19278,-18.557536,106.625868,956,39460,41.276151,E
2015-04-17T20:04:22+00:00,serverip,FFXFL,44928,-75.684101,123.880131,663,60277,90.915535,M
2015-04-21T08:10:38+00:00,serverip,ZZJQL,89999,-25.093212,4.345543,869,34586,39.799770,M
2016-02-11T08:20:35+00:00,serverip,INZUN,74007,25.123943,163.358112,551,82566,149.847550,C
2015-02-05T02:12:47+00:00,serverip,TSAQL,62357,-42.829812,-51.371241,537,15283,28.459963,F
2015-02-18T01:58:56+00:00,serverip,GLUKY,61177,77.557202,-92.726312,932,58800,63.090129,Z
2016-02-07T22:27:08+00:00,serverip,MLBBF,34872,-88.572574,25.188287,851,51383,60.379553,R
2015-02-14T07:05:21+00:00,serverip,IKQHZ,48522,24.493534,55.998883,722,93239,1291.398892,U
2016-02-18T07:39:30+00:00,serverip,TIHNO,73980,-15.979648,-110.682506,370,71060,192.054054,M
2015-10-04T20:01:58+00:00,serverip,ILZZU,76883,-76.669700,164.965420,427,98927,231.679157,B
2015-03-19T14:59:36+00:00,serverip,AOLXI,50765,71.097643,-4.569707,158,84654,535.784810,V
2015-12-09T06:05:46+00:00,serverip,VRVLQ,63111,-85.655560,-144.812858,690,70108,101.605797,S
2016-04-08T15:33:10+00:00,serverip,MRCHJ,73220,30.037044,-108.261327,147,24698,168.013605,J
2015-06-24T22:36:11+00:00,serverip,XDULB,22882,-83.670025,133.862926,197,11354,57.634518,W
2015-01-11T12:12:26+00:00,serverip,WKAUJ,55406,-4.475975,-22.682657,60,8939,148.983333,T
2015-09-11T23:46:12+00:00,serverip,OKXDP,88149,15.126242,146.828230,515,16682,32.392233,U
2016-03-16T11:40:27+00:00,serverip,GLSZG,65748,32.711921,88.111513,510,13095,25.676471,Q
2015-10-20T13:34:02+00:00,serverip,CJVNW,87696,-76.938837,167.847853,699,59488,85.104435,C
2016-02-06T21:16:29+00:00,serverip,QZGQX,17886,6.185075,-96.981391,797,44490,55.821832,P
2015-05-31T21:42:01+00:00,serverip,SWYYB,63051,-48.363674,140.363415,670,27725,41.380597,P
2015-12-09T12:44:16+00:00,serverip,YBAIP,19254,-28.053262,-90.007487,221,66091,299.054299,P
2015-04-28T01:51:46+00:00,serverip,CNRTK,37425,-16.627440,-91.339676,183,84197,460.092896,D
2015-11-08T10:23:52+00:00,serverip,WYYTJ,81990,15.268926,-115.300813,263,92084,350.129278,N
2015-08-24T01:00:21+00:00,serverip,HYDJF,75981,-29.427503,147.906968,667,39285,58.898051,G
2016-04-03T16:36:08+00:00,serverip,UNGUG,15432,10.959801,-56.675889,355,46505,131.000000,I
2016-02-16T05:17:02+00:00,serverip,TQEVX,61400,89.888759,130.738480,860,76114,88.504651,X
2015-02-11T17:09:57+00:00,serverip,ZRRJR,63187,66.167025,-160.814436,684,45825,66.995614,B
2015-12-31T07:21:40+00:00,serverip,INPJC,41658,89.928259,28.156337,496,26728,53.887097,W
2016-06-02T18:59:25+00:00,serverip,XMZNS,25653,71.289477,168.952119,413,78672,190.489104,H
2016-04-30T20:46:16+00:00,serverip,TGQJD,97612,72.559590,68.661962,892,92526,103.728700,H
2015-04-15T09:08:09+00:00,serverip,BHZYU,99874,-14.340541,-93.164153,790,45884,58.081013,O
2016-04-14T18:49:01+00:00,serverip,OPQPA,86239,-63.717064,6.479038,83,73377,884.060241,S
2015-06-26T20:20:42+00:00,serverip,ADBVJ,93373,-79.146479,55.140761,46,81434,1770.304348,O
2015-11-28T07:20:27+00:00,serverip,XEYTK,28822,5.354249,-29.652871,937,20626,22.012807,Y
2015-06-08T21:09:20+00:00,serverip,QFHHR,72221,15.616321,92.823191,688,37992,55.220930,M
2015-04-11T03:28:29+00:00,serverip,BZISB,86626,-72.617708,-156.043689,669,17237,257.653214,X
2015-06-14T17:55:12+00:00,serverip,ANUCI,84123,78.742390,112.382770,70,50341,7191.571429,G
2016-04-23T06:31:11+00:00,serverip,MKZCL,18669,19.696101,119.404319,532,27329,51.370301,N
2015-09-25T06:50:43+00:00,serverip,FUZTI,47521,-81.996621,-33.306228,696,70229,100.903736,I
2016-05-08T10:46:49+00:00,serverip,GKDFJ,31559,-77.310193,-155.827145,568,95525,168.177817,Y
2015-11-18T08:53:09+00:00,serverip,LZEQS,45255,14.548586,-22.587392,981,59399,60.549439,M
2016-03-19T16:48:18+00:00,serverip,VTUWZ,72924,4.139083,163.521036,163,93501,573.625767,W
2016-03-29T07:27:27+00:00,serverip,DXORL,23984,-58.147398,-3.044122,744,15318,20.588710,E
2016-01-02T10:37:54+00:00,serverip,YEDCL,82841,42.592674,-160.308365,918,31186,33.971678,T
2015-09-27T02:29:47+00:00,serverip,COXSY,30372,-20.996755,138.497831,161,87594,544.062112,Y
2016-02-27T19:29:41+00:00,serverip,QXSZQ,88146,39.912759,141.572199,410,89126,217.380488,Z
2015-03-16T08:11:44+00:00,serverip,PDNPX,94600,60.970208,169.248103,416,88847,213.574519,G
2015-09-19T05:09:51+00:00,serverip,FOGRF,65119,-79.129677,-53.467132,689,75184,109.120464,F
2015-12-19T11:31:33+00:00,serverip,KOWYT,17816,44.780060,12.287196,972,59883,61.608025,T
2015-04-26T11:07:18+00:00,serverip,RHKNG,86050,-53.542565,-19.222595,572,31619,55.277972,P
2015-02-01T01:48:01+00:00,serverip,ZLDSO,87973,-53.627307,55.957162,763,94393,123.712975,A
2015-06-09T05:12:24+00:00,serverip,BPZLA,54550,-50.953004,70.854265,552,48260,87.427536,G
2015-02-10T16:14:01+00:00,serverip,LMZBQ,95976,10.891737,105.777456,304,48094,158.203947,B
2015-04-16T01:39:59+00:00,serverip,NTODE,54611,-61.448245,-117.596456,855,92965,108.730994,X
2015-06-12T22:04:03+00:00,serverip,UNBVM,94034,56.569600,167.366587,246,22700,92.276423,G
2016-06-03T01:26:12+00:00,serverip,WYOAS,18298,-56.362244,85.544418,520,20778,39.957692,A
2015-02-16T06:43:01+00:00,serverip,ZBMIK,93035,26.412500,42.664792,578,5047,8.731834,E
2015-03-02T06:07:03+00:00,serverip,RGIUD,21236,-11.084194,-123.120849,990,61314,61.933333,A
2016-01-14T00:07:54+00:00,serverip,UJCMO,51994,23.017822,-111.873195,769,71531,93.018205,K
2015-07-12T20:47:55+00:00,serverip,YSZUI,12276,30.601321,25.662197,24,90670,3777.916667,N
2016-01-14T19:54:20+00:00,serverip,MYLMV,87159,-18.577355,-34.780463,104,64746,622.557692,M
2015-11-16T10:03:10+00:00,serverip,CZUKP,22307,13.247278,26.069381,279,77265,276.935484,D
2015-02-21T20:32:49+00:00,serverip,NZYOR,64999,77.926531,142.151570,923,59240,64.182015,E
2016-01-23T08:09:48+00:00,serverip,GROZE,35471,-50.583719,-177.231998,598,38202,63.882943,M
2015-04-28T12:33:59+00:00,serverip,JVOXC,20704,-29.509223,-157.252451,458,59802,130.572052,G
2015-09-30T12:41:13+00:00,serverip,RBTKR,47179,2.289742,28.153739,380,40376,106.252632,Z
2015-09-11T19:31:09+00:00,serverip,YKAWH,94290,55.204382,163.568452,543,68139,1254.861878,O
2016-04-07T16:33:02+00:00,serverip,BXOPP,83087,-86.049090,91.419085,155,32725,211.129032,M
2016-04-26T14:10:07+00:00,serverip,QUNTH,43823,-40.771474,42.689688,197,18305,92.918782,P
2016-03-04T01:37:09+00:00,serverip,JJJWF,65896,-10.983955,-104.623585,54,68314,1265.074074,U
2016-04-27T20:02:01+00:00,serverip,MBFWC,42817,2.397102,63.575201,918,27394,29.840959,R
2015-10-18T18:30:03+00:00,serverip,ATHDQ,12948,61.763959,-73.304565,754,12541,16.632626,L
2016-01-02T04:42:04+00:00,serverip,RDWHD,53467,68.874407,-56.401000,81,54489,672.703704,E
2015-09-14T15:46:00+00:00,serverip,SRYZJ,19220,39.144782,77.459994,257,7112,27.673152,A
2015-05-19T19:34:06+00:00,serverip,DOIUD,37192,39.614372,109.481719,836,3271,3.912679,C
2016-02-25T23:19:01+00:00,serverip,RQWVI,33254,-37.994108,5.857587,890,28504,32.026966,Z
2015-06-14T00:15:39+00:00,serverip,EPILG,87486,5.934516,-37.972165,683,60101,87.995608,Y
2015-01-15T08:34:05+00:00,serverip,XFJCN,21847,-36.073639,120.553770,892,25689,28.799327,W
2016-05-23T21:23:37+00:00,serverip,UVCTT,29993,52.174939,152.004736,307,40561,132.120521,N
2015-06-09T04:34:35+00:00,serverip,NRGCM,79920,36.333325,-31.052232,565,6915,12.238938,X
2015-05-02T18:17:55+00:00,serverip,VIIXA,69946,15.214654,159.635915,358,48382,135.145251,E
2016-02-19T01:17:42+00:00,serverip,KOTGJ,13934,-71.020347,107.722885,69,58618,849.536232,B
2016-03-21T18:51:36+00:00,serverip,FILQO,53542,-1.713022,-108.514273,982,75699,77.086558,A
2015-02-16T10:23:52+00:00,serverip,TPWIU,50090,85.815931,-74.115953,939,91122,97.041534,N
2015-11-02T06:49:13+00:00,serverip,AOTIP,39526,85.922435,-20.773336,267,56766,212.606742,K
2015-01-25T22:44:58+00:00,serverip,QRBRN,16471,0.180632,72.495413,877,96858,1104.424173,I
2015-01-14T19:20:39+00:00,serverip,CEFZI,39330,-5.730978,-36.427217,41,69854,1703.756098,H
2015-01-30T17:41:25+00:00,serverip,JTBZW,41289,87.014338,-34.677075,298,24812,83.261745,H
2015-01-11T01:12:16+00:00,serverip,DTBYH,34403,48.217914,117.796815,581,98103,168.851979,J
2015-03-30T02:27:44+00:00,serverip,ENFHG,18385,46.309867,-166.120577,335,86585,258.462687,E
2015-10-28T07:47:42+00:00,serverip,TZCSR,33155,-45.768593,53.658677,132,84139,637.416667,H
2016-05-10T22:49:00+00:00,serverip,MCFAK,36240,-47.803399,75.666960,156,79865,511.955128,R
2015-01-31T23:00:51+00:00,serverip,HZKYP,75156,-83.569908,-53.035871,323,63347,196.120743,R
2015-10-10T13:52:38+00:00,serverip,TEKUQ,99871,41.498103,-151.603509,505,14778,29.263366,I
2015-11-18T11:11:45+00:00,serverip,NPXMD,70384,58.897413,-150.754923,778,39528,50.807198,S
2016-03-21T03:11:27+00:00,serverip,TXQHC,54534,75.227139,-7.376429,382,81286,212.790576,Y
2015-02-23T22:45:25+00:00,serverip,YTBKP,69178,89.873000,82.283805,460,10656,23.165217,Z
2015-08-10T04:08:06+00:00,serverip,UQWOV,83239,-68.697147,5.019946,271,65880,243.099631,Z
2015-12-27T13:51:37+00:00,serverip,LJHFY,60708,-33.165846,-120.418569,418,66396,158.842105,C
2015-11-24T04:04:48+00:00,serverip,VQELS,18666,-59.620668,-98.937411,73,74761,1024.123288,J
2015-09-19T16:10:17+00:00,serverip,JTDRF,83755,79.689551,-5.165555,980,95677,97.629592,E
2016-06-01T08:57:03+00:00,serverip,JWUUM,81229,-57.953407,139.849920,125,17023,136.184000,D
2015-11-09T15:57:47+00:00,serverip,XVAWS,68105,40.495291,149.619498,456,3359,7.366228,L
2015-12-20T20:17:21+00:00,serverip,DQSLR,77780,-26.863194,-120.781078,381,52801,138.585302,W
2015-10-28T17:24:24+00:00,serverip,UPEZV,85946,73.787852,146.746723,460,58681,127.567391,V
2015-12-05T21:30:44+00:00,serverip,UUGPD,60859,70.512812,-134.257673,198,14145,71.439394,T
2016-04-29T15:11:50+00:00,serverip,HSSTG,11154,-65.749137,-168.736252,562,21809,38.806050,U
2015-08-20T10:03:18+00:00,serverip,SLSLO,96437,-80.231220,-57.656059,490,93238,190.281633,A
2016-02-25T20:15:59+00:00,serverip,HTMWA,21735,-24.130703,-117.694346,905,92200,101.878453,K
2015-03-30T15:42:35+00:00,serverip,OIJXD,90787,11.217511,-45.807742,507,2700,5.325444,P
2015-05-27T19:12:17+00:00,serverip,GOIYK,23441,-54.128102,178.965119,93,96161,1033.989247,U
2015-03-26T21:35:35+00:00,serverip,FTVYI,33641,-63.164636,48.297443,420,21991,52.359524,V
2015-05-24T09:55:14+00:00,serverip,UNTGG,79776,15.888267,-37.967564,577,41435,71.811092,F
2015-12-15T15:45:32+00:00,serverip,QLTXX,43236,-80.437100,-5.442244,167,14440,86.467066,Q
2015-07-24T14:31:52+00:00,serverip,RDBGU,82518,-3.900973,177.398390,622,34791,55.934084,S
2015-11-06T20:57:04+00:00,serverip,EQQOY,36808,-4.015590,-37.190015,773,72163,93.354463,A
2015-09-10T08:00:30+00:00,serverip,ISDGZ,89730,17.210627,170.094181,806,31451,39.021092,B
2015-03-01T21:07:58+00:00,serverip,BVFWS,39632,-67.644799,82.483373,398,16581,41.660804,R
2016-04-06T04:38:44+00:00,serverip,BXGMR,17424,-72.789471,-175.179189,561,78717,140.315508,U
2016-03-01T18:29:07+00:00,serverip,DYBRX,97573,87.218518,69.014846,208,21682,104.240385,Y
2015-05-04T01:28:18+00:00,serverip,IRATM,30591,-73.480731,-71.413605,641,57028,88.967239,O
2015-03-08T18:37:04+00:00,serverip,UUHJX,17245,-60.499479,120.941184,722,83952,116.277008,C
2016-02-12T13:16:39+00:00,serverip,SDNRM,53031,-64.546684,-32.836532,545,83176,152.616514,C
2015-08-19T01:21:20+00:00,serverip,KWSHB,19236,77.070403,115.150564,495,42862,86.589899,L
2016-02-20T20:18:37+00:00,serverip,AFBZW,18693,-21.582008,147.707916,97,93821,967.226804,U
2015-11-30T00:19:41+00:00,serverip,QGAMB,44122,12.817157,-142.154999,427,81464,190.782201,M
2015-06-18T09:32:00+00:00,serverip,DLAPZ,99403,76.638979,-126.080912,697,81004,116.218077,N
2015-07-17T13:35:29+00:00,serverip,STDXW,43380,-61.504110,-105.882185,540,46969,86.979630,Z
2015-04-26T21:38:53+00:00,serverip,ZGDFL,86745,85.182235,-25.943150,157,62486,398.000000,I
2015-06-27T07:49:07+00:00,serverip,GGSCJ,87124,87.244360,-81.844949,935,69921,74.781818,U
2015-09-24T05:31:49+00:00,serverip,XYPVP,80651,-9.487869,55.440346,101,60681,600.801980,V
2015-12-30T08:16:56+00:00,serverip,ZRBJC,96593,15.423612,-104.039524,147,15529,105.639456,B
2015-05-24T11:15:22+00:00,serverip,QVPFU,89278,-55.411989,-53.236345,86,52278,607.883721,L
2015-02-07T04:35:14+00:00,serverip,EMKTC,19292,-8.974236,27.294117,644,91029,141.349379,J
2015-12-10T07:29:12+00:00,serverip,JZBST,45989,81.760954,113.411002,724,58519,80.827348,P
2016-03-17T03:48:02+00:00,serverip,QTQZC,86563,-34.702788,103.694710,220,36251,164.777273,H
2016-02-09T19:48:46+00:00,serverip,CVHOZ,73733,-52.089198,109.414827,511,78126,152.888454,E
2015-05-29T04:34:32+00:00,serverip,RXIQN,47592,-86.823857,2.949023,276,24838,89.992754,K
2016-04-03T11:53:19+00:00,serverip,RWFAK,72175,-68.233956,73.486473,578,43232,74.795848,M
2015-10-01T15:57:11+00:00,serverip,CJGGZ,56673,-68.090142,81.507148,445,85966,193.182022,K
2016-03-25T18:37:47+00:00,serverip,UCZPG,73306,23.464318,-71.299927,761,67480,88.672799,D
2016-06-01T03:41:15+00:00,serverip,CTHZP,21494,78.167993,142.963847,486,8289,17.055556,V
2015-10-15T15:21:51+00:00,serverip,KVEPC,62519,-61.675195,177.168129,165,39870,241.636364,O
2015-11-23T22:28:38+00:00,serverip,FSPSW,84495,54.052445,-159.760031,773,64294,83.174644,H
2015-09-04T13:38:12+00:00,serverip,FOEDX,40577,11.202704,-152.052901,723,45121,62.408022,T
2015-03-30T19:07:04+00:00,serverip,KBZPV,49833,81.200579,174.657241,965,63793,66.106736,G
2015-06-03T07:30:29+00:00,serverip,HZEFO,73010,7.251639,-51.764374,547,89712,164.007313,L
2016-02-15T17:22:49+00:00,serverip,JARSW,73139,27.586289,67.890926,833,83576,100.331333,V
2016-03-11T11:53:10+00:00,serverip,WNJMQ,49359,9.211855,-17.112823,111,17414,156.882883,F
2015-11-16T14:14:48+00:00,serverip,NXOLY,33535,-69.269798,-8.306441,472,43976,93.169492,R
2015-02-24T19:48:18+00:00,serverip,DBMWW,91074,-82.015964,107.287651,913,96714,105.929901,Y
2015-07-31T02:02:05+00:00,serverip,VLMPR,58546,-25.419293,52.151234,991,93110,93.955600,K
2016-03-02T10:54:22+00:00,serverip,YOBXP,58108,43.926919,53.694518,818,84442,103.229829,I
2015-02-24T06:38:23+00:00,serverip,UWPLZ,59292,75.203381,53.312800,967,24481,25.316443,H
2016-05-08T17:41:14+00:00,serverip,PAYIW,81738,56.769379,96.561639,281,78644,279.871886,P
2015-05-09T04:30:50+00:00,serverip,ILMWS,39445,37.054471,-119.443404,581,12489,21.495697,U
2015-11-06T07:13:32+00:00,serverip,SVNSL,64103,-74.656479,-173.833655,987,68457,69.358663,D
2015-07-19T02:00:41+00:00,serverip,DAFLB,78142,34.031759,-159.076520,184,18321,99.570652,P
2016-02-12T12:19:58+00:00,serverip,RSSLL,98923,37.796492,-128.124393,67,33318,497.283582,H
2015-07-11T23:32:28+00:00,serverip,SFLLP,31990,33.640626,76.589058,655,23238,35.477863,B
2015-12-17T17:34:43+00:00,serverip,KCTXZ,47917,-12.298363,-145.734895,943,9078,9.626723,N
2015-07-11T15:05:27+00:00,serverip,PQUAF,54042,9.012547,-48.936411,593,89525,150.969646,G
2015-11-18T07:57:42+00:00,serverip,QLLWU,87551,-19.146093,-58.516664,715,45870,64.153846,T
2015-10-04T15:45:30+00:00,serverip,XJBAZ,74690,-16.065339,-148.808727,339,3913,11.542773,X
2016-02-25T12:15:09+00:00,serverip,OBEYE,47528,-18.964102,123.658062,357,22547,63.156863,N
2016-05-31T02:03:12+00:00,serverip,EVRXC,49961,-89.056949,-28.108233,826,33311,40.328087,S
2015-10-10T05:29:25+00:00,serverip,HIKAU,22050,64.744208,-39.183259,278,63815,229.550360,F
2015-11-25T19:29:13+00:00,serverip,KSTLK,52280,-56.338645,-156.281580,823,61818,751.130012,K
2016-01-06T05:13:04+00:00,serverip,KIIDN,27229,54.968693,-95.153899,750,22670,30.226667,W
2015-10-02T03:18:01+00:00,serverip,XZTOX,98044,-55.415420,-99.308984,834,75330,90.323741,B
2015-04-17T21:19:39+00:00,serverip,LMTWY,11727,64.792303,74.741397,330,92090,279.060606,A
2015-06-18T23:53:23+00:00,serverip,IVBTB,80301,-73.964436,35.649427,168,67113,399.482143,D
2015-01-08T08:52:40+00:00,serverip,MRQGS,80690,36.107542,104.231567,797,48795,61.223338,P
2015-12-09T16:19:12+00:00,serverip,SMPCO,34753,-29.646787,-5.819672,769,24811,32.263979,H
2015-08-04T21:57:17+00:00,serverip,TSSDO,86891,-52.035529,-173.746994,294,74348,252.884354,C
2016-05-20T08:47:03+00:00,serverip,PJNQK,58253,40.387073,125.280468,16,32117,2007.312500,H
2015-08-04T10:52:01+00:00,serverip,HARSA,10511,-10.169167,57.153814,420,33269,79.211905,P
2015-11-17T21:14:37+00:00,serverip,UUITE,64436,-63.181890,-135.169879,964,93456,96.946058,C
2015-03-13T00:39:18+00:00,serverip,UEZXX,79981,68.279774,-101.085375,33,83883,2541.909091,H
2015-02-21T08:22:23+00:00,serverip,QDLKX,25322,66.721142,-75.201758,815,20102,24.665031,W
2016-02-10T14:11:27+00:00,serverip,CYUSW,39646,-51.856494,-162.033812,827,31761,38.405079,C
2015-06-27T13:34:43+00:00,serverip,IZCVO,35041,41.051173,-28.144670,879,26533,30.185438,F
2015-05-04T07:58:42+00:00,serverip,THXDV,19354,46.699144,-85.487570,62,59264,955.870968,Y
2015-11-20T10:04:13+00:00,serverip,PQWFS,79794,69.467646,177.533357,300,14481,48.270000,H
2016-01-27T06:02:27+00:00,serverip,PHVBR,72665,56.769054,100.363898,287,62489,2177.317073,O
2015-04-27T04:54:08+00:00,serverip,JAQMX,33643,-32.493883,-1.102660,43,58118,1351.581395,Q
2016-05-23T01:09:17+00:00,serverip,MWBRU,90001,-62.019699,61.577584,58,69005,1189.741379,J
2016-02-10T11:26:52+00:00,serverip,UHLIE,71176,80.338654,89.334058,574,58191,101.378049,A
2015-06-02T11:31:09+00:00,serverip,GVVND,75872,39.320639,-59.276209,721,40423,56.065187,F
2015-04-16T10:10:57+00:00,serverip,BANJC,88735,-21.756116,48.605648,739,63966,86.557510,X
2015-08-19T15:57:27+00:00,serverip,AGIUW,64756,-80.445644,35.558245,562,4928,8.768683,M
2015-02-26T06:17:37+00:00,serverip,BVCMK,24436,-36.704695,-5.049904,378,1842,4.873016,G
2015-12-05T08:24:54+00:00,serverip,QEISK,68337,-54.877369,-128.665065,904,72651,80.366150,P
2015-05-23T23:23:13+00:00,serverip,KFLYM,10723,51.554449,113.581497,393,90877,231.239186,Z
2016-06-03T10:48:26+00:00,serverip,URZSH,61772,17.858657,133.152736,926,87813,94.830454,O
2015-08-22T02:11:36+00:00,serverip,DLCVC,61575,36.126819,103.874475,333,22011,66.099099,F
2016-05-04T06:36:58+00:00,serverip,ALWJG,25567,51.588955,-163.233976,619,28841,46.592892,R
2015-12-28T20:49:57+00:00,serverip,CSBHJ,34652,-66.551189,77.002346,271,51321,189.376384,U
2015-02-21T09:15:03+00:00,serverip,YFXOI,27589,-76.297393,133.331173,908,29219,32.179515,M
2015-01-23T03:52:13+00:00,serverip,GKMFP,18087,80.534814,-3.640501,121,50085,413.925620,C
2015-08-07T18:34:05+00:00,serverip,ABYRC,56360,76.013922,70.127078,651,51819,79.599078,D
2015-12-10T14:37:30+00:00,serverip,WKEEI,84259,-35.151097,88.346907,69,10337,149.811594,X
2015-09-02T11:50:47+00:00,serverip,VOJHF,66418,12.873924,-49.774873,612,18943,30.952614,Z
2016-04-02T06:06:27+00:00,serverip,XTBGZ,31371,-65.422683,123.948466,545,84439,154.933945,L
2015-09-03T07:28:59+00:00,serverip,BUMYX,37320,28.483636,-131.182999,70,25033,357.614286,X
2016-02-05T13:14:41+00:00,serverip,PASMT,59121,33.652310,57.736086,129,44847,347.651163,O
2015-09-12T03:54:56+00:00,serverip,RLQMN,60711,26.497966,49.837566,459,83148,181.150327,E
2016-04-05T13:55:05+00:00,serverip,WTRNK,57811,57.639668,-19.588318,125,8193,65.544000,G
2015-02-14T04:14:01+00:00,serverip,WZQJI,95289,-6.958759,-153.377477,712,99174,139.289326,U
2015-04-23T20:37:39+00:00,serverip,EITAV,39191,-17.512019,86.935584,207,44967,217.231884,T
2016-01-15T09:54:16+00:00,serverip,ZSKDG,21876,64.292211,5.544017,135,18022,133.496296,E
2015-01-10T13:06:28+00:00,serverip,HPWIF,94881,4.432214,10.463045,78,2112,27.076923,V
2016-03-27T11:03:23+00:00,serverip,NSNXP,48853,67.157814,122.577092,136,55813,410.389706,D
2015-08-14T04:08:55+00:00,serverip,MWMYF,48831,50.265775,-87.368974,781,80050,102.496799,S
2015-02-24T05:50:17+00:00,serverip,NAANE,78636,66.562142,66.961563,13,50023,3847.923077,S
2015-09-23T16:59:29+00:00,serverip,NJOBH,96733,66.013707,85.754656,706,47664,67.512748,X
2015-06-05T23:39:13+00:00,serverip,XIFAB,94304,34.042988,-61.600407,226,31726,140.380531,R
2016-04-09T12:59:03+00:00,serverip,LPPJU,76091,87.184642,-82.168402,657,64853,98.710807,D
2015-08-25T00:49:28+00:00,serverip,UQFII,50582,-69.999717,113.363070,555,95997,172.967568,A
2015-04-05T04:51:56+00:00,serverip,UYXOH,45638,87.400171,123.869918,526,36839,70.036122,M
2015-08-09T02:58:16+00:00,serverip,AAXAJ,43715,-23.015547,28.178565,347,3291,9.484150,B
2015-08-15T09:31:56+00:00,serverip,SUKUC,55603,-14.771805,143.112683,267,71910,269.325843,Z
2015-07-27T11:23:39+00:00,serverip,QBLQJ,72325,-60.789328,-92.827667,554,24685,44.557762,U
2015-02-24T23:22:11+00:00,serverip,SRPMR,78135,-0.818890,168.888198,962,2846,2.958420,C
2015-02-05T16:49:33+00:00,serverip,EFBCO,13188,72.578892,-126.653066,406,24003,591.206897,W
2016-03-08T15:31:27+00:00,serverip,BRPJX,63468,-60.901005,161.944017,943,83733,88.794274,O
2015-10-08T18:09:56+00:00,serverip,YBPLR,75642,13.327447,-50.341590,764,56381,73.797120,H
2015-08-11T03:45:43+00:00,serverip,AZRFW,15565,-17.872953,9.544198,848,67190,79.233491,C
2015-01-28T14:03:29+00:00,serverip,BIIMA,19125,-22.874709,-169.153981,685,33981,49.607299,I
2015-01-03T04:10:50+00:00,serverip,YVJFN,57164,44.632682,-20.489904,296,34143,115.347973,T
2016-05-23T14:19:11+00:00,serverip,EMBNV,11392,26.994539,124.364327,594,86900,146.296296,M
2016-04-05T19:59:48+00:00,serverip,PRHWB,55519,84.328911,-67.744613,793,45860,57.831021,R
2015-04-17T13:59:50+00:00,serverip,JGXIE,12645,-13.162473,103.339051,256,29815,116.464844,E
2016-04-27T13:07:04+00:00,serverip,HVCDF,56326,10.850128,-26.983493,776,20637,26.594072,T
2015-03-28T00:11:48+00:00,serverip,FKJGL,15635,39.282841,-151.245613,982,68584,698.411405,Z
2015-11-03T14:23:33+00:00,serverip,DMWIF,17787,-40.533322,-123.090317,364,49358,135.598901,Q
2015-09-12T10:17:28+00:00,serverip,KTZGJ,70623,30.136896,-92.713785,786,58286,74.155216,O
2015-12-27T12:36:58+00:00,serverip,QJKUC,73345,-18.804012,-32.873987,781,70251,89.950064,S
2015-03-10T21:53:46+00:00,serverip,OUQRD,38320,87.788663,126.058455,777,76699,98.711712,Q
2015-04-18T01:35:30+00:00,serverip,TYFAS,35511,24.246311,110.275388,133,21853,164.308271,W
2016-03-03T17:03:46+00:00,serverip,FRGTS,16880,6.297836,42.778740,875,54017,61.733714,W
2016-02-18T15:26:33+00:00,serverip,UXUTS,13633,70.744834,163.931228,640,27576,43.087500,P
2016-03-22T15:26:06+00:00,serverip,ORKBZ,14043,-6.681304,158.441979,983,85230,86.703967,P
2015-12-20T05:14:15+00:00,serverip,PORZT,41798,-24.868531,170.965455,146,56137,384.500000,P
2016-02-18T23:00:53+00:00,serverip,UGDNA,63315,8.373978,-21.026392,112,42441,378.937500,Q
2015-11-25T18:39:52+00:00,serverip,DPSKW,16810,46.917110,-86.926783,925,84288,91.122162,Z
2016-01-12T15:49:13+00:00,serverip,PVFMW,57606,56.817474,56.046908,631,19451,30.825674,Y
2016-02-27T11:52:41+00:00,serverip,RRMVT,31572,13.326548,-7.365709,811,27923,34.430333,L
2015-12-21T16:36:58+00:00,serverip,VJWNH,13148,53.032602,138.892690,980,1484,1.514286,A
2016-04-25T00:05:21+00:00,serverip,NNZTR,31677,32.730010,-58.160666,789,26114,33.097592,A
2015-05-02T00:21:22+00:00,serverip,SDZCU,97851,41.905156,-60.026130,300,24226,80.753333,W
2016-02-25T12:16:41+00:00,serverip,ETCAE,26504,76.388102,158.329466,316,37090,117.373418,Y
2016-04-29T13:12:32+00:00,serverip,KWCTO,39600,-75.547710,137.468498,447,21625,48.378076,X
2016-05-21T09:26:25+00:00,serverip,IXWAG,50135,-89.622926,-39.629392,211,45025,213.388626,X
2016-01-19T00:25:36+00:00,serverip,JSOXN,96046,-16.766587,94.885559,556,5448,9.798561,G
2015-04-08T14:34:19+00:00,serverip,LLATV,71746,87.616958,116.488326,683,97252,142.389458,E
2015-06-23T10:13:36+00:00,serverip,MIANS,84874,-46.967734,98.360885,506,79632,157.375494,J
2015-10-10T08:38:52+00:00,serverip,MNUMV,13548,-21.326057,86.044153,656,64373,98.129573,W
2016-03-07T19:09:42+00:00,serverip,STZGV,87936,48.920651,-88.940544,65,91365,1405.615385,J
2015-11-16T05:02:11+00:00,serverip,WTPCH,17278,-69.670540,123.545363,266,9952,37.413534,U
2015-10-03T14:04:31+00:00,serverip,NELSP,98596,-45.174430,146.579935,238,1339,5.626050,O
2015-03-06T13:09:56+00:00,serverip,NSMWM,24561,63.056882,-94.623925,644,20334,31.574534,I
2015-06-20T13:43:44+00:00,serverip,MEQXD,47898,-62.742187,126.847686,575,36629,63.702609,L
2016-05-26T11:42:35+00:00,serverip,BOJJG,65647,59.940340,86.150853,807,44997,55.758364,J
2015-05-09T20:45:04+00:00,serverip,KGKWF,14866,-27.859378,133.924886,514,96284,187.322957,M
2015-01-07T06:01:30+00:00,serverip,TMCJZ,94985,-19.015396,-76.684137,751,67032,89.256991,V
2015-10-15T23:37:48+00:00,serverip,NPGBK,53459,-26.096588,-173.582285,754,19282,25.572944,Y
2015-11-29T09:42:58+00:00,serverip,FNFHB,83745,10.350161,162.306539,801,58081,72.510612,B
2016-03-07T18:22:32+00:00,serverip,ADQNU,55367,-76.680855,-70.854118,587,41801,71.211244,T
2016-02-25T07:03:07+00:00,serverip,VBXWC,85163,-62.535404,-65.087159,833,79928,95.951981,B
2015-11-24T16:36:59+00:00,serverip,IDEDL,91986,-45.689733,-54.257510,494,13068,26.453441,X
2015-10-26T21:30:44+00:00,serverip,GPYHU,14614,-62.833834,-81.620746,767,78389,102.202086,X
2015-07-27T06:31:53+00:00,serverip,QCHZD,38601,-83.299776,117.283822,358,29085,81.243017,H
2015-08-02T02:09:38+00:00,serverip,RXBVX,72401,-10.109656,-147.949150,772,82296,106.601036,D
2015-12-02T18:48:28+00:00,serverip,MSJKY,34791,-35.132477,-70.452119,804,56676,70.492537,J
2015-04-11T10:56:06+00:00,serverip,TNWUY,61598,-74.779130,-44.997864,778,2095,26.928021,E
2015-05-31T18:47:10+00:00,serverip,PPUCF,96913,69.495388,-22.958392,167,93656,560.814371,X
2015-07-23T10:03:56+00:00,serverip,SWUVZ,78527,75.921532,-108.584607,234,2925,12.500000,P
2016-01-28T17:19:16+00:00,serverip,DWNOM,37520,89.285622,-130.146580,228,22329,97.934211,D
2015-04-15T23:11:59+00:00,serverip,MGEUK,41620,74.350186,165.969659,562,24581,43.738434,O
2015-09-08T04:30:58+00:00,serverip,ZJVAC,61741,23.524456,86.851504,372,78696,211.548387,A
2015-04-01T12:52:38+00:00,serverip,KKEXT,65080,-22.311510,-134.513266,176,14808,84.136364,E
2016-02-25T22:37:58+00:00,serverip,YDMHV,26267,57.712317,-116.491209,373,35893,962.278820,C
2016-02-02T03:30:01+00:00,serverip,RNCZW,70797,30.008888,113.007473,900,23979,266.433333,N
2015-01-14T15:37:47+00:00,serverip,GKHTB,88927,38.505041,80.113544,43,28382,660.046512,A
2015-10-29T00:57:30+00:00,serverip,UBVKQ,33326,-64.675295,-57.569512,399,60933,152.714286,N
2015-12-06T02:23:47+00:00,serverip,HRNYO,62410,82.700458,-39.550516,664,45583,68.649096,L
2015-06-28T13:58:47+00:00,serverip,ADOQZ,49272,-33.622483,6.611376,613,81578,133.079935,S
2016-01-17T00:24:30+00:00,serverip,MOXAO,20911,-5.217061,148.050237,919,94894,103.257889,F
2015-05-30T13:14:22+00:00,serverip,IJMHI,48507,-43.627489,-65.848763,777,18803,24.199485,F
2015-06-28T15:19:22+00:00,serverip,DYXOV,86435,-74.104255,-90.864220,431,42815,99.338747,E
2016-05-18T16:30:27+00:00,serverip,QUOYY,98606,-8.782315,-114.789150,57,60115,1054.649123,E
2015-03-11T05:41:13+00:00,serverip,AKDHL,69147,81.257034,129.946006,156,8365,53.621795,J
2015-08-06T08:18:28+00:00,serverip,QLIFM,40530,-19.067635,30.168219,692,18955,27.391618,O
2015-03-20T16:59:54+00:00,serverip,TYHPN,50135,67.493198,146.921460,540,44812,82.985185,A
2015-07-25T23:42:34+00:00,serverip,HIXDA,39489,-23.418360,-79.742029,990,88518,89.412121,D
2015-08-04T04:36:13+00:00,serverip,RCCHG,61188,53.929185,-75.327760,392,23812,60.744898,G
2015-10-31T03:59:02+00:00,serverip,EJFYI,43922,-57.458183,-43.084997,335,65597,195.811940,T
2015-07-18T04:29:34+00:00,serverip,WSTVB,39048,-12.096865,-160.646174,73,34898,478.054795,T
2015-10-08T12:24:17+00:00,serverip,OUEQD,57798,-35.526346,-66.088901,47,54708,1164.000000,U
2016-05-22T04:14:03+00:00,serverip,QYQBB,60992,78.046647,-41.034841,727,24646,33.900963,H
2015-12-03T12:57:06+00:00,serverip,WTHWI,50875,62.107931,-9.506168,345,70190,203.449275,Z
2016-01-31T18:27:17+00:00,serverip,ITVHX,37840,5.281608,94.079688,15,1637,109.133333,P
2015-02-14T23:10:21+00:00,serverip,IOFIQ,63107,2.137108,37.780441,22,33546,1524.818182,Z
2015-02-13T09:33:04+00:00,serverip,RJOBH,74121,-34.214080,-10.758136,309,68115,220.436893,V
2015-07-02T20:54:13+00:00,serverip,XFEWT,36369,-5.750579,157.975006,896,62759,70.043527,J
2015-08-06T16:28:24+00:00,serverip,AAVIM,74800,76.361204,-54.954212,159,4763,29.955975,E
2015-11-06T00:52:09+00:00,serverip,VHBPJ,55339,53.366623,26.474703,122,84918,696.049180,D
2015-05-06T09:59:22+00:00,serverip,DAKXJ,55583,-27.484818,21.241974,138,25536,185.043478,S
2015-03-24T04:00:32+00:00,serverip,EXMRQ,21461,-23.264769,61.617632,163,93123,571.306748,D
2015-10-26T04:00:53+00:00,serverip,FIELJ,83036,40.475932,95.020209,529,89769,169.695652,C
2016-05-21T09:03:18+00:00,serverip,BEBKX,61239,40.570572,125.105090,30,80673,2689.100000,L
2015-01-03T13:24:14+00:00,serverip,YUKRO,14141,-40.119038,-64.564103,818,49539,60.561125,C
2015-04-06T10:54:16+00:00,serverip,UTWUD,27260,51.792373,-148.875059,359,96248,268.100279,D
2016-02-28T07:00:31+00:00,serverip,PKGEF,67091,63.623843,-23.177632,664,79039,119.034639,O
2015-07-19T05:08:44+00:00,serverip,TUMLA,81313,-12.644573,116.101475,630,90946,144.358730,U
2015-03-19T07:05:09+00:00,serverip,WIZMD,58404,-53.025361,28.964407,702,98654,140.532764,H
2016-02-28T20:19:16+00:00,serverip,VRLXQ,24195,-37.696678,-139.470282,423,93961,222.130024,A
2015-10-24T14:30:45+00:00,serverip,EIJBR,99495,-66.504201,-179.084936,417,18775,45.023981,Y
2016-05-01T12:03:14+00:00,serverip,QLJXR,60230,-74.121424,-81.808131,912,44739,49.055921,L
2015-06-10T23:35:33+00:00,serverip,DGOBX,81463,59.851054,-167.399137,752,85752,114.031915,P
2015-11-22T17:46:26+00:00,serverip,MSTEC,66180,-23.819191,-27.313244,292,8502,29.116438,A
2015-07-14T22:55:17+00:00,serverip,HQBWF,96777,-74.274687,-15.453778,70,38521,5503.000000,W
2015-09-03T04:47:31+00:00,serverip,ACYNP,18421,-2.443181,55.539255,692,10383,15.004335,K
2015-01-13T19:17:36+00:00,serverip,GSWOZ,75388,72.445956,-67.070671,656,28660,43.689024,N
2016-01-28T03:40:28+00:00,serverip,YMAYL,37234,-48.224922,-105.351327,917,99577,1085.899673,J
2015-12-02T23:09:34+00:00,serverip,HKYUA,20860,-10.429827,-150.533726,219,73767,336.835616,C
2015-08-31T20:44:43+00:00,serverip,HSPJD,57493,-73.687946,82.965266,737,39742,53.924016,P
2015-09-20T11:54:05+00:00,serverip,PUZHL,43623,-7.285009,-145.960610,318,35547,111.783019,X
2016-04-25T06:31:34+00:00,serverip,LOOHQ,15518,-9.982058,75.805280,912,41640,45.657895,Z
2015-01-01T08:45:17+00:00,serverip,QHXUW,89910,12.835674,-137.295364,68,62347,916.867647,K
2016-02-08T12:59:38+00:00,serverip,MLHRJ,76234,85.107485,53.439634,647,25084,38.769706,Y
2015-02-18T09:35:41+00:00,serverip,LFZKV,32412,-81.317307,-173.643677,599,90064,150.357262,M
2016-03-21T21:48:28+00:00,serverip,HKULV,24025,-48.962380,172.988302,484,23157,47.845041,S
2016-01-09T15:43:57+00:00,serverip,ZRGCS,25744,39.750862,-108.556568,48,2482,51.708333,X
2015-10-16T13:30:28+00:00,serverip,QSELP,36054,45.776218,118.656328,57,98856,1734.315789,Y
2015-09-26T20:32:36+00:00,serverip,ITFRP,23565,-9.678474,82.088262,863,93622,108.484357,I
2016-02-12T23:07:15+00:00,serverip,GIRQI,88059,-61.176267,-53.377912,318,1531,48.144654,B
2015-08-09T03:29:34+00:00,serverip,ZWEBW,57960,52.451172,-149.019160,639,51306,80.291080,F
2015-06-22T06:37:20+00:00,serverip,WCFDO,81014,-53.311783,-178.355260,372,86566,232.704301,E
2015-04-29T00:02:11+00:00,serverip,XRHBV,48514,60.698963,148.749117,21,6700,319.047619,Y
2015-07-29T00:01:24+00:00,serverip,TTSCV,66207,85.204068,-80.678155,738,1336,1.810298,E
2015-05-11T16:12:37+00:00,serverip,AYUFY,52568,-49.731493,-116.585817,928,68036,73.314655,K
2015-05-02T22:52:29+00:00,serverip,WJHOZ,56464,85.663050,-157.183311,856,77373,90.389019,F
2015-08-28T23:17:23+00:00,serverip,PIXVM,50915,-6.442903,55.635962,632,53469,84.602848,Z
2015-04-17T20:11:02+00:00,serverip,QIVNS,75299,-3.824011,166.366411,736,30108,40.907609,G
2016-04-20T00:43:51+00:00,serverip,IDXSF,47516,86.310348,-80.386633,873,58009,66.447881,M
2015-01-23T11:41:22+00:00,serverip,XYZYE,35477,66.616171,-85.991916,524,91886,175.354962,W
2016-04-12T04:54:54+00:00,serverip,XNQVY,45546,-23.196357,167.597079,56,15962,285.035714,Y
2015-09-19T20:57:34+00:00,serverip,IGATF,86243,-6.095160,170.576220,734,63779,86.892371,O
2015-09-03T15:58:45+00:00,serverip,FKQYP,58299,77.742331,135.107785,577,18233,31.599653,M
2015-10-06T05:53:47+00:00,serverip,BZVWR,87224,-51.990914,154.809036,427,85178,199.480094,V
2015-12-29T15:24:11+00:00,serverip,LXHPS,31799,74.639784,36.847105,167,89113,533.610778,D
2015-11-17T10:23:56+00:00,serverip,LAENW,43567,-34.345163,-22.151444,149,10443,70.087248,R
2015-01-22T18:22:40+00:00,serverip,GWVIP,56145,-63.019594,83.191838,340,97719,287.408824,Z
2015-01-28T09:12:44+00:00,serverip,UBHOQ,25726,6.786611,-35.137983,680,63368,93.188235,B
2015-11-24T06:09:57+00:00,serverip,SYVPQ,80623,-58.030075,-119.651855,225,10083,44.813333,Q
2015-05-26T02:32:25+00:00,serverip,VYPSE,93551,-10.075581,4.610044,820,95027,115.886585,B
2015-05-01T03:27:31+00:00,serverip,HEWTR,95629,-13.297010,-40.377272,779,4602,5.907574,V
2016-05-27T02:40:17+00:00,serverip,LUSEZ,28919,-50.632660,129.179378,476,65718,138.063025,P
2015-09-07T06:56:52+00:00,serverip,WNYDD,79469,-9.670744,111.123102,936,96942,103.570513,D
2016-05-20T14:38:20+00:00,serverip,DURQF,15510,53.366175,132.604495,286,74666,261.069930,R
2016-02-06T13:11:05+00:00,serverip,QKKNX,74339,72.744923,120.127353,854,36113,42.286885,K
2015-02-08T23:50:09+00:00,serverip,KJWBX,27676,-25.542566,82.049963,81,77141,952.358025,O
2015-02-23T04:47:41+00:00,serverip,YQHBC,52555,-56.161519,117.043139,459,10499,22.873638,O
2015-10-01T06:39:54+00:00,serverip,DVRQL,28552,3.475016,101.037022,688,70039,101.800872,I
2016-03-28T20:44:28+00:00,serverip,ULUWD,10993,-2.672758,-99.676057,440,39305,89.329545,J
2015-09-17T08:15:57+00:00,serverip,UJBUU,12289,-0.739334,-149.459582,19,95673,5035.421053,A
2016-01-15T16:46:43+00:00,serverip,EIDIF,18143,-13.153927,116.793735,881,55114,62.558456,K
2016-04-07T08:24:20+00:00,serverip,ZUHVC,19918,-6.735989,96.165273,583,62970,108.010292,W
2015-04-11T06:51:03+00:00,serverip,SIUZR,37676,53.662973,-142.306980,922,34727,37.664859,R
2016-05-11T20:49:10+00:00,serverip,AXKNC,69086,87.843509,131.583585,539,95566,177.302412,I
2016-02-14T17:40:44+00:00,serverip,EJGVC,85611,28.862412,-111.860568,973,94211,96.825283,C
2015-01-28T13:21:19+00:00,serverip,EIFUY,44617,38.670508,-119.459762,467,54728,117.190578,S
2016-04-08T09:27:51+00:00,serverip,ABKIG,28593,66.034935,-106.684208,242,25484,105.305785,I
2016-05-07T22:31:36+00:00,serverip,DGXVW,43734,1.513081,-69.964254,298,77943,261.553691,Y
2016-03-10T23:33:52+00:00,serverip,USIXY,69838,-54.779174,42.401711,436,5691,130.527523,R
2016-05-22T09:28:19+00:00,serverip,SSBWN,45805,-76.395112,-45.260956,907,36053,39.749724,J
2015-07-24T22:23:18+00:00,serverip,CSWJG,68403,8.516696,168.205834,171,29879,174.730994,U
2016-06-02T09:17:23+00:00,serverip,SMWVK,77950,-40.608874,55.426175,268,63706,237.708955,N
2016-02-25T07:45:18+00:00,serverip,SHEPH,41765,72.873015,179.913013,461,55428,120.234273,U
2015-08-26T13:22:25+00:00,serverip,PSRFP,94781,0.482201,-9.569883,300,31356,104.520000,R
2016-03-22T13:53:11+00:00,serverip,ZAORY,41560,-67.810293,128.984660,190,69390,365.210526,F
2015-06-24T00:34:45+00:00,serverip,HVINS,74528,35.809729,72.467454,807,89585,111.009913,J
2015-10-05T08:49:42+00:00,serverip,JQVMR,90461,-45.349489,-25.934188,847,5716,6.748524,Z
2015-08-06T18:14:05+00:00,serverip,HQAOX,97224,-33.863980,41.309484,634,43595,68.761830,R
2016-04-03T15:41:33+00:00,serverip,RLPIL,11491,-32.029255,24.804475,362,96137,265.571823,Y
2015-12-04T04:19:32+00:00,serverip,AYYPU,18225,-72.222518,27.851716,190,90525,476.447368,J
2016-01-17T13:45:27+00:00,serverip,OKSQJ,46786,-62.642948,-146.785079,118,88999,754.228814,R
2016-05-25T14:49:55+00:00,serverip,THHZP,24401,-77.067757,24.480951,672,39463,58.724702,Z
2015-09-03T04:08:40+00:00,serverip,WRLRQ,35256,67.389531,48.030850,427,41155,96.381733,A
2015-11-30T19:30:38+00:00,serverip,IGAYW,91968,-67.303651,-16.063622,750,66443,88.590667,G
2015-08-19T06:23:07+00:00,serverip,PUWYI,31722,-71.318398,-51.722241,447,85782,191.906040,X
2015-09-07T23:15:41+00:00,serverip,UFHYH,10694,49.921752,-65.813397,107,90333,844.233645,E
2016-03-25T07:37:40+00:00,serverip,LRBKR,28316,-29.757875,30.642698,835,39264,47.022754,J
2016-01-07T09:03:38+00:00,serverip,GMAAY,38202,-31.587159,170.629832,961,43627,45.397503,H
2015-02-20T15:26:35+00:00,serverip,XRTTP,52875,15.027135,143.325491,479,95009,198.348643,N
2015-12-23T20:25:41+00:00,serverip,XYJDW,41603,19.495719,125.049814,568,90784,1598.309859,Q
2015-12-24T14:30:43+00:00,serverip,DMZDN,55531,74.154368,-70.254841,366,79123,2161.830601,G
2016-02-22T20:54:56+00:00,serverip,IRVAQ,61775,63.911605,149.709428,15,84149,5609.933333,H
2016-02-20T05:55:57+00:00,serverip,SBVAC,12146,-17.379304,164.929023,789,30719,38.934094,P
2016-05-13T08:49:50+00:00,serverip,KIFWX,85330,19.379935,154.826111,42,91529,2179.261905,R
2016-03-15T22:37:51+00:00,serverip,KDMQP,16743,-20.797857,65.330240,682,52741,77.332845,F
2015-12-31T22:40:23+00:00,serverip,NAFEE,51503,-88.161673,-121.610304,205,37806,184.419512,B
2016-01-14T14:39:00+00:00,serverip,LXLKV,60548,25.224328,104.435203,699,10280,14.706724,X
2015-09-28T12:23:49+00:00,serverip,QMJYD,55536,50.787462,-46.072541,167,24251,145.215569,U
2015-03-02T11:19:24+00:00,serverip,FXMRH,49169,43.996319,89.925153,775,75036,96.820645,X
2015-05-22T20:00:29+00:00,serverip,WHYUV,71603,-80.873426,-17.943332,207,59542,287.642512,N
2015-05-10T12:52:36+00:00,serverip,XTQWI,37908,19.934670,-92.017729,894,78871,88.222595,Q
2015-11-03T14:16:55+00:00,serverip,MAIAJ,63488,-34.407590,-159.842372,295,41398,140.332203,U
2015-01-31T03:49:21+00:00,serverip,FSWYI,28381,30.920083,142.752790,927,74869,80.764833,E
2015-09-04T02:03:55+00:00,serverip,JYEQB,13579,49.025404,65.595868,762,43406,56.963255,M
2015-07-31T02:34:56+00:00,serverip,ZCVPX,75977,-1.222698,-63.588307,917,67770,73.904035,M
2016-04-19T13:24:23+00:00,serverip,IYNUL,37426,46.913072,-19.590407,453,61478,135.713024,B
2015-12-28T03:25:46+00:00,serverip,OPZTV,52109,-74.545025,-110.643575,360,45326,125.905556,C
2015-06-13T05:24:35+00:00,serverip,SIYPM,13030,-49.293857,-57.220186,472,1671,3.540254,A
2015-07-26T07:02:28+00:00,serverip,WZAYN,74406,-37.757751,132.092592,48,38216,796.166667,P
2015-01-11T01:53:08+00:00,serverip,APBAT,15280,-13.683440,-172.719351,10,92268,9226.800000,V
2015-12-30T21:05:51+00:00,serverip,ATCFG,80179,-33.726056,-44.633994,466,26390,56.630901,O
2015-09-04T21:23:28+00:00,serverip,XSQVM,12922,-83.194512,28.073813,771,20332,26.370947,O
2016-04-07T09:35:04+00:00,serverip,DQIYQ,93686,9.050188,119.654386,606,24998,41.250825,U
2015-11-16T12:44:31+00:00,serverip,TYFPM,88913,-37.742279,10.869156,116,19333,166.663793,K
2016-02-11T02:15:22+00:00,serverip,HGLFX,73920,-57.394697,35.129896,328,3454,10.530488,P
2015-12-22T09:39:59+00:00,serverip,JYRGF,74041,-58.735756,-145.505085,815,35191,43.179141,R
2015-01-06T18:01:38+00:00,serverip,KXMUX,52274,0.120942,-56.408974,325,83729,2576.276923,B
2015-11-30T04:51:26+00:00,serverip,FXIOP,88405,15.309165,-46.813130,228,8528,37.403509,A
2015-03-18T21:07:31+00:00,serverip,FVHYS,42433,78.364569,-108.862618,308,84412,274.064935,U
2016-03-19T15:10:55+00:00,serverip,EAKVA,19161,-33.631666,116.173163,65,2374,36.523077,S
2016-02-07T02:42:42+00:00,serverip,ERKHC,94217,-88.847447,41.522784,640,46314,72.365625,N
2015-09-24T10:10:26+00:00,serverip,RLVKE,87716,86.393539,162.411649,501,99975,199.550898,A
2016-02-07T21:07:30+00:00,serverip,NMWSG,88349,66.404704,126.809736,552,12301,22.284420,Z
2015-05-30T14:56:43+00:00,serverip,XIIDQ,81797,3.356066,-158.069777,158,62867,397.892405,U
2015-04-15T13:35:25+00:00,serverip,PNJSG,93283,-81.144982,-0.617880,819,87538,106.884005,R
2016-02-14T00:39:48+00:00,serverip,GNVBT,16276,14.315396,-57.064306,949,47699,50.262381,Y
2016-02-06T09:30:42+00:00,serverip,ETBWC,50306,76.869451,-79.024394,312,78945,253.028846,T
2015-07-14T05:26:38+00:00,serverip,NSMOD,94675,-32.604128,-103.234018,963,29600,30.737279,H
2015-11-27T06:58:59+00:00,serverip,MDBRI,99400,-86.606529,14.706985,788,60431,76.689086,T
2016-01-01T21:08:55+00:00,serverip,IKNSB,41517,31.172887,54.471769,93,55256,594.150538,D
2015-12-09T12:03:04+00:00,serverip,XXIVN,34085,-80.279558,-10.978266,869,3041,3.499425,D
2015-07-01T22:53:32+00:00,serverip,VRLCT,84190,-62.735789,169.952456,248,6866,276.854839,I
2015-10-29T03:46:22+00:00,serverip,TNKLI,21787,-76.222751,-70.021229,610,72139,118.260656,B
2015-06-05T23:46:45+00:00,serverip,WLDZK,63049,67.078360,36.908777,344,75497,219.468023,P
2015-04-13T22:28:12+00:00,serverip,RKBJS,10915,-40.849796,46.134671,414,87208,210.647343,J
2016-01-07T10:38:35+00:00,serverip,WKURQ,61035,-36.861235,0.328672,268,8957,33.421642,E
2015-08-23T18:10:02+00:00,serverip,GGRJX,52036,-37.039905,26.266567,247,41927,169.744939,G
2015-04-06T05:58:59+00:00,serverip,IJPZI,28570,-28.784354,-17.201372,88,41206,468.250000,R
2015-12-24T18:33:30+00:00,serverip,ETQIK,79523,-74.433013,153.873561,178,8584,48.224719,G
2016-04-03T10:29:13+00:00,serverip,ACNEI,34495,-86.261796,161.090407,793,63811,80.467844,J
2015-12-28T19:11:49+00:00,serverip,GZBSM,34040,86.386901,26.750842,432,72526,167.884259,B
2016-01-04T08:04:51+00:00,serverip,IHNDU,91289,87.546383,-84.389511,879,42106,47.902162,Z
2015-12-10T14:40:09+00:00,serverip,KNTXL,36711,49.684644,-59.482412,143,59702,417.496503,T
2015-11-09T16:26:20+00:00,serverip,DCIXU,64359,30.013751,169.269328,302,78056,258.463576,L
2016-01-06T08:46:07+00:00,serverip,LYQJU,12934,-73.839216,-153.057921,377,84336,223.702918,M
2016-05-23T22:56:34+00:00,serverip,RJPIA,80009,69.493491,109.339798,390,58853,150.905128,B
2015-06-06T21:17:23+00:00,serverip,RKEZU,85244,-71.835074,-7.707006,535,68564,128.157009,X
2016-04-30T12:04:12+00:00,serverip,KNHVD,36961,-30.241006,-154.956672,529,46101,87.147448,A
2015-10-28T01:58:16+00:00,serverip,CUFPW,67580,10.423477,-112.325735,243,14014,57.670782,X
2015-01-25T02:08:42+00:00,serverip,DFPFU,32260,-42.800752,49.391552,383,34461,89.976501,J
2016-03-16T03:15:41+00:00,serverip,KSHNR,94111,-64.816138,-160.642754,973,49889,51.273381,Z
2016-03-14T19:01:38+00:00,serverip,UFWTQ,79911,-67.053457,1.090365,394,96600,245.177665,T
2015-12-07T06:56:45+00:00,serverip,XWFSC,73097,-88.009273,-83.913988,561,52508,93.597148,C
2015-07-12T04:52:17+00:00,serverip,YQBTV,52762,-8.270809,-89.031816,698,8882,12.724928,O
2016-03-02T22:58:45+00:00,serverip,BSTYV,93018,-48.038197,-87.707955,728,56744,77.945055,T
2015-02-12T22:23:07+00:00,serverip,GALYK,11199,51.113562,-100.970984,71,3260,45.915493,G
2015-08-04T08:36:37+00:00,serverip,FRIJE,78133,-43.321995,154.724637,43,66109,1537.418605,U
2015-02-12T18:34:11+00:00,serverip,CXRMQ,70501,39.494936,-137.863545,638,97210,152.366771,L
2015-08-04T10:51:02+00:00,serverip,MQLUX,27474,1.277557,177.001172,544,4126,7.584559,X
2015-09-15T04:41:29+00:00,serverip,XXYAA,91380,-26.389464,-135.354261,197,54102,274.629442,B
2015-01-20T10:02:44+00:00,serverip,ZWYGB,96821,-57.342402,-154.177064,755,76369,101.150993,F
2016-01-13T02:50:50+00:00,serverip,OZEUQ,34298,-87.031083,-151.160414,868,94022,108.320276,T
2015-06-28T17:46:31+00:00,serverip,QBOSN,44502,37.374748,-24.125847,873,26464,30.313860,Q
2016-04-11T22:17:40+00:00,serverip,HDGFZ,16752,-58.331973,-8.507453,311,19180,61.672026,T
2015-11-02T19:25:20+00:00,serverip,IESDQ,99631,30.330882,161.246294,958,29503,30.796451,C
2016-02-21T12:32:28+00:00,serverip,BKEBQ,84734,44.771045,-8.124435,71,78984,1112.450704,X
2016-03-30T06:03:13+00:00,serverip,RYSST,43571,-77.005193,1.097023,474,63476,133.915612,Q
2015-06-06T15:38:36+00:00,serverip,TVGGO,87599,-62.142644,131.394816,155,81449,525.477419,R
2015-04-29T07:55:10+00:00,serverip,UTTYU,65961,6.625312,-108.098279,943,28343,30.056204,I
2015-07-16T17:42:29+00:00,serverip,XIONF,25321,-4.739464,121.500186,509,76040,149.390963,Y
2016-03-26T02:51:18+00:00,serverip,UWTHC,29473,-32.400794,-131.778439,578,65302,112.979239,V
2015-06-13T15:48:30+00:00,serverip,CLHQV,34478,-64.151891,-19.940872,256,79719,311.402344,W
2015-06-10T09:37:14+00:00,serverip,ZQHTB,94589,81.205419,-166.796241,936,90665,96.864316,F
2016-02-05T07:02:41+00:00,serverip,CAPZU,82065,-45.305607,-162.570131,947,10632,11.227033,B
2015-05-27T20:58:23+00:00,serverip,AXDNP,49355,-65.530280,123.419836,284,57332,201.873239,Y
2015-03-03T15:29:43+00:00,serverip,XDXRL,22349,-3.795326,-40.703896,189,19675,104.100529,Y
2015-02-07T22:03:35+00:00,serverip,EACCZ,36584,70.599067,38.482764,150,75349,5023.266667,B
2016-04-01T11:27:18+00:00,serverip,DOBKU,53816,88.425947,-151.394898,664,53912,81.192771,C
2015-10-17T01:11:44+00:00,serverip,EVYUM,74591,55.167926,-99.699196,44,3070,69.772727,G
2015-02-12T06:31:15+00:00,serverip,XUSBQ,59551,-77.941659,35.160882,326,42739,131.101227,W
2016-03-06T04:08:15+00:00,serverip,CZKJK,19373,-73.915771,-123.615671,46,35195,765.108696,Z
2015-06-04T00:26:59+00:00,serverip,IYAEB,65206,41.814768,-137.008096,552,32109,581.684783,V
2015-07-13T13:37:30+00:00,serverip,ACJRQ,21654,-80.902722,2.785586,508,76285,150.167323,A
2015-08-19T16:10:49+00:00,serverip,TIURO,33888,74.801339,31.013483,942,6353,6.744161,I
2015-03-12T01:41:25+00:00,serverip,PLASO,74885,27.754088,110.039402,372,59445,159.798387,R
2015-08-19T13:18:06+00:00,serverip,WRKII,95617,53.455498,-105.929551,781,73359,93.929577,H
2015-04-23T10:43:39+00:00,serverip,YOMPA,97096,88.593225,104.621648,84,10996,130.904762,E
2016-05-25T09:32:36+00:00,serverip,IDVOA,89496,-85.080987,-29.014925,996,1537,1.543173,I
2015-07-05T13:18:01+00:00,serverip,KYVWA,69069,-70.125743,-28.562501,420,36050,85.833333,R
2016-04-02T07:25:10+00:00,serverip,TRPVM,19535,88.464602,87.929471,98,93132,950.326531,S
2015-04-30T10:14:45+00:00,serverip,GRVCJ,37945,42.358384,125.448721,608,49718,81.773026,I
2015-01-09T02:24:41+00:00,serverip,MXBQW,18824,26.800222,19.986177,291,95703,328.876289,R
2015-09-21T10:17:32+00:00,serverip,YPFXD,19142,58.766220,-145.902010,951,3246,3.413249,U
2016-02-29T18:21:30+00:00,serverip,AXANJ,25520,1.461193,-141.794443,116,8680,74.827586,L
2015-10-11T06:28:15+00:00,serverip,MHERK,76179,35.526439,9.118293,341,88471,259.445748,G
2015-07-18T15:11:42+00:00,serverip,HGWML,29324,87.009231,-150.654687,138,75726,548.739130,O
2015-06-28T11:16:01+00:00,serverip,QDICK,31642,-11.368278,-20.222350,913,99549,109.035049,V
2015-01-11T01:50:21+00:00,serverip,EJJMA,71290,50.429561,80.363740,817,93464,114.399021,J
2015-09-20T20:16:42+00:00,serverip,VDITC,16399,-35.577129,-120.091564,197,72211,366.553299,R
2015-08-19T00:41:59+00:00,serverip,BYPZQ,94034,-54.679127,99.326940,762,47054,61.750656,K
2015-08-11T02:23:41+00:00,serverip,CIWQN,37221,-74.132260,150.081374,56,48382,863.964286,X
2015-02-10T06:12:32+00:00,serverip,AUVTJ,30374,47.658224,96.610069,671,37223,55.473920,R
2015-12-18T18:52:11+00:00,serverip,HPWRO,60536,-74.190735,-95.431745,194,7927,40.860825,N
2015-05-31T03:17:31+00:00,serverip,JVDFO,25456,-68.358382,122.932416,577,83817,145.263432,S
2015-06-16T16:42:10+00:00,serverip,BQPJV,91210,35.068175,-43.763521,724,15610,21.560773,E
2016-02-03T04:21:53+00:00,serverip,HXMBO,24578,32.907777,96.721497,163,81497,499.981595,W
2015-05-13T06:38:44+00:00,serverip,ZPAQT,85559,-13.644417,-136.541211,840,96031,114.322619,D
2015-02-01T01:02:11+00:00,serverip,JSZOF,41152,48.328045,-68.143908,675,60080,89.007407,J
2015-06-23T13:51:50+00:00,serverip,KDOPF,62083,-59.284226,128.569728,776,80933,104.295103,V
2016-03-14T00:02:20+00:00,serverip,LSVYA,96023,-75.426288,-160.421752,678,68486,101.011799,J
2015-01-20T19:41:36+00:00,serverip,EJRXJ,30239,62.120788,-60.174169,319,97641,306.084639,I
2015-08-13T04:41:45+00:00,serverip,STSJC,68183,-42.684387,124.787375,139,18920,136.115108,N
2015-12-10T03:56:47+00:00,serverip,DDROP,52507,-69.093335,-17.179416,605,54016,89.282645,J
2016-05-07T12:53:59+00:00,serverip,SXGQN,84743,87.819326,3.510712,855,27283,31.909942,S
2016-03-08T20:43:22+00:00,serverip,XUYSZ,24638,36.421433,-76.554585,989,54044,54.645096,M
2015-09-22T10:49:55+00:00,serverip,EBDMC,48784,52.686748,1.952675,825,4027,4.881212,O
2016-04-11T17:59:06+00:00,serverip,SOARH,24620,-25.592565,-151.427102,239,9796,40.987448,M
2015-10-13T09:53:23+00:00,serverip,PMOBZ,34269,-83.729274,18.316114,169,43358,256.556213,X
2015-02-07T03:16:02+00:00,serverip,ZLDAY,14086,-59.012050,-137.256915,161,30999,192.540373,I
2015-07-22T23:50:47+00:00,serverip,MSWLB,92001,-83.736051,71.120112,13,68189,5245.307692,O
2015-10-08T09:46:27+00:00,serverip,SODUX,23013,17.808753,65.908372,370,63870,172.621622,Z
2016-02-26T07:37:15+00:00,serverip,HTYVY,85687,-50.282268,-123.033303,523,7121,13.615679,L
2015-07-18T20:51:11+00:00,serverip,PDWOF,12041,43.420715,14.582600,260,15142,582.384615,L
2016-05-31T05:48:16+00:00,serverip,ZBKOW,53646,20.848104,60.621287,24,36465,1519.375000,S
2016-05-09T10:27:28+00:00,serverip,OSQKH,65002,-18.949752,-68.070276,337,86659,257.148368,D
2016-05-17T06:08:07+00:00,serverip,XMMNQ,26692,63.077594,142.184595,63,12024,190.857143,K
2015-01-31T15:39:10+00:00,serverip,WYQAO,43417,81.685023,-33.019915,229,94728,413.659389,K
2015-10-14T21:13:18+00:00,serverip,DUKFM,77308,-68.415101,-89.346698,440,16089,36.565909,S
2015-01-04T10:10:51+00:00,serverip,NPDYL,23308,-41.527254,-29.751703,456,61720,135.350877,Z
2016-01-20T01:09:09+00:00,serverip,PBRTW,39567,-34.830477,61.034852,773,60308,78.018111,H
2015-01-02T16:45:09+00:00,serverip,QAJRE,97349,9.915895,92.485807,965,94065,97.476684,H
2016-01-28T01:38:32+00:00,serverip,CWQVP,36832,0.004613,36.603160,883,13091,14.825595,A
2015-01-17T05:31:08+00:00,serverip,ZYIUY,75694,87.809794,121.027588,784,67569,86.184949,K
2015-01-16T11:16:06+00:00,serverip,QOKOF,13273,-23.444416,-12.124884,222,24057,108.364865,Y
2015-09-25T20:16:24+00:00,serverip,TEQGV,16236,65.261559,-75.898208,703,45986,65.413940,P
2015-07-02T20:09:56+00:00,serverip,SWVMW,71945,-0.158095,21.013648,490,48045,98.051020,Z
2016-02-04T17:32:29+00:00,serverip,SJCPG,73330,-51.680887,-90.604395,320,57317,179.115625,Q
2016-03-16T10:26:40+00:00,serverip,YGASF,83642,82.946889,101.958048,961,98595,102.596254,J
2015-10-05T02:27:32+00:00,serverip,VLDWV,84684,-50.026724,-111.831038,713,63025,88.394109,Q
2015-08-03T23:55:49+00:00,serverip,WKMOH,28339,-75.415621,119.695172,19,80841,4254.789474,V
2016-02-03T13:47:48+00:00,serverip,KTPJC,74930,-73.067087,-156.227574,662,83782,126.558912,F
2015-10-06T02:40:34+00:00,serverip,CIMYR,54916,66.134189,95.487685,646,32579,50.431889,N
2016-05-27T18:53:58+00:00,serverip,BUUDG,17896,-14.037395,46.432121,167,84233,504.389222,S
2016-05-14T02:22:58+00:00,serverip,VSKFH,39290,-27.564060,-90.041969,891,17933,20.126824,K
2015-04-06T00:03:35+00:00,serverip,HIXVX,22732,-66.956209,53.217737,754,46254,61.344828,S
2015-03-12T13:08:52+00:00,serverip,BRHUW,44338,26.782982,142.306818,775,26645,34.380645,P
2016-01-26T00:04:01+00:00,serverip,WIPSY,62609,-28.267772,31.575328,254,53705,211.437008,F
2015-08-05T13:13:40+00:00,serverip,RHTJX,37167,-24.900294,-118.897819,729,96917,132.945130,P
2015-10-06T17:48:27+00:00,serverip,OTGEX,52320,8.954128,-88.640986,192,17977,93.630208,E
2016-04-27T12:45:40+00:00,serverip,AIAKN,13852,-31.602351,-82.396670,177,81129,458.355932,K
2015-03-01T21:21:05+00:00,serverip,ICPZW,88410,41.304509,-174.080792,773,12025,15.556274,T
2015-10-05T11:31:53+00:00,serverip,QLZWD,72210,85.883498,112.951072,597,2030,3.400335,A
2016-03-09T02:11:54+00:00,serverip,QTHBW,14781,-5.409026,-93.405824,293,9063,30.931741,Z
